mode: atomic
github.com/FabianSchurig/bitbucket-cli/cmd/bb-cli/main.go:34.27,36.2 1 10
github.com/FabianSchurig/bitbucket-cli/cmd/bb-cli/main.go:38.13,39.47 1 0
github.com/FabianSchurig/bitbucket-cli/cmd/bb-cli/main.go:39.47,42.3 2 0
github.com/FabianSchurig/bitbucket-cli/cmd/bb-cli/main.go:45.34,140.2 46 9
github.com/FabianSchurig/bitbucket-cli/cmd/bb-cli/main.go:142.41,177.2 7 10
github.com/FabianSchurig/bitbucket-cli/cmd/bb-mcp/main.go:55.13,65.16 8 0
github.com/FabianSchurig/bitbucket-cli/cmd/bb-mcp/main.go:65.16,67.3 1 0
github.com/FabianSchurig/bitbucket-cli/cmd/bb-mcp/main.go:69.2,84.20 5 0
github.com/FabianSchurig/bitbucket-cli/cmd/bb-mcp/main.go:85.15,86.64 1 0
github.com/FabianSchurig/bitbucket-cli/cmd/bb-mcp/main.go:86.64,88.4 1 0
github.com/FabianSchurig/bitbucket-cli/cmd/bb-mcp/main.go:89.13,90.77 1 0
github.com/FabianSchurig/bitbucket-cli/cmd/bb-mcp/main.go:90.77,92.4 1 0
github.com/FabianSchurig/bitbucket-cli/cmd/bb-mcp/main.go:93.3,94.61 2 0
github.com/FabianSchurig/bitbucket-cli/cmd/bb-mcp/main.go:94.61,96.4 1 0
github.com/FabianSchurig/bitbucket-cli/cmd/bb-mcp/main.go:97.10,98.70 1 0
github.com/FabianSchurig/bitbucket-cli/cmd/bb-mcp/main.go:102.63,103.47 1 5
github.com/FabianSchurig/bitbucket-cli/cmd/bb-mcp/main.go:103.47,105.36 1 105
github.com/FabianSchurig/bitbucket-cli/cmd/bb-mcp/main.go:105.36,106.12 1 2
github.com/FabianSchurig/bitbucket-cli/cmd/bb-mcp/main.go:110.3,111.36 2 103
github.com/FabianSchurig/bitbucket-cli/cmd/bb-mcp/main.go:111.36,112.12 1 0
github.com/FabianSchurig/bitbucket-cli/cmd/bb-mcp/main.go:116.3,116.59 1 103
github.com/FabianSchurig/bitbucket-cli/cmd/bb-mcp/main.go:116.59,117.34 1 1
github.com/FabianSchurig/bitbucket-cli/cmd/bb-mcp/main.go:117.34,119.5 1 1
github.com/FabianSchurig/bitbucket-cli/cmd/bb-mcp/main.go:121.4,121.43 1 1
github.com/FabianSchurig/bitbucket-cli/cmd/bb-mcp/main.go:121.43,122.98 1 37
github.com/FabianSchurig/bitbucket-cli/cmd/bb-mcp/main.go:122.98,124.6 1 0
github.com/FabianSchurig/bitbucket-cli/cmd/bb-mcp/main.go:128.3,128.47 1 103
github.com/FabianSchurig/bitbucket-cli/internal/client/auth.go:58.37,66.2 1 4
github.com/FabianSchurig/bitbucket-cli/internal/client/auth.go:77.108,79.16 2 5
github.com/FabianSchurig/bitbucket-cli/internal/client/auth.go:79.16,81.3 1 5
github.com/FabianSchurig/bitbucket-cli/internal/client/auth.go:82.2,90.67 2 5
github.com/FabianSchurig/bitbucket-cli/internal/client/auth.go:90.67,91.82 1 0
github.com/FabianSchurig/bitbucket-cli/internal/client/auth.go:91.82,93.4 1 0
github.com/FabianSchurig/bitbucket-cli/internal/client/auth.go:94.3,94.13 1 0
github.com/FabianSchurig/bitbucket-cli/internal/client/auth.go:97.2,99.31 3 5
github.com/FabianSchurig/bitbucket-cli/internal/client/auth.go:99.31,105.3 1 1
github.com/FabianSchurig/bitbucket-cli/internal/client/auth.go:116.2,122.8 1 4
github.com/FabianSchurig/bitbucket-cli/internal/client/auth.go:126.45,128.2 1 0
github.com/FabianSchurig/bitbucket-cli/internal/config/config.go:51.41,53.16 2 2
github.com/FabianSchurig/bitbucket-cli/internal/config/config.go:53.16,54.25 1 1
github.com/FabianSchurig/bitbucket-cli/internal/config/config.go:54.25,56.4 1 1
github.com/FabianSchurig/bitbucket-cli/internal/config/config.go:57.3,57.52 1 0
github.com/FabianSchurig/bitbucket-cli/internal/config/config.go:59.2,59.20 1 1
github.com/FabianSchurig/bitbucket-cli/internal/config/config.go:65.42,69.41 4 5
github.com/FabianSchurig/bitbucket-cli/internal/config/config.go:69.41,71.3 1 2
github.com/FabianSchurig/bitbucket-cli/internal/config/config.go:72.2,72.30 1 3
github.com/FabianSchurig/bitbucket-cli/internal/config/config.go:72.30,74.3 1 1
github.com/FabianSchurig/bitbucket-cli/internal/config/config.go:75.2,75.18 1 3
github.com/FabianSchurig/bitbucket-cli/internal/config/config.go:79.30,83.2 1 1
github.com/FabianSchurig/bitbucket-cli/internal/config/config.go:87.54,88.39 1 10
github.com/FabianSchurig/bitbucket-cli/internal/config/config.go:88.39,90.3 1 5
github.com/FabianSchurig/bitbucket-cli/internal/config/config.go:91.2,92.44 2 5
github.com/FabianSchurig/bitbucket-cli/internal/config/config.go:92.44,93.34 1 9
github.com/FabianSchurig/bitbucket-cli/internal/config/config.go:93.34,95.4 1 3
github.com/FabianSchurig/bitbucket-cli/internal/config/config.go:97.2,97.14 1 2
github.com/FabianSchurig/bitbucket-cli/internal/config/config.go:101.50,102.42 1 4
github.com/FabianSchurig/bitbucket-cli/internal/config/config.go:102.42,103.16 1 3
github.com/FabianSchurig/bitbucket-cli/internal/config/config.go:103.16,105.4 1 2
github.com/FabianSchurig/bitbucket-cli/internal/config/config.go:107.2,107.14 1 2
github.com/FabianSchurig/bitbucket-cli/internal/commands/addon.gen.go:34.39,55.2 3 0
github.com/FabianSchurig/bitbucket-cli/internal/commands/addon.gen.go:59.55,65.55 1 0
github.com/FabianSchurig/bitbucket-cli/internal/commands/addon.gen.go:65.55,69.18 4 0
github.com/FabianSchurig/bitbucket-cli/internal/commands/addon.gen.go:69.18,71.5 1 0
github.com/FabianSchurig/bitbucket-cli/internal/commands/addon.gen.go:72.4,81.6 3 0
github.com/FabianSchurig/bitbucket-cli/internal/commands/addon.gen.go:84.2,84.12 1 0
github.com/FabianSchurig/bitbucket-cli/internal/commands/addon.gen.go:89.46,95.55 1 0
github.com/FabianSchurig/bitbucket-cli/internal/commands/addon.gen.go:95.55,99.18 4 0
github.com/FabianSchurig/bitbucket-cli/internal/commands/addon.gen.go:99.18,101.5 1 0
github.com/FabianSchurig/bitbucket-cli/internal/commands/addon.gen.go:102.4,111.6 3 0
github.com/FabianSchurig/bitbucket-cli/internal/commands/addon.gen.go:114.2,114.12 1 0
github.com/FabianSchurig/bitbucket-cli/internal/commands/addon.gen.go:119.54,128.55 1 0
github.com/FabianSchurig/bitbucket-cli/internal/commands/addon.gen.go:128.55,132.18 4 0
github.com/FabianSchurig/bitbucket-cli/internal/commands/addon.gen.go:132.18,134.5 1 0
github.com/FabianSchurig/bitbucket-cli/internal/commands/addon.gen.go:135.4,144.6 3 0
github.com/FabianSchurig/bitbucket-cli/internal/commands/addon.gen.go:147.2,147.12 1 0
github.com/FabianSchurig/bitbucket-cli/internal/commands/addon.gen.go:152.53,161.55 2 0
github.com/FabianSchurig/bitbucket-cli/internal/commands/addon.gen.go:161.55,166.38 3 0
github.com/FabianSchurig/bitbucket-cli/internal/commands/addon.gen.go:166.38,168.5 1 0
github.com/FabianSchurig/bitbucket-cli/internal/commands/addon.gen.go:169.4,170.18 2 0
github.com/FabianSchurig/bitbucket-cli/internal/commands/addon.gen.go:170.18,172.5 1 0
github.com/FabianSchurig/bitbucket-cli/internal/commands/addon.gen.go:173.4,182.6 3 0
github.com/FabianSchurig/bitbucket-cli/internal/commands/addon.gen.go:185.2,186.12 2 0
github.com/FabianSchurig/bitbucket-cli/internal/commands/addon.gen.go:191.61,200.55 2 0
github.com/FabianSchurig/bitbucket-cli/internal/commands/addon.gen.go:200.55,205.38 3 0
github.com/FabianSchurig/bitbucket-cli/internal/commands/addon.gen.go:205.38,207.5 1 0
github.com/FabianSchurig/bitbucket-cli/internal/commands/addon.gen.go:208.4,209.18 2 0
github.com/FabianSchurig/bitbucket-cli/internal/commands/addon.gen.go:209.18,211.5 1 0
github.com/FabianSchurig/bitbucket-cli/internal/commands/addon.gen.go:212.4,221.6 3 0
github.com/FabianSchurig/bitbucket-cli/internal/commands/addon.gen.go:224.2,225.12 2 0
github.com/FabianSchurig/bitbucket-cli/internal/commands/addon.gen.go:230.53,239.55 2 0
github.com/FabianSchurig/bitbucket-cli/internal/commands/addon.gen.go:239.55,244.38 3 0
github.com/FabianSchurig/bitbucket-cli/internal/commands/addon.gen.go:244.38,246.5 1 0
github.com/FabianSchurig/bitbucket-cli/internal/commands/addon.gen.go:247.4,248.18 2 0
github.com/FabianSchurig/bitbucket-cli/internal/commands/addon.gen.go:248.18,250.5 1 0
github.com/FabianSchurig/bitbucket-cli/internal/commands/addon.gen.go:251.4,260.6 3 0
github.com/FabianSchurig/bitbucket-cli/internal/commands/addon.gen.go:263.2,264.12 2 0
github.com/FabianSchurig/bitbucket-cli/internal/commands/addon.gen.go:269.53,278.55 2 0
github.com/FabianSchurig/bitbucket-cli/internal/commands/addon.gen.go:278.55,283.38 3 0
github.com/FabianSchurig/bitbucket-cli/internal/commands/addon.gen.go:283.38,285.5 1 0
github.com/FabianSchurig/bitbucket-cli/internal/commands/addon.gen.go:286.4,287.18 2 0
github.com/FabianSchurig/bitbucket-cli/internal/commands/addon.gen.go:287.18,289.5 1 0
github.com/FabianSchurig/bitbucket-cli/internal/commands/addon.gen.go:290.4,299.6 3 0
github.com/FabianSchurig/bitbucket-cli/internal/commands/addon.gen.go:302.2,303.12 2 0
github.com/FabianSchurig/bitbucket-cli/internal/commands/addon.gen.go:308.56,320.55 2 0
github.com/FabianSchurig/bitbucket-cli/internal/commands/addon.gen.go:320.55,325.38 3 0
github.com/FabianSchurig/bitbucket-cli/internal/commands/addon.gen.go:325.38,327.5 1 0
github.com/FabianSchurig/bitbucket-cli/internal/commands/addon.gen.go:328.4,329.18 2 0
github.com/FabianSchurig/bitbucket-cli/internal/commands/addon.gen.go:329.18,331.5 1 0
github.com/FabianSchurig/bitbucket-cli/internal/commands/addon.gen.go:332.4,341.6 3 0
github.com/FabianSchurig/bitbucket-cli/internal/commands/addon.gen.go:344.2,345.12 2 0
github.com/FabianSchurig/bitbucket-cli/internal/commands/addon.gen.go:350.50,363.55 2 0
github.com/FabianSchurig/bitbucket-cli/internal/commands/addon.gen.go:363.55,369.38 3 0
github.com/FabianSchurig/bitbucket-cli/internal/commands/addon.gen.go:369.38,371.5 1 0
github.com/FabianSchurig/bitbucket-cli/internal/commands/addon.gen.go:372.4,372.20 1 0
github.com/FabianSchurig/bitbucket-cli/internal/commands/addon.gen.go:372.20,374.5 1 0
github.com/FabianSchurig/bitbucket-cli/internal/commands/addon.gen.go:375.4,376.18 2 0
github.com/FabianSchurig/bitbucket-cli/internal/commands/addon.gen.go:376.18,378.5 1 0
github.com/FabianSchurig/bitbucket-cli/internal/commands/addon.gen.go:379.4,388.6 3 0
github.com/FabianSchurig/bitbucket-cli/internal/commands/addon.gen.go:391.2,393.12 3 0
github.com/FabianSchurig/bitbucket-cli/internal/commands/addon.gen.go:398.53,411.55 2 0
github.com/FabianSchurig/bitbucket-cli/internal/commands/addon.gen.go:411.55,417.38 3 0
github.com/FabianSchurig/bitbucket-cli/internal/commands/addon.gen.go:417.38,419.5 1 0
github.com/FabianSchurig/bitbucket-cli/internal/commands/addon.gen.go:420.4,420.20 1 0
github.com/FabianSchurig/bitbucket-cli/internal/commands/addon.gen.go:420.20,422.5 1 0
github.com/FabianSchurig/bitbucket-cli/internal/commands/addon.gen.go:423.4,424.18 2 0
github.com/FabianSchurig/bitbucket-cli/internal/commands/addon.gen.go:424.18,426.5 1 0
github.com/FabianSchurig/bitbucket-cli/internal/commands/addon.gen.go:427.4,436.6 3 0
github.com/FabianSchurig/bitbucket-cli/internal/commands/addon.gen.go:439.2,441.12 3 0
github.com/FabianSchurig/bitbucket-cli/internal/commands/branch-restrictions.gen.go:34.52,50.2 3 0
github.com/FabianSchurig/bitbucket-cli/internal/commands/branch-restrictions.gen.go:54.70,70.55 2 0
github.com/FabianSchurig/bitbucket-cli/internal/commands/branch-restrictions.gen.go:70.55,76.37 3 0
github.com/FabianSchurig/bitbucket-cli/internal/commands/branch-restrictions.gen.go:76.37,78.5 1 0
github.com/FabianSchurig/bitbucket-cli/internal/commands/branch-restrictions.gen.go:79.4,79.37 1 0
github.com/FabianSchurig/bitbucket-cli/internal/commands/branch-restrictions.gen.go:79.37,81.5 1 0
github.com/FabianSchurig/bitbucket-cli/internal/commands/branch-restrictions.gen.go:82.4,83.18 2 0
github.com/FabianSchurig/bitbucket-cli/internal/commands/branch-restrictions.gen.go:83.18,85.5 1 0
github.com/FabianSchurig/bitbucket-cli/internal/commands/branch-restrictions.gen.go:86.4,100.6 3 0
github.com/FabianSchurig/bitbucket-cli/internal/commands/branch-restrictions.gen.go:103.2,110.12 8 0
github.com/FabianSchurig/bitbucket-cli/internal/commands/branch-restrictions.gen.go:115.76,133.55 2 0
github.com/FabianSchurig/bitbucket-cli/internal/commands/branch-restrictions.gen.go:133.55,139.37 3 0
github.com/FabianSchurig/bitbucket-cli/internal/commands/branch-restrictions.gen.go:139.37,141.5 1 0
github.com/FabianSchurig/bitbucket-cli/internal/commands/branch-restrictions.gen.go:142.4,142.37 1 0
github.com/FabianSchurig/bitbucket-cli/internal/commands/branch-restrictions.gen.go:142.37,144.5 1 0
github.com/FabianSchurig/bitbucket-cli/internal/commands/branch-restrictions.gen.go:145.4,146.18 2 0
github.com/FabianSchurig/bitbucket-cli/internal/commands/branch-restrictions.gen.go:146.18,148.5 1 0
github.com/FabianSchurig/bitbucket-cli/internal/commands/branch-restrictions.gen.go:149.4,150.18 2 0
github.com/FabianSchurig/bitbucket-cli/internal/commands/branch-restrictions.gen.go:150.18,152.34 2 0
github.com/FabianSchurig/bitbucket-cli/internal/commands/branch-restrictions.gen.go:152.34,154.6 1 0
github.com/FabianSchurig/bitbucket-cli/internal/commands/branch-restrictions.gen.go:155.5,155.29 1 0
github.com/FabianSchurig/bitbucket-cli/internal/commands/branch-restrictions.gen.go:155.29,157.6 1 0
github.com/FabianSchurig/bitbucket-cli/internal/commands/branch-restrictions.gen.go:158.5,158.25 1 0
github.com/FabianSchurig/bitbucket-cli/internal/commands/branch-restrictions.gen.go:158.25,160.6 1 0
github.com/FabianSchurig/bitbucket-cli/internal/commands/branch-restrictions.gen.go:161.5,161.23 1 0
github.com/FabianSchurig/bitbucket-cli/internal/commands/branch-restrictions.gen.go:161.23,163.6 1 0
github.com/FabianSchurig/bitbucket-cli/internal/commands/branch-restrictions.gen.go:164.5,164.26 1 0
github.com/FabianSchurig/bitbucket-cli/internal/commands/branch-restrictions.gen.go:164.26,166.6 1 0
github.com/FabianSchurig/bitbucket-cli/internal/commands/branch-restrictions.gen.go:167.5,167.24 1 0
github.com/FabianSchurig/bitbucket-cli/internal/commands/branch-restrictions.gen.go:167.24,169.6 1 0
github.com/FabianSchurig/bitbucket-cli/internal/commands/branch-restrictions.gen.go:170.5,170.23 1 0
github.com/FabianSchurig/bitbucket-cli/internal/commands/branch-restrictions.gen.go:170.23,172.6 1 0
github.com/FabianSchurig/bitbucket-cli/internal/commands/branch-restrictions.gen.go:173.5,173.25 1 0
github.com/FabianSchurig/bitbucket-cli/internal/commands/branch-restrictions.gen.go:173.25,176.6 2 0
github.com/FabianSchurig/bitbucket-cli/internal/commands/branch-restrictions.gen.go:178.4,185.6 1 0
github.com/FabianSchurig/bitbucket-cli/internal/commands/branch-restrictions.gen.go:188.2,198.12 11 0
github.com/FabianSchurig/bitbucket-cli/internal/commands/branch-restrictions.gen.go:203.73,214.55 2 0
github.com/FabianSchurig/bitbucket-cli/internal/commands/branch-restrictions.gen.go:214.55,221.30 3 0
github.com/FabianSchurig/bitbucket-cli/internal/commands/branch-restrictions.gen.go:221.30,223.5 1 0
github.com/FabianSchurig/bitbucket-cli/internal/commands/branch-restrictions.gen.go:224.4,224.37 1 0
github.com/FabianSchurig/bitbucket-cli/internal/commands/branch-restrictions.gen.go:224.37,226.5 1 0
github.com/FabianSchurig/bitbucket-cli/internal/commands/branch-restrictions.gen.go:227.4,227.37 1 0
github.com/FabianSchurig/bitbucket-cli/internal/commands/branch-restrictions.gen.go:227.37,229.5 1 0
github.com/FabianSchurig/bitbucket-cli/internal/commands/branch-restrictions.gen.go:230.4,231.18 2 0
github.com/FabianSchurig/bitbucket-cli/internal/commands/branch-restrictions.gen.go:231.18,233.5 1 0
github.com/FabianSchurig/bitbucket-cli/internal/commands/branch-restrictions.gen.go:234.4,243.6 3 0
github.com/FabianSchurig/bitbucket-cli/internal/commands/branch-restrictions.gen.go:246.2,249.12 4 0
github.com/FabianSchurig/bitbucket-cli/internal/commands/branch-restrictions.gen.go:254.76,273.55 2 0
github.com/FabianSchurig/bitbucket-cli/internal/commands/branch-restrictions.gen.go:273.55,280.30 3 0
github.com/FabianSchurig/bitbucket-cli/internal/commands/branch-restrictions.gen.go:280.30,282.5 1 0
github.com/FabianSchurig/bitbucket-cli/internal/commands/branch-restrictions.gen.go:283.4,283.37 1 0
github.com/FabianSchurig/bitbucket-cli/internal/commands/branch-restrictions.gen.go:283.37,285.5 1 0
github.com/FabianSchurig/bitbucket-cli/internal/commands/branch-restrictions.gen.go:286.4,286.37 1 0
github.com/FabianSchurig/bitbucket-cli/internal/commands/branch-restrictions.gen.go:286.37,288.5 1 0
github.com/FabianSchurig/bitbucket-cli/internal/commands/branch-restrictions.gen.go:289.4,290.18 2 0
github.com/FabianSchurig/bitbucket-cli/internal/commands/branch-restrictions.gen.go:290.18,292.5 1 0
github.com/FabianSchurig/bitbucket-cli/internal/commands/branch-restrictions.gen.go:293.4,294.18 2 0
github.com/FabianSchurig/bitbucket-cli/internal/commands/branch-restrictions.gen.go:294.18,296.34 2 0
github.com/FabianSchurig/bitbucket-cli/internal/commands/branch-restrictions.gen.go:296.34,298.6 1 0
github.com/FabianSchurig/bitbucket-cli/internal/commands/branch-restrictions.gen.go:299.5,299.29 1 0
github.com/FabianSchurig/bitbucket-cli/internal/commands/branch-restrictions.gen.go:299.29,301.6 1 0
github.com/FabianSchurig/bitbucket-cli/internal/commands/branch-restrictions.gen.go:302.5,302.25 1 0
github.com/FabianSchurig/bitbucket-cli/internal/commands/branch-restrictions.gen.go:302.25,304.6 1 0
github.com/FabianSchurig/bitbucket-cli/internal/commands/branch-restrictions.gen.go:305.5,305.23 1 0
github.com/FabianSchurig/bitbucket-cli/internal/commands/branch-restrictions.gen.go:305.23,307.6 1 0
github.com/FabianSchurig/bitbucket-cli/internal/commands/branch-restrictions.gen.go:308.5,308.26 1 0
github.com/FabianSchurig/bitbucket-cli/internal/commands/branch-restrictions.gen.go:308.26,310.6 1 0
github.com/FabianSchurig/bitbucket-cli/internal/commands/branch-restrictions.gen.go:311.5,311.24 1 0
github.com/FabianSchurig/bitbucket-cli/internal/commands/branch-restrictions.gen.go:311.24,313.6 1 0
github.com/FabianSchurig/bitbucket-cli/internal/commands/branch-restrictions.gen.go:314.5,314.23 1 0
github.com/FabianSchurig/bitbucket-cli/internal/commands/branch-restrictions.gen.go:314.23,316.6 1 0
github.com/FabianSchurig/bitbucket-cli/internal/commands/branch-restrictions.gen.go:317.5,317.25 1 0
github.com/FabianSchurig/bitbucket-cli/internal/commands/branch-restrictions.gen.go:317.25,320.6 2 0
github.com/FabianSchurig/bitbucket-cli/internal/commands/branch-restrictions.gen.go:322.4,329.6 1 0
github.com/FabianSchurig/bitbucket-cli/internal/commands/branch-restrictions.gen.go:332.2,343.12 12 0
github.com/FabianSchurig/bitbucket-cli/internal/commands/branch-restrictions.gen.go:348.76,359.55 2 0
github.com/FabianSchurig/bitbucket-cli/internal/commands/branch-restrictions.gen.go:359.55,366.30 3 0
github.com/FabianSchurig/bitbucket-cli/internal/commands/branch-restrictions.gen.go:366.30,368.5 1 0
github.com/FabianSchurig/bitbucket-cli/internal/commands/branch-restrictions.gen.go:369.4,369.37 1 0
github.com/FabianSchurig/bitbucket-cli/internal/commands/branch-restrictions.gen.go:369.37,371.5 1 0
github.com/FabianSchurig/bitbucket-cli/internal/commands/branch-restrictions.gen.go:372.4,372.37 1 0
github.com/FabianSchurig/bitbucket-cli/internal/commands/branch-restrictions.gen.go:372.37,374.5 1 0
github.com/FabianSchurig/bitbucket-cli/internal/commands/branch-restrictions.gen.go:375.4,376.18 2 0
github.com/FabianSchurig/bitbucket-cli/internal/commands/branch-restrictions.gen.go:376.18,378.5 1 0
github.com/FabianSchurig/bitbucket-cli/internal/commands/branch-restrictions.gen.go:379.4,388.6 3 0
github.com/FabianSchurig/bitbucket-cli/internal/commands/branch-restrictions.gen.go:391.2,394.12 4 0
github.com/FabianSchurig/bitbucket-cli/internal/commands/branching-model.gen.go:34.48,52.2 3 0
github.com/FabianSchurig/bitbucket-cli/internal/commands/branching-model.gen.go:56.78,66.55 2 0
github.com/FabianSchurig/bitbucket-cli/internal/commands/branching-model.gen.go:66.55,72.37 3 0
github.com/FabianSchurig/bitbucket-cli/internal/commands/branching-model.gen.go:72.37,74.5 1 0
github.com/FabianSchurig/bitbucket-cli/internal/commands/branching-model.gen.go:75.4,75.37 1 0
github.com/FabianSchurig/bitbucket-cli/internal/commands/branching-model.gen.go:75.37,77.5 1 0
github.com/FabianSchurig/bitbucket-cli/internal/commands/branching-model.gen.go:78.4,79.18 2 0
github.com/FabianSchurig/bitbucket-cli/internal/commands/branching-model.gen.go:79.18,81.5 1 0
github.com/FabianSchurig/bitbucket-cli/internal/commands/branching-model.gen.go:82.4,91.6 3 0
github.com/FabianSchurig/bitbucket-cli/internal/commands/branching-model.gen.go:94.2,96.12 3 0
github.com/FabianSchurig/bitbucket-cli/internal/commands/branching-model.gen.go:101.84,111.55 2 0
github.com/FabianSchurig/bitbucket-cli/internal/commands/branching-model.gen.go:111.55,117.37 3 0
github.com/FabianSchurig/bitbucket-cli/internal/commands/branching-model.gen.go:117.37,119.5 1 0
github.com/FabianSchurig/bitbucket-cli/internal/commands/branching-model.gen.go:120.4,120.37 1 0
github.com/FabianSchurig/bitbucket-cli/internal/commands/branching-model.gen.go:120.37,122.5 1 0
github.com/FabianSchurig/bitbucket-cli/internal/commands/branching-model.gen.go:123.4,124.18 2 0
github.com/FabianSchurig/bitbucket-cli/internal/commands/branching-model.gen.go:124.18,126.5 1 0
github.com/FabianSchurig/bitbucket-cli/internal/commands/branching-model.gen.go:127.4,136.6 3 0
github.com/FabianSchurig/bitbucket-cli/internal/commands/branching-model.gen.go:139.2,141.12 3 0
github.com/FabianSchurig/bitbucket-cli/internal/commands/branching-model.gen.go:146.87,156.55 2 0
github.com/FabianSchurig/bitbucket-cli/internal/commands/branching-model.gen.go:156.55,162.37 3 0
github.com/FabianSchurig/bitbucket-cli/internal/commands/branching-model.gen.go:162.37,164.5 1 0
github.com/FabianSchurig/bitbucket-cli/internal/commands/branching-model.gen.go:165.4,165.37 1 0
github.com/FabianSchurig/bitbucket-cli/internal/commands/branching-model.gen.go:165.37,167.5 1 0
github.com/FabianSchurig/bitbucket-cli/internal/commands/branching-model.gen.go:168.4,169.18 2 0
github.com/FabianSchurig/bitbucket-cli/internal/commands/branching-model.gen.go:169.18,171.5 1 0
github.com/FabianSchurig/bitbucket-cli/internal/commands/branching-model.gen.go:172.4,181.6 3 0
github.com/FabianSchurig/bitbucket-cli/internal/commands/branching-model.gen.go:184.2,186.12 3 0
github.com/FabianSchurig/bitbucket-cli/internal/commands/branching-model.gen.go:191.105,201.55 2 0
github.com/FabianSchurig/bitbucket-cli/internal/commands/branching-model.gen.go:201.55,207.37 3 0
github.com/FabianSchurig/bitbucket-cli/internal/commands/branching-model.gen.go:207.37,209.5 1 0
github.com/FabianSchurig/bitbucket-cli/internal/commands/branching-model.gen.go:210.4,210.37 1 0
github.com/FabianSchurig/bitbucket-cli/internal/commands/branching-model.gen.go:210.37,212.5 1 0
github.com/FabianSchurig/bitbucket-cli/internal/commands/branching-model.gen.go:213.4,214.18 2 0
github.com/FabianSchurig/bitbucket-cli/internal/commands/branching-model.gen.go:214.18,216.5 1 0
github.com/FabianSchurig/bitbucket-cli/internal/commands/branching-model.gen.go:217.4,226.6 3 0
github.com/FabianSchurig/bitbucket-cli/internal/commands/branching-model.gen.go:229.2,231.12 3 0
github.com/FabianSchurig/bitbucket-cli/internal/commands/branching-model.gen.go:236.75,246.55 2 0
github.com/FabianSchurig/bitbucket-cli/internal/commands/branching-model.gen.go:246.55,252.39 3 0
github.com/FabianSchurig/bitbucket-cli/internal/commands/branching-model.gen.go:252.39,254.5 1 0
github.com/FabianSchurig/bitbucket-cli/internal/commands/branching-model.gen.go:255.4,255.37 1 0
github.com/FabianSchurig/bitbucket-cli/internal/commands/branching-model.gen.go:255.37,257.5 1 0
github.com/FabianSchurig/bitbucket-cli/internal/commands/branching-model.gen.go:258.4,259.18 2 0
github.com/FabianSchurig/bitbucket-cli/internal/commands/branching-model.gen.go:259.18,261.5 1 0
github.com/FabianSchurig/bitbucket-cli/internal/commands/branching-model.gen.go:262.4,271.6 3 0
github.com/FabianSchurig/bitbucket-cli/internal/commands/branching-model.gen.go:274.2,276.12 3 0
github.com/FabianSchurig/bitbucket-cli/internal/commands/branching-model.gen.go:281.81,291.55 2 0
github.com/FabianSchurig/bitbucket-cli/internal/commands/branching-model.gen.go:291.55,297.39 3 0
github.com/FabianSchurig/bitbucket-cli/internal/commands/branching-model.gen.go:297.39,299.5 1 0
github.com/FabianSchurig/bitbucket-cli/internal/commands/branching-model.gen.go:300.4,300.37 1 0
github.com/FabianSchurig/bitbucket-cli/internal/commands/branching-model.gen.go:300.37,302.5 1 0
github.com/FabianSchurig/bitbucket-cli/internal/commands/branching-model.gen.go:303.4,304.18 2 0
github.com/FabianSchurig/bitbucket-cli/internal/commands/branching-model.gen.go:304.18,306.5 1 0
github.com/FabianSchurig/bitbucket-cli/internal/commands/branching-model.gen.go:307.4,316.6 3 0
github.com/FabianSchurig/bitbucket-cli/internal/commands/branching-model.gen.go:319.2,321.12 3 0
github.com/FabianSchurig/bitbucket-cli/internal/commands/branching-model.gen.go:326.84,336.55 2 0
github.com/FabianSchurig/bitbucket-cli/internal/commands/branching-model.gen.go:336.55,342.39 3 0
github.com/FabianSchurig/bitbucket-cli/internal/commands/branching-model.gen.go:342.39,344.5 1 0
github.com/FabianSchurig/bitbucket-cli/internal/commands/branching-model.gen.go:345.4,345.37 1 0
github.com/FabianSchurig/bitbucket-cli/internal/commands/branching-model.gen.go:345.37,347.5 1 0
github.com/FabianSchurig/bitbucket-cli/internal/commands/branching-model.gen.go:348.4,349.18 2 0
github.com/FabianSchurig/bitbucket-cli/internal/commands/branching-model.gen.go:349.18,351.5 1 0
github.com/FabianSchurig/bitbucket-cli/internal/commands/branching-model.gen.go:352.4,361.6 3 0
github.com/FabianSchurig/bitbucket-cli/internal/commands/branching-model.gen.go:364.2,366.12 3 0
github.com/FabianSchurig/bitbucket-cli/internal/commands/commands.gen.go:34.36,82.2 3 0
github.com/FabianSchurig/bitbucket-cli/internal/commands/commands.gen.go:86.56,100.55 2 0
github.com/FabianSchurig/bitbucket-cli/internal/commands/commands.gen.go:100.55,107.37 3 0
github.com/FabianSchurig/bitbucket-cli/internal/commands/commands.gen.go:107.37,109.5 1 0
github.com/FabianSchurig/bitbucket-cli/internal/commands/commands.gen.go:110.4,110.37 1 0
github.com/FabianSchurig/bitbucket-cli/internal/commands/commands.gen.go:110.37,112.5 1 0
github.com/FabianSchurig/bitbucket-cli/internal/commands/commands.gen.go:113.4,113.34 1 0
github.com/FabianSchurig/bitbucket-cli/internal/commands/commands.gen.go:113.34,115.5 1 0
github.com/FabianSchurig/bitbucket-cli/internal/commands/commands.gen.go:116.4,117.18 2 0
github.com/FabianSchurig/bitbucket-cli/internal/commands/commands.gen.go:117.18,119.5 1 0
github.com/FabianSchurig/bitbucket-cli/internal/commands/commands.gen.go:120.4,132.6 3 0
github.com/FabianSchurig/bitbucket-cli/internal/commands/commands.gen.go:135.2,141.12 7 0
github.com/FabianSchurig/bitbucket-cli/internal/commands/commands.gen.go:146.52,164.55 2 0
github.com/FabianSchurig/bitbucket-cli/internal/commands/commands.gen.go:164.55,170.37 3 0
github.com/FabianSchurig/bitbucket-cli/internal/commands/commands.gen.go:170.37,172.5 1 0
github.com/FabianSchurig/bitbucket-cli/internal/commands/commands.gen.go:173.4,173.37 1 0
github.com/FabianSchurig/bitbucket-cli/internal/commands/commands.gen.go:173.37,175.5 1 0
github.com/FabianSchurig/bitbucket-cli/internal/commands/commands.gen.go:176.4,177.18 2 0
github.com/FabianSchurig/bitbucket-cli/internal/commands/commands.gen.go:177.18,179.5 1 0
github.com/FabianSchurig/bitbucket-cli/internal/commands/commands.gen.go:180.4,192.6 3 0
github.com/FabianSchurig/bitbucket-cli/internal/commands/commands.gen.go:195.2,200.12 6 0
github.com/FabianSchurig/bitbucket-cli/internal/commands/commands.gen.go:205.51,220.55 2 0
github.com/FabianSchurig/bitbucket-cli/internal/commands/commands.gen.go:220.55,227.37 3 0
github.com/FabianSchurig/bitbucket-cli/internal/commands/commands.gen.go:227.37,229.5 1 0
github.com/FabianSchurig/bitbucket-cli/internal/commands/commands.gen.go:230.4,230.43 1 0
github.com/FabianSchurig/bitbucket-cli/internal/commands/commands.gen.go:230.43,232.5 1 0
github.com/FabianSchurig/bitbucket-cli/internal/commands/commands.gen.go:233.4,233.37 1 0
github.com/FabianSchurig/bitbucket-cli/internal/commands/commands.gen.go:233.37,235.5 1 0
github.com/FabianSchurig/bitbucket-cli/internal/commands/commands.gen.go:236.4,237.18 2 0
github.com/FabianSchurig/bitbucket-cli/internal/commands/commands.gen.go:237.18,239.5 1 0
github.com/FabianSchurig/bitbucket-cli/internal/commands/commands.gen.go:240.4,249.6 3 0
github.com/FabianSchurig/bitbucket-cli/internal/commands/commands.gen.go:252.2,255.12 4 0
github.com/FabianSchurig/bitbucket-cli/internal/commands/commands.gen.go:260.61,274.55 2 0
github.com/FabianSchurig/bitbucket-cli/internal/commands/commands.gen.go:274.55,281.37 3 0
github.com/FabianSchurig/bitbucket-cli/internal/commands/commands.gen.go:281.37,283.5 1 0
github.com/FabianSchurig/bitbucket-cli/internal/commands/commands.gen.go:284.4,284.43 1 0
github.com/FabianSchurig/bitbucket-cli/internal/commands/commands.gen.go:284.43,286.5 1 0
github.com/FabianSchurig/bitbucket-cli/internal/commands/commands.gen.go:287.4,287.37 1 0
github.com/FabianSchurig/bitbucket-cli/internal/commands/commands.gen.go:287.37,289.5 1 0
github.com/FabianSchurig/bitbucket-cli/internal/commands/commands.gen.go:290.4,291.18 2 0
github.com/FabianSchurig/bitbucket-cli/internal/commands/commands.gen.go:291.18,293.5 1 0
github.com/FabianSchurig/bitbucket-cli/internal/commands/commands.gen.go:294.4,303.6 3 0
github.com/FabianSchurig/bitbucket-cli/internal/commands/commands.gen.go:306.2,309.12 4 0
github.com/FabianSchurig/bitbucket-cli/internal/commands/commands.gen.go:314.66,325.55 2 0
github.com/FabianSchurig/bitbucket-cli/internal/commands/commands.gen.go:325.55,332.37 3 0
github.com/FabianSchurig/bitbucket-cli/internal/commands/commands.gen.go:332.37,334.5 1 0
github.com/FabianSchurig/bitbucket-cli/internal/commands/commands.gen.go:335.4,335.43 1 0
github.com/FabianSchurig/bitbucket-cli/internal/commands/commands.gen.go:335.43,337.5 1 0
github.com/FabianSchurig/bitbucket-cli/internal/commands/commands.gen.go:338.4,338.37 1 0
github.com/FabianSchurig/bitbucket-cli/internal/commands/commands.gen.go:338.37,340.5 1 0
github.com/FabianSchurig/bitbucket-cli/internal/commands/commands.gen.go:341.4,342.18 2 0
github.com/FabianSchurig/bitbucket-cli/internal/commands/commands.gen.go:342.18,344.5 1 0
github.com/FabianSchurig/bitbucket-cli/internal/commands/commands.gen.go:345.4,354.6 3 0
github.com/FabianSchurig/bitbucket-cli/internal/commands/commands.gen.go:357.2,360.12 4 0
github.com/FabianSchurig/bitbucket-cli/internal/commands/commands.gen.go:365.61,382.55 2 0
github.com/FabianSchurig/bitbucket-cli/internal/commands/commands.gen.go:382.55,388.37 3 0
github.com/FabianSchurig/bitbucket-cli/internal/commands/commands.gen.go:388.37,390.5 1 0
github.com/FabianSchurig/bitbucket-cli/internal/commands/commands.gen.go:391.4,391.37 1 0
github.com/FabianSchurig/bitbucket-cli/internal/commands/commands.gen.go:391.37,393.5 1 0
github.com/FabianSchurig/bitbucket-cli/internal/commands/commands.gen.go:394.4,395.18 2 0
github.com/FabianSchurig/bitbucket-cli/internal/commands/commands.gen.go:395.18,397.5 1 0
github.com/FabianSchurig/bitbucket-cli/internal/commands/commands.gen.go:398.4,410.6 3 0
github.com/FabianSchurig/bitbucket-cli/internal/commands/commands.gen.go:413.2,418.12 6 0
github.com/FabianSchurig/bitbucket-cli/internal/commands/commands.gen.go:423.48,437.55 2 0
github.com/FabianSchurig/bitbucket-cli/internal/commands/commands.gen.go:437.55,443.37 3 0
github.com/FabianSchurig/bitbucket-cli/internal/commands/commands.gen.go:443.37,445.5 1 0
github.com/FabianSchurig/bitbucket-cli/internal/commands/commands.gen.go:446.4,446.37 1 0
github.com/FabianSchurig/bitbucket-cli/internal/commands/commands.gen.go:446.37,448.5 1 0
github.com/FabianSchurig/bitbucket-cli/internal/commands/commands.gen.go:449.4,450.18 2 0
github.com/FabianSchurig/bitbucket-cli/internal/commands/commands.gen.go:450.18,452.5 1 0
github.com/FabianSchurig/bitbucket-cli/internal/commands/commands.gen.go:453.4,466.6 3 0
github.com/FabianSchurig/bitbucket-cli/internal/commands/commands.gen.go:469.2,475.12 7 0
github.com/FabianSchurig/bitbucket-cli/internal/commands/commands.gen.go:480.50,500.55 2 0
github.com/FabianSchurig/bitbucket-cli/internal/commands/commands.gen.go:500.55,506.37 3 0
github.com/FabianSchurig/bitbucket-cli/internal/commands/commands.gen.go:506.37,508.5 1 0
github.com/FabianSchurig/bitbucket-cli/internal/commands/commands.gen.go:509.4,509.37 1 0
github.com/FabianSchurig/bitbucket-cli/internal/commands/commands.gen.go:509.37,511.5 1 0
github.com/FabianSchurig/bitbucket-cli/internal/commands/commands.gen.go:512.4,513.18 2 0
github.com/FabianSchurig/bitbucket-cli/internal/commands/commands.gen.go:513.18,515.5 1 0
github.com/FabianSchurig/bitbucket-cli/internal/commands/commands.gen.go:516.4,517.18 2 0
github.com/FabianSchurig/bitbucket-cli/internal/commands/commands.gen.go:517.18,519.30 2 0
github.com/FabianSchurig/bitbucket-cli/internal/commands/commands.gen.go:519.30,521.6 1 0
github.com/FabianSchurig/bitbucket-cli/internal/commands/commands.gen.go:522.5,522.30 1 0
github.com/FabianSchurig/bitbucket-cli/internal/commands/commands.gen.go:522.30,524.6 1 0
github.com/FabianSchurig/bitbucket-cli/internal/commands/commands.gen.go:525.5,525.40 1 0
github.com/FabianSchurig/bitbucket-cli/internal/commands/commands.gen.go:525.40,527.6 1 0
github.com/FabianSchurig/bitbucket-cli/internal/commands/commands.gen.go:528.5,528.18 1 0
github.com/FabianSchurig/bitbucket-cli/internal/commands/commands.gen.go:528.18,530.6 1 0
github.com/FabianSchurig/bitbucket-cli/internal/commands/commands.gen.go:531.5,531.25 1 0
github.com/FabianSchurig/bitbucket-cli/internal/commands/commands.gen.go:531.25,533.6 1 0
github.com/FabianSchurig/bitbucket-cli/internal/commands/commands.gen.go:534.5,534.28 1 0
github.com/FabianSchurig/bitbucket-cli/internal/commands/commands.gen.go:534.28,536.6 1 0
github.com/FabianSchurig/bitbucket-cli/internal/commands/commands.gen.go:537.5,537.35 1 0
github.com/FabianSchurig/bitbucket-cli/internal/commands/commands.gen.go:537.35,539.6 1 0
github.com/FabianSchurig/bitbucket-cli/internal/commands/commands.gen.go:540.5,540.24 1 0
github.com/FabianSchurig/bitbucket-cli/internal/commands/commands.gen.go:540.24,542.6 1 0
github.com/FabianSchurig/bitbucket-cli/internal/commands/commands.gen.go:543.5,543.24 1 0
github.com/FabianSchurig/bitbucket-cli/internal/commands/commands.gen.go:543.24,545.6 1 0
github.com/FabianSchurig/bitbucket-cli/internal/commands/commands.gen.go:546.5,546.25 1 0
github.com/FabianSchurig/bitbucket-cli/internal/commands/commands.gen.go:546.25,549.6 2 0
github.com/FabianSchurig/bitbucket-cli/internal/commands/commands.gen.go:551.4,558.6 1 0
github.com/FabianSchurig/bitbucket-cli/internal/commands/commands.gen.go:561.2,573.12 13 0
github.com/FabianSchurig/bitbucket-cli/internal/commands/commands.gen.go:578.59,588.55 2 0
github.com/FabianSchurig/bitbucket-cli/internal/commands/commands.gen.go:588.55,594.37 3 0
github.com/FabianSchurig/bitbucket-cli/internal/commands/commands.gen.go:594.37,596.5 1 0
github.com/FabianSchurig/bitbucket-cli/internal/commands/commands.gen.go:597.4,597.37 1 0
github.com/FabianSchurig/bitbucket-cli/internal/commands/commands.gen.go:597.37,599.5 1 0
github.com/FabianSchurig/bitbucket-cli/internal/commands/commands.gen.go:600.4,601.18 2 0
github.com/FabianSchurig/bitbucket-cli/internal/commands/commands.gen.go:601.18,603.5 1 0
github.com/FabianSchurig/bitbucket-cli/internal/commands/commands.gen.go:604.4,613.6 3 0
github.com/FabianSchurig/bitbucket-cli/internal/commands/commands.gen.go:616.2,618.12 3 0
github.com/FabianSchurig/bitbucket-cli/internal/commands/commands.gen.go:623.47,634.55 2 0
github.com/FabianSchurig/bitbucket-cli/internal/commands/commands.gen.go:634.55,641.26 3 0
github.com/FabianSchurig/bitbucket-cli/internal/commands/commands.gen.go:641.26,643.5 1 0
github.com/FabianSchurig/bitbucket-cli/internal/commands/commands.gen.go:644.4,644.37 1 0
github.com/FabianSchurig/bitbucket-cli/internal/commands/commands.gen.go:644.37,646.5 1 0
github.com/FabianSchurig/bitbucket-cli/internal/commands/commands.gen.go:647.4,647.37 1 0
github.com/FabianSchurig/bitbucket-cli/internal/commands/commands.gen.go:647.37,649.5 1 0
github.com/FabianSchurig/bitbucket-cli/internal/commands/commands.gen.go:650.4,651.18 2 0
github.com/FabianSchurig/bitbucket-cli/internal/commands/commands.gen.go:651.18,653.5 1 0
github.com/FabianSchurig/bitbucket-cli/internal/commands/commands.gen.go:654.4,663.6 3 0
github.com/FabianSchurig/bitbucket-cli/internal/commands/commands.gen.go:666.2,669.12 4 0
github.com/FabianSchurig/bitbucket-cli/internal/commands/commands.gen.go:674.50,699.55 2 0
github.com/FabianSchurig/bitbucket-cli/internal/commands/commands.gen.go:699.55,706.26 3 0
github.com/FabianSchurig/bitbucket-cli/internal/commands/commands.gen.go:706.26,708.5 1 0
github.com/FabianSchurig/bitbucket-cli/internal/commands/commands.gen.go:709.4,709.37 1 0
github.com/FabianSchurig/bitbucket-cli/internal/commands/commands.gen.go:709.37,711.5 1 0
github.com/FabianSchurig/bitbucket-cli/internal/commands/commands.gen.go:712.4,712.37 1 0
github.com/FabianSchurig/bitbucket-cli/internal/commands/commands.gen.go:712.37,714.5 1 0
github.com/FabianSchurig/bitbucket-cli/internal/commands/commands.gen.go:715.4,716.18 2 0
github.com/FabianSchurig/bitbucket-cli/internal/commands/commands.gen.go:716.18,718.5 1 0
github.com/FabianSchurig/bitbucket-cli/internal/commands/commands.gen.go:719.4,720.18 2 0
github.com/FabianSchurig/bitbucket-cli/internal/commands/commands.gen.go:720.18,722.30 2 0
github.com/FabianSchurig/bitbucket-cli/internal/commands/commands.gen.go:722.30,724.6 1 0
github.com/FabianSchurig/bitbucket-cli/internal/commands/commands.gen.go:725.5,725.30 1 0
github.com/FabianSchurig/bitbucket-cli/internal/commands/commands.gen.go:725.30,727.6 1 0
github.com/FabianSchurig/bitbucket-cli/internal/commands/commands.gen.go:728.5,728.40 1 0
github.com/FabianSchurig/bitbucket-cli/internal/commands/commands.gen.go:728.40,730.6 1 0
github.com/FabianSchurig/bitbucket-cli/internal/commands/commands.gen.go:731.5,731.18 1 0
github.com/FabianSchurig/bitbucket-cli/internal/commands/commands.gen.go:731.18,733.6 1 0
github.com/FabianSchurig/bitbucket-cli/internal/commands/commands.gen.go:734.5,734.25 1 0
github.com/FabianSchurig/bitbucket-cli/internal/commands/commands.gen.go:734.25,736.6 1 0
github.com/FabianSchurig/bitbucket-cli/internal/commands/commands.gen.go:737.5,737.28 1 0
github.com/FabianSchurig/bitbucket-cli/internal/commands/commands.gen.go:737.28,739.6 1 0
github.com/FabianSchurig/bitbucket-cli/internal/commands/commands.gen.go:740.5,740.35 1 0
github.com/FabianSchurig/bitbucket-cli/internal/commands/commands.gen.go:740.35,742.6 1 0
github.com/FabianSchurig/bitbucket-cli/internal/commands/commands.gen.go:743.5,743.24 1 0
github.com/FabianSchurig/bitbucket-cli/internal/commands/commands.gen.go:743.24,745.6 1 0
github.com/FabianSchurig/bitbucket-cli/internal/commands/commands.gen.go:746.5,746.24 1 0
github.com/FabianSchurig/bitbucket-cli/internal/commands/commands.gen.go:746.24,748.6 1 0
github.com/FabianSchurig/bitbucket-cli/internal/commands/commands.gen.go:749.5,749.25 1 0
github.com/FabianSchurig/bitbucket-cli/internal/commands/commands.gen.go:749.25,752.6 2 0
github.com/FabianSchurig/bitbucket-cli/internal/commands/commands.gen.go:754.4,761.6 1 0
github.com/FabianSchurig/bitbucket-cli/internal/commands/commands.gen.go:764.2,777.12 14 0
github.com/FabianSchurig/bitbucket-cli/internal/commands/commands.gen.go:782.67,793.55 2 0
github.com/FabianSchurig/bitbucket-cli/internal/commands/commands.gen.go:793.55,800.26 3 0
github.com/FabianSchurig/bitbucket-cli/internal/commands/commands.gen.go:800.26,802.5 1 0
github.com/FabianSchurig/bitbucket-cli/internal/commands/commands.gen.go:803.4,803.37 1 0
github.com/FabianSchurig/bitbucket-cli/internal/commands/commands.gen.go:803.37,805.5 1 0
github.com/FabianSchurig/bitbucket-cli/internal/commands/commands.gen.go:806.4,806.37 1 0
github.com/FabianSchurig/bitbucket-cli/internal/commands/commands.gen.go:806.37,808.5 1 0
github.com/FabianSchurig/bitbucket-cli/internal/commands/commands.gen.go:809.4,810.18 2 0
github.com/FabianSchurig/bitbucket-cli/internal/commands/commands.gen.go:810.18,812.5 1 0
github.com/FabianSchurig/bitbucket-cli/internal/commands/commands.gen.go:813.4,822.6 3 0
github.com/FabianSchurig/bitbucket-cli/internal/commands/commands.gen.go:825.2,828.12 4 0
github.com/FabianSchurig/bitbucket-cli/internal/commands/commands.gen.go:833.51,844.55 2 0
github.com/FabianSchurig/bitbucket-cli/internal/commands/commands.gen.go:844.55,851.26 3 0
github.com/FabianSchurig/bitbucket-cli/internal/commands/commands.gen.go:851.26,853.5 1 0
github.com/FabianSchurig/bitbucket-cli/internal/commands/commands.gen.go:854.4,854.37 1 0
github.com/FabianSchurig/bitbucket-cli/internal/commands/commands.gen.go:854.37,856.5 1 0
github.com/FabianSchurig/bitbucket-cli/internal/commands/commands.gen.go:857.4,857.37 1 0
github.com/FabianSchurig/bitbucket-cli/internal/commands/commands.gen.go:857.37,859.5 1 0
github.com/FabianSchurig/bitbucket-cli/internal/commands/commands.gen.go:860.4,861.18 2 0
github.com/FabianSchurig/bitbucket-cli/internal/commands/commands.gen.go:861.18,863.5 1 0
github.com/FabianSchurig/bitbucket-cli/internal/commands/commands.gen.go:864.4,873.6 3 0
github.com/FabianSchurig/bitbucket-cli/internal/commands/commands.gen.go:876.2,879.12 4 0
github.com/FabianSchurig/bitbucket-cli/internal/commands/commands.gen.go:884.53,896.55 2 0
github.com/FabianSchurig/bitbucket-cli/internal/commands/commands.gen.go:896.55,903.26 3 0
github.com/FabianSchurig/bitbucket-cli/internal/commands/commands.gen.go:903.26,905.5 1 0
github.com/FabianSchurig/bitbucket-cli/internal/commands/commands.gen.go:906.4,906.37 1 0
github.com/FabianSchurig/bitbucket-cli/internal/commands/commands.gen.go:906.37,908.5 1 0
github.com/FabianSchurig/bitbucket-cli/internal/commands/commands.gen.go:909.4,909.37 1 0
github.com/FabianSchurig/bitbucket-cli/internal/commands/commands.gen.go:909.37,911.5 1 0
github.com/FabianSchurig/bitbucket-cli/internal/commands/commands.gen.go:912.4,913.18 2 0
github.com/FabianSchurig/bitbucket-cli/internal/commands/commands.gen.go:913.18,915.5 1 0
github.com/FabianSchurig/bitbucket-cli/internal/commands/commands.gen.go:916.4,925.6 3 0
github.com/FabianSchurig/bitbucket-cli/internal/commands/commands.gen.go:928.2,931.12 4 0
github.com/FabianSchurig/bitbucket-cli/internal/commands/commands.gen.go:936.58,950.55 2 0
github.com/FabianSchurig/bitbucket-cli/internal/commands/commands.gen.go:950.55,957.26 3 0
github.com/FabianSchurig/bitbucket-cli/internal/commands/commands.gen.go:957.26,959.5 1 0
github.com/FabianSchurig/bitbucket-cli/internal/commands/commands.gen.go:960.4,960.37 1 0
github.com/FabianSchurig/bitbucket-cli/internal/commands/commands.gen.go:960.37,962.5 1 0
github.com/FabianSchurig/bitbucket-cli/internal/commands/commands.gen.go:963.4,963.37 1 0
github.com/FabianSchurig/bitbucket-cli/internal/commands/commands.gen.go:963.37,965.5 1 0
github.com/FabianSchurig/bitbucket-cli/internal/commands/commands.gen.go:966.4,967.18 2 0
github.com/FabianSchurig/bitbucket-cli/internal/commands/commands.gen.go:967.18,969.5 1 0
github.com/FabianSchurig/bitbucket-cli/internal/commands/commands.gen.go:970.4,982.6 3 0
github.com/FabianSchurig/bitbucket-cli/internal/commands/commands.gen.go:985.2,991.12 7 0
github.com/FabianSchurig/bitbucket-cli/internal/commands/commands.gen.go:996.60,1028.55 2 0
github.com/FabianSchurig/bitbucket-cli/internal/commands/commands.gen.go:1028.55,1035.26 3 0
github.com/FabianSchurig/bitbucket-cli/internal/commands/commands.gen.go:1035.26,1037.5 1 0
github.com/FabianSchurig/bitbucket-cli/internal/commands/commands.gen.go:1038.4,1038.37 1 0
github.com/FabianSchurig/bitbucket-cli/internal/commands/commands.gen.go:1038.37,1040.5 1 0
github.com/FabianSchurig/bitbucket-cli/internal/commands/commands.gen.go:1041.4,1041.37 1 0
github.com/FabianSchurig/bitbucket-cli/internal/commands/commands.gen.go:1041.37,1043.5 1 0
github.com/FabianSchurig/bitbucket-cli/internal/commands/commands.gen.go:1044.4,1045.18 2 0
github.com/FabianSchurig/bitbucket-cli/internal/commands/commands.gen.go:1045.18,1047.5 1 0
github.com/FabianSchurig/bitbucket-cli/internal/commands/commands.gen.go:1048.4,1049.18 2 0
github.com/FabianSchurig/bitbucket-cli/internal/commands/commands.gen.go:1049.18,1051.32 2 0
github.com/FabianSchurig/bitbucket-cli/internal/commands/commands.gen.go:1051.32,1053.6 1 0
github.com/FabianSchurig/bitbucket-cli/internal/commands/commands.gen.go:1054.5,1054.29 1 0
github.com/FabianSchurig/bitbucket-cli/internal/commands/commands.gen.go:1054.29,1056.6 1 0
github.com/FabianSchurig/bitbucket-cli/internal/commands/commands.gen.go:1057.5,1057.28 1 0
github.com/FabianSchurig/bitbucket-cli/internal/commands/commands.gen.go:1057.28,1059.6 1 0
github.com/FabianSchurig/bitbucket-cli/internal/commands/commands.gen.go:1060.5,1060.29 1 0
github.com/FabianSchurig/bitbucket-cli/internal/commands/commands.gen.go:1060.29,1062.6 1 0
github.com/FabianSchurig/bitbucket-cli/internal/commands/commands.gen.go:1063.5,1063.33 1 0
github.com/FabianSchurig/bitbucket-cli/internal/commands/commands.gen.go:1063.33,1065.6 1 0
github.com/FabianSchurig/bitbucket-cli/internal/commands/commands.gen.go:1066.5,1066.31 1 0
github.com/FabianSchurig/bitbucket-cli/internal/commands/commands.gen.go:1066.31,1068.6 1 0
github.com/FabianSchurig/bitbucket-cli/internal/commands/commands.gen.go:1069.5,1069.26 1 0
github.com/FabianSchurig/bitbucket-cli/internal/commands/commands.gen.go:1069.26,1071.6 1 0
github.com/FabianSchurig/bitbucket-cli/internal/commands/commands.gen.go:1072.5,1072.26 1 0
github.com/FabianSchurig/bitbucket-cli/internal/commands/commands.gen.go:1072.26,1074.6 1 0
github.com/FabianSchurig/bitbucket-cli/internal/commands/commands.gen.go:1075.5,1075.20 1 0
github.com/FabianSchurig/bitbucket-cli/internal/commands/commands.gen.go:1075.20,1077.6 1 0
github.com/FabianSchurig/bitbucket-cli/internal/commands/commands.gen.go:1078.5,1078.41 1 0
github.com/FabianSchurig/bitbucket-cli/internal/commands/commands.gen.go:1078.41,1080.6 1 0
github.com/FabianSchurig/bitbucket-cli/internal/commands/commands.gen.go:1081.5,1081.41 1 0
github.com/FabianSchurig/bitbucket-cli/internal/commands/commands.gen.go:1081.41,1083.6 1 0
github.com/FabianSchurig/bitbucket-cli/internal/commands/commands.gen.go:1084.5,1084.29 1 0
github.com/FabianSchurig/bitbucket-cli/internal/commands/commands.gen.go:1084.29,1086.6 1 0
github.com/FabianSchurig/bitbucket-cli/internal/commands/commands.gen.go:1087.5,1087.36 1 0
github.com/FabianSchurig/bitbucket-cli/internal/commands/commands.gen.go:1087.36,1089.6 1 0
github.com/FabianSchurig/bitbucket-cli/internal/commands/commands.gen.go:1090.5,1090.39 1 0
github.com/FabianSchurig/bitbucket-cli/internal/commands/commands.gen.go:1090.39,1092.6 1 0
github.com/FabianSchurig/bitbucket-cli/internal/commands/commands.gen.go:1093.5,1093.35 1 0
github.com/FabianSchurig/bitbucket-cli/internal/commands/commands.gen.go:1093.35,1095.6 1 0
github.com/FabianSchurig/bitbucket-cli/internal/commands/commands.gen.go:1096.5,1096.35 1 0
github.com/FabianSchurig/bitbucket-cli/internal/commands/commands.gen.go:1096.35,1098.6 1 0
github.com/FabianSchurig/bitbucket-cli/internal/commands/commands.gen.go:1099.5,1099.31 1 0
github.com/FabianSchurig/bitbucket-cli/internal/commands/commands.gen.go:1099.31,1101.6 1 0
github.com/FabianSchurig/bitbucket-cli/internal/commands/commands.gen.go:1102.5,1102.33 1 0
github.com/FabianSchurig/bitbucket-cli/internal/commands/commands.gen.go:1102.33,1104.6 1 0
github.com/FabianSchurig/bitbucket-cli/internal/commands/commands.gen.go:1105.5,1105.25 1 0
github.com/FabianSchurig/bitbucket-cli/internal/commands/commands.gen.go:1105.25,1108.6 2 0
github.com/FabianSchurig/bitbucket-cli/internal/commands/commands.gen.go:1110.4,1117.6 1 0
github.com/FabianSchurig/bitbucket-cli/internal/commands/commands.gen.go:1120.2,1142.12 23 0
github.com/FabianSchurig/bitbucket-cli/internal/commands/commands.gen.go:1147.57,1159.55 2 0
github.com/FabianSchurig/bitbucket-cli/internal/commands/commands.gen.go:1159.55,1167.22 3 0
github.com/FabianSchurig/bitbucket-cli/internal/commands/commands.gen.go:1167.22,1169.5 1 0
github.com/FabianSchurig/bitbucket-cli/internal/commands/commands.gen.go:1170.4,1170.26 1 0
github.com/FabianSchurig/bitbucket-cli/internal/commands/commands.gen.go:1170.26,1172.5 1 0
github.com/FabianSchurig/bitbucket-cli/internal/commands/commands.gen.go:1173.4,1173.37 1 0
github.com/FabianSchurig/bitbucket-cli/internal/commands/commands.gen.go:1173.37,1175.5 1 0
github.com/FabianSchurig/bitbucket-cli/internal/commands/commands.gen.go:1176.4,1176.37 1 0
github.com/FabianSchurig/bitbucket-cli/internal/commands/commands.gen.go:1176.37,1178.5 1 0
github.com/FabianSchurig/bitbucket-cli/internal/commands/commands.gen.go:1179.4,1180.18 2 0
github.com/FabianSchurig/bitbucket-cli/internal/commands/commands.gen.go:1180.18,1182.5 1 0
github.com/FabianSchurig/bitbucket-cli/internal/commands/commands.gen.go:1183.4,1192.6 3 0
github.com/FabianSchurig/bitbucket-cli/internal/commands/commands.gen.go:1195.2,1199.12 5 0
github.com/FabianSchurig/bitbucket-cli/internal/commands/commands.gen.go:1204.60,1235.55 2 0
github.com/FabianSchurig/bitbucket-cli/internal/commands/commands.gen.go:1235.55,1243.22 3 0
github.com/FabianSchurig/bitbucket-cli/internal/commands/commands.gen.go:1243.22,1245.5 1 0
github.com/FabianSchurig/bitbucket-cli/internal/commands/commands.gen.go:1246.4,1246.26 1 0
github.com/FabianSchurig/bitbucket-cli/internal/commands/commands.gen.go:1246.26,1248.5 1 0
github.com/FabianSchurig/bitbucket-cli/internal/commands/commands.gen.go:1249.4,1249.37 1 0
github.com/FabianSchurig/bitbucket-cli/internal/commands/commands.gen.go:1249.37,1251.5 1 0
github.com/FabianSchurig/bitbucket-cli/internal/commands/commands.gen.go:1252.4,1252.37 1 0
github.com/FabianSchurig/bitbucket-cli/internal/commands/commands.gen.go:1252.37,1254.5 1 0
github.com/FabianSchurig/bitbucket-cli/internal/commands/commands.gen.go:1255.4,1256.18 2 0
github.com/FabianSchurig/bitbucket-cli/internal/commands/commands.gen.go:1256.18,1258.5 1 0
github.com/FabianSchurig/bitbucket-cli/internal/commands/commands.gen.go:1259.4,1260.18 2 0
github.com/FabianSchurig/bitbucket-cli/internal/commands/commands.gen.go:1260.18,1262.32 2 0
github.com/FabianSchurig/bitbucket-cli/internal/commands/commands.gen.go:1262.32,1264.6 1 0
github.com/FabianSchurig/bitbucket-cli/internal/commands/commands.gen.go:1265.5,1265.29 1 0
github.com/FabianSchurig/bitbucket-cli/internal/commands/commands.gen.go:1265.29,1267.6 1 0
github.com/FabianSchurig/bitbucket-cli/internal/commands/commands.gen.go:1268.5,1268.28 1 0
github.com/FabianSchurig/bitbucket-cli/internal/commands/commands.gen.go:1268.28,1270.6 1 0
github.com/FabianSchurig/bitbucket-cli/internal/commands/commands.gen.go:1271.5,1271.29 1 0
github.com/FabianSchurig/bitbucket-cli/internal/commands/commands.gen.go:1271.29,1273.6 1 0
github.com/FabianSchurig/bitbucket-cli/internal/commands/commands.gen.go:1274.5,1274.33 1 0
github.com/FabianSchurig/bitbucket-cli/internal/commands/commands.gen.go:1274.33,1276.6 1 0
github.com/FabianSchurig/bitbucket-cli/internal/commands/commands.gen.go:1277.5,1277.31 1 0
github.com/FabianSchurig/bitbucket-cli/internal/commands/commands.gen.go:1277.31,1279.6 1 0
github.com/FabianSchurig/bitbucket-cli/internal/commands/commands.gen.go:1280.5,1280.26 1 0
github.com/FabianSchurig/bitbucket-cli/internal/commands/commands.gen.go:1280.26,1282.6 1 0
github.com/FabianSchurig/bitbucket-cli/internal/commands/commands.gen.go:1283.5,1283.26 1 0
github.com/FabianSchurig/bitbucket-cli/internal/commands/commands.gen.go:1283.26,1285.6 1 0
github.com/FabianSchurig/bitbucket-cli/internal/commands/commands.gen.go:1286.5,1286.20 1 0
github.com/FabianSchurig/bitbucket-cli/internal/commands/commands.gen.go:1286.20,1288.6 1 0
github.com/FabianSchurig/bitbucket-cli/internal/commands/commands.gen.go:1289.5,1289.41 1 0
github.com/FabianSchurig/bitbucket-cli/internal/commands/commands.gen.go:1289.41,1291.6 1 0
github.com/FabianSchurig/bitbucket-cli/internal/commands/commands.gen.go:1292.5,1292.41 1 0
github.com/FabianSchurig/bitbucket-cli/internal/commands/commands.gen.go:1292.41,1294.6 1 0
github.com/FabianSchurig/bitbucket-cli/internal/commands/commands.gen.go:1295.5,1295.29 1 0
github.com/FabianSchurig/bitbucket-cli/internal/commands/commands.gen.go:1295.29,1297.6 1 0
github.com/FabianSchurig/bitbucket-cli/internal/commands/commands.gen.go:1298.5,1298.36 1 0
github.com/FabianSchurig/bitbucket-cli/internal/commands/commands.gen.go:1298.36,1300.6 1 0
github.com/FabianSchurig/bitbucket-cli/internal/commands/commands.gen.go:1301.5,1301.39 1 0
github.com/FabianSchurig/bitbucket-cli/internal/commands/commands.gen.go:1301.39,1303.6 1 0
github.com/FabianSchurig/bitbucket-cli/internal/commands/commands.gen.go:1304.5,1304.35 1 0
github.com/FabianSchurig/bitbucket-cli/internal/commands/commands.gen.go:1304.35,1306.6 1 0
github.com/FabianSchurig/bitbucket-cli/internal/commands/commands.gen.go:1307.5,1307.35 1 0
github.com/FabianSchurig/bitbucket-cli/internal/commands/commands.gen.go:1307.35,1309.6 1 0
github.com/FabianSchurig/bitbucket-cli/internal/commands/commands.gen.go:1310.5,1310.31 1 0
github.com/FabianSchurig/bitbucket-cli/internal/commands/commands.gen.go:1310.31,1312.6 1 0
github.com/FabianSchurig/bitbucket-cli/internal/commands/commands.gen.go:1313.5,1313.33 1 0
github.com/FabianSchurig/bitbucket-cli/internal/commands/commands.gen.go:1313.33,1315.6 1 0
github.com/FabianSchurig/bitbucket-cli/internal/commands/commands.gen.go:1316.5,1316.25 1 0
github.com/FabianSchurig/bitbucket-cli/internal/commands/commands.gen.go:1316.25,1319.6 2 0
github.com/FabianSchurig/bitbucket-cli/internal/commands/commands.gen.go:1321.4,1328.6 1 0
github.com/FabianSchurig/bitbucket-cli/internal/commands/commands.gen.go:1331.2,1354.12 24 0
github.com/FabianSchurig/bitbucket-cli/internal/commands/commands.gen.go:1359.60,1371.55 2 0
github.com/FabianSchurig/bitbucket-cli/internal/commands/commands.gen.go:1371.55,1379.22 3 0
github.com/FabianSchurig/bitbucket-cli/internal/commands/commands.gen.go:1379.22,1381.5 1 0
github.com/FabianSchurig/bitbucket-cli/internal/commands/commands.gen.go:1382.4,1382.26 1 0
github.com/FabianSchurig/bitbucket-cli/internal/commands/commands.gen.go:1382.26,1384.5 1 0
github.com/FabianSchurig/bitbucket-cli/internal/commands/commands.gen.go:1385.4,1385.37 1 0
github.com/FabianSchurig/bitbucket-cli/internal/commands/commands.gen.go:1385.37,1387.5 1 0
github.com/FabianSchurig/bitbucket-cli/internal/commands/commands.gen.go:1388.4,1388.37 1 0
github.com/FabianSchurig/bitbucket-cli/internal/commands/commands.gen.go:1388.37,1390.5 1 0
github.com/FabianSchurig/bitbucket-cli/internal/commands/commands.gen.go:1391.4,1392.18 2 0
github.com/FabianSchurig/bitbucket-cli/internal/commands/commands.gen.go:1392.18,1394.5 1 0
github.com/FabianSchurig/bitbucket-cli/internal/commands/commands.gen.go:1395.4,1404.6 3 0
github.com/FabianSchurig/bitbucket-cli/internal/commands/commands.gen.go:1407.2,1411.12 5 0
github.com/FabianSchurig/bitbucket-cli/internal/commands/commands.gen.go:1416.53,1428.55 2 0
github.com/FabianSchurig/bitbucket-cli/internal/commands/commands.gen.go:1428.55,1436.22 3 0
github.com/FabianSchurig/bitbucket-cli/internal/commands/commands.gen.go:1436.22,1438.5 1 0
github.com/FabianSchurig/bitbucket-cli/internal/commands/commands.gen.go:1439.4,1439.26 1 0
github.com/FabianSchurig/bitbucket-cli/internal/commands/commands.gen.go:1439.26,1441.5 1 0
github.com/FabianSchurig/bitbucket-cli/internal/commands/commands.gen.go:1442.4,1442.37 1 0
github.com/FabianSchurig/bitbucket-cli/internal/commands/commands.gen.go:1442.37,1444.5 1 0
github.com/FabianSchurig/bitbucket-cli/internal/commands/commands.gen.go:1445.4,1445.37 1 0
github.com/FabianSchurig/bitbucket-cli/internal/commands/commands.gen.go:1445.37,1447.5 1 0
github.com/FabianSchurig/bitbucket-cli/internal/commands/commands.gen.go:1448.4,1449.18 2 0
github.com/FabianSchurig/bitbucket-cli/internal/commands/commands.gen.go:1449.18,1451.5 1 0
github.com/FabianSchurig/bitbucket-cli/internal/commands/commands.gen.go:1452.4,1461.6 3 0
github.com/FabianSchurig/bitbucket-cli/internal/commands/commands.gen.go:1464.2,1468.12 5 0
github.com/FabianSchurig/bitbucket-cli/internal/commands/commands.gen.go:1473.52,1485.55 2 0
github.com/FabianSchurig/bitbucket-cli/internal/commands/commands.gen.go:1485.55,1493.22 3 0
github.com/FabianSchurig/bitbucket-cli/internal/commands/commands.gen.go:1493.22,1495.5 1 0
github.com/FabianSchurig/bitbucket-cli/internal/commands/commands.gen.go:1496.4,1496.26 1 0
github.com/FabianSchurig/bitbucket-cli/internal/commands/commands.gen.go:1496.26,1498.5 1 0
github.com/FabianSchurig/bitbucket-cli/internal/commands/commands.gen.go:1499.4,1499.37 1 0
github.com/FabianSchurig/bitbucket-cli/internal/commands/commands.gen.go:1499.37,1501.5 1 0
github.com/FabianSchurig/bitbucket-cli/internal/commands/commands.gen.go:1502.4,1502.37 1 0
github.com/FabianSchurig/bitbucket-cli/internal/commands/commands.gen.go:1502.37,1504.5 1 0
github.com/FabianSchurig/bitbucket-cli/internal/commands/commands.gen.go:1505.4,1506.18 2 0
github.com/FabianSchurig/bitbucket-cli/internal/commands/commands.gen.go:1506.18,1508.5 1 0
github.com/FabianSchurig/bitbucket-cli/internal/commands/commands.gen.go:1509.4,1518.6 3 0
github.com/FabianSchurig/bitbucket-cli/internal/commands/commands.gen.go:1521.2,1525.12 5 0
github.com/FabianSchurig/bitbucket-cli/internal/commands/commands.gen.go:1530.57,1544.55 2 0
github.com/FabianSchurig/bitbucket-cli/internal/commands/commands.gen.go:1544.55,1551.26 3 0
github.com/FabianSchurig/bitbucket-cli/internal/commands/commands.gen.go:1551.26,1553.5 1 0
github.com/FabianSchurig/bitbucket-cli/internal/commands/commands.gen.go:1554.4,1554.37 1 0
github.com/FabianSchurig/bitbucket-cli/internal/commands/commands.gen.go:1554.37,1556.5 1 0
github.com/FabianSchurig/bitbucket-cli/internal/commands/commands.gen.go:1557.4,1557.37 1 0
github.com/FabianSchurig/bitbucket-cli/internal/commands/commands.gen.go:1557.37,1559.5 1 0
github.com/FabianSchurig/bitbucket-cli/internal/commands/commands.gen.go:1560.4,1561.18 2 0
github.com/FabianSchurig/bitbucket-cli/internal/commands/commands.gen.go:1561.18,1563.5 1 0
github.com/FabianSchurig/bitbucket-cli/internal/commands/commands.gen.go:1564.4,1573.6 3 0
github.com/FabianSchurig/bitbucket-cli/internal/commands/commands.gen.go:1576.2,1579.12 4 0
github.com/FabianSchurig/bitbucket-cli/internal/commands/commands.gen.go:1584.51,1595.55 2 0
github.com/FabianSchurig/bitbucket-cli/internal/commands/commands.gen.go:1595.55,1602.26 3 0
github.com/FabianSchurig/bitbucket-cli/internal/commands/commands.gen.go:1602.26,1604.5 1 0
github.com/FabianSchurig/bitbucket-cli/internal/commands/commands.gen.go:1605.4,1605.37 1 0
github.com/FabianSchurig/bitbucket-cli/internal/commands/commands.gen.go:1605.37,1607.5 1 0
github.com/FabianSchurig/bitbucket-cli/internal/commands/commands.gen.go:1608.4,1608.37 1 0
github.com/FabianSchurig/bitbucket-cli/internal/commands/commands.gen.go:1608.37,1610.5 1 0
github.com/FabianSchurig/bitbucket-cli/internal/commands/commands.gen.go:1611.4,1612.18 2 0
github.com/FabianSchurig/bitbucket-cli/internal/commands/commands.gen.go:1612.18,1614.5 1 0
github.com/FabianSchurig/bitbucket-cli/internal/commands/commands.gen.go:1615.4,1624.6 3 0
github.com/FabianSchurig/bitbucket-cli/internal/commands/commands.gen.go:1627.2,1630.12 4 0
github.com/FabianSchurig/bitbucket-cli/internal/commands/commands.gen.go:1635.57,1647.55 2 0
github.com/FabianSchurig/bitbucket-cli/internal/commands/commands.gen.go:1647.55,1654.26 3 0
github.com/FabianSchurig/bitbucket-cli/internal/commands/commands.gen.go:1654.26,1656.5 1 0
github.com/FabianSchurig/bitbucket-cli/internal/commands/commands.gen.go:1657.4,1657.37 1 0
github.com/FabianSchurig/bitbucket-cli/internal/commands/commands.gen.go:1657.37,1659.5 1 0
github.com/FabianSchurig/bitbucket-cli/internal/commands/commands.gen.go:1660.4,1660.37 1 0
github.com/FabianSchurig/bitbucket-cli/internal/commands/commands.gen.go:1660.37,1662.5 1 0
github.com/FabianSchurig/bitbucket-cli/internal/commands/commands.gen.go:1663.4,1664.18 2 0
github.com/FabianSchurig/bitbucket-cli/internal/commands/commands.gen.go:1664.18,1666.5 1 0
github.com/FabianSchurig/bitbucket-cli/internal/commands/commands.gen.go:1667.4,1676.6 3 0
github.com/FabianSchurig/bitbucket-cli/internal/commands/commands.gen.go:1679.2,1682.12 4 0
github.com/FabianSchurig/bitbucket-cli/internal/commands/commands.gen.go:1687.61,1699.55 2 0
github.com/FabianSchurig/bitbucket-cli/internal/commands/commands.gen.go:1699.55,1706.26 3 0
github.com/FabianSchurig/bitbucket-cli/internal/commands/commands.gen.go:1706.26,1708.5 1 0
github.com/FabianSchurig/bitbucket-cli/internal/commands/commands.gen.go:1709.4,1709.37 1 0
github.com/FabianSchurig/bitbucket-cli/internal/commands/commands.gen.go:1709.37,1711.5 1 0
github.com/FabianSchurig/bitbucket-cli/internal/commands/commands.gen.go:1712.4,1712.37 1 0
github.com/FabianSchurig/bitbucket-cli/internal/commands/commands.gen.go:1712.37,1714.5 1 0
github.com/FabianSchurig/bitbucket-cli/internal/commands/commands.gen.go:1715.4,1716.18 2 0
github.com/FabianSchurig/bitbucket-cli/internal/commands/commands.gen.go:1716.18,1718.5 1 0
github.com/FabianSchurig/bitbucket-cli/internal/commands/commands.gen.go:1719.4,1728.6 3 0
github.com/FabianSchurig/bitbucket-cli/internal/commands/commands.gen.go:1731.2,1734.12 4 0
github.com/FabianSchurig/bitbucket-cli/internal/commands/commands.gen.go:1739.49,1756.55 2 0
github.com/FabianSchurig/bitbucket-cli/internal/commands/commands.gen.go:1756.55,1763.26 3 0
github.com/FabianSchurig/bitbucket-cli/internal/commands/commands.gen.go:1763.26,1765.5 1 0
github.com/FabianSchurig/bitbucket-cli/internal/commands/commands.gen.go:1766.4,1766.37 1 0
github.com/FabianSchurig/bitbucket-cli/internal/commands/commands.gen.go:1766.37,1768.5 1 0
github.com/FabianSchurig/bitbucket-cli/internal/commands/commands.gen.go:1769.4,1769.37 1 0
github.com/FabianSchurig/bitbucket-cli/internal/commands/commands.gen.go:1769.37,1771.5 1 0
github.com/FabianSchurig/bitbucket-cli/internal/commands/commands.gen.go:1772.4,1773.18 2 0
github.com/FabianSchurig/bitbucket-cli/internal/commands/commands.gen.go:1773.18,1775.5 1 0
github.com/FabianSchurig/bitbucket-cli/internal/commands/commands.gen.go:1776.4,1779.18 2 0
github.com/FabianSchurig/bitbucket-cli/internal/commands/commands.gen.go:1779.18,1781.30 2 0
github.com/FabianSchurig/bitbucket-cli/internal/commands/commands.gen.go:1781.30,1783.6 1 0
github.com/FabianSchurig/bitbucket-cli/internal/commands/commands.gen.go:1784.5,1784.32 1 0
github.com/FabianSchurig/bitbucket-cli/internal/commands/commands.gen.go:1784.32,1786.6 1 0
github.com/FabianSchurig/bitbucket-cli/internal/commands/commands.gen.go:1787.5,1787.26 1 0
github.com/FabianSchurig/bitbucket-cli/internal/commands/commands.gen.go:1787.26,1789.6 1 0
github.com/FabianSchurig/bitbucket-cli/internal/commands/commands.gen.go:1790.5,1790.23 1 0
github.com/FabianSchurig/bitbucket-cli/internal/commands/commands.gen.go:1790.23,1792.6 1 0
github.com/FabianSchurig/bitbucket-cli/internal/commands/commands.gen.go:1793.5,1793.25 1 0
github.com/FabianSchurig/bitbucket-cli/internal/commands/commands.gen.go:1793.25,1796.6 2 0
github.com/FabianSchurig/bitbucket-cli/internal/commands/commands.gen.go:1798.4,1805.6 1 0
github.com/FabianSchurig/bitbucket-cli/internal/commands/commands.gen.go:1808.2,1817.12 10 0
github.com/FabianSchurig/bitbucket-cli/internal/commands/commands.gen.go:1822.68,1834.55 2 0
github.com/FabianSchurig/bitbucket-cli/internal/commands/commands.gen.go:1834.55,1842.26 3 0
github.com/FabianSchurig/bitbucket-cli/internal/commands/commands.gen.go:1842.26,1844.5 1 0
github.com/FabianSchurig/bitbucket-cli/internal/commands/commands.gen.go:1845.4,1845.37 1 0
github.com/FabianSchurig/bitbucket-cli/internal/commands/commands.gen.go:1845.37,1847.5 1 0
github.com/FabianSchurig/bitbucket-cli/internal/commands/commands.gen.go:1848.4,1848.35 1 0
github.com/FabianSchurig/bitbucket-cli/internal/commands/commands.gen.go:1848.35,1850.5 1 0
github.com/FabianSchurig/bitbucket-cli/internal/commands/commands.gen.go:1851.4,1851.37 1 0
github.com/FabianSchurig/bitbucket-cli/internal/commands/commands.gen.go:1851.37,1853.5 1 0
github.com/FabianSchurig/bitbucket-cli/internal/commands/commands.gen.go:1854.4,1855.18 2 0
github.com/FabianSchurig/bitbucket-cli/internal/commands/commands.gen.go:1855.18,1857.5 1 0
github.com/FabianSchurig/bitbucket-cli/internal/commands/commands.gen.go:1858.4,1867.6 3 0
github.com/FabianSchurig/bitbucket-cli/internal/commands/commands.gen.go:1870.2,1874.12 5 0
github.com/FabianSchurig/bitbucket-cli/internal/commands/commands.gen.go:1879.58,1891.55 2 0
github.com/FabianSchurig/bitbucket-cli/internal/commands/commands.gen.go:1891.55,1898.26 3 0
github.com/FabianSchurig/bitbucket-cli/internal/commands/commands.gen.go:1898.26,1900.5 1 0
github.com/FabianSchurig/bitbucket-cli/internal/commands/commands.gen.go:1901.4,1901.37 1 0
github.com/FabianSchurig/bitbucket-cli/internal/commands/commands.gen.go:1901.37,1903.5 1 0
github.com/FabianSchurig/bitbucket-cli/internal/commands/commands.gen.go:1904.4,1904.37 1 0
github.com/FabianSchurig/bitbucket-cli/internal/commands/commands.gen.go:1904.37,1906.5 1 0
github.com/FabianSchurig/bitbucket-cli/internal/commands/commands.gen.go:1907.4,1908.18 2 0
github.com/FabianSchurig/bitbucket-cli/internal/commands/commands.gen.go:1908.18,1910.5 1 0
github.com/FabianSchurig/bitbucket-cli/internal/commands/commands.gen.go:1911.4,1920.6 3 0
github.com/FabianSchurig/bitbucket-cli/internal/commands/commands.gen.go:1923.2,1926.12 4 0
github.com/FabianSchurig/bitbucket-cli/internal/commands/commands.gen.go:1931.61,1942.55 2 0
github.com/FabianSchurig/bitbucket-cli/internal/commands/commands.gen.go:1942.55,1949.26 3 0
github.com/FabianSchurig/bitbucket-cli/internal/commands/commands.gen.go:1949.26,1951.5 1 0
github.com/FabianSchurig/bitbucket-cli/internal/commands/commands.gen.go:1952.4,1952.37 1 0
github.com/FabianSchurig/bitbucket-cli/internal/commands/commands.gen.go:1952.37,1954.5 1 0
github.com/FabianSchurig/bitbucket-cli/internal/commands/commands.gen.go:1955.4,1955.37 1 0
github.com/FabianSchurig/bitbucket-cli/internal/commands/commands.gen.go:1955.37,1957.5 1 0
github.com/FabianSchurig/bitbucket-cli/internal/commands/commands.gen.go:1958.4,1959.18 2 0
github.com/FabianSchurig/bitbucket-cli/internal/commands/commands.gen.go:1959.18,1961.5 1 0
github.com/FabianSchurig/bitbucket-cli/internal/commands/commands.gen.go:1962.4,1971.6 3 0
github.com/FabianSchurig/bitbucket-cli/internal/commands/commands.gen.go:1974.2,1977.12 4 0
github.com/FabianSchurig/bitbucket-cli/internal/commands/commands.gen.go:1982.66,1993.55 2 0
github.com/FabianSchurig/bitbucket-cli/internal/commands/commands.gen.go:1993.55,2000.26 3 0
github.com/FabianSchurig/bitbucket-cli/internal/commands/commands.gen.go:2000.26,2002.5 1 0
github.com/FabianSchurig/bitbucket-cli/internal/commands/commands.gen.go:2003.4,2003.37 1 0
github.com/FabianSchurig/bitbucket-cli/internal/commands/commands.gen.go:2003.37,2005.5 1 0
github.com/FabianSchurig/bitbucket-cli/internal/commands/commands.gen.go:2006.4,2006.37 1 0
github.com/FabianSchurig/bitbucket-cli/internal/commands/commands.gen.go:2006.37,2008.5 1 0
github.com/FabianSchurig/bitbucket-cli/internal/commands/commands.gen.go:2009.4,2010.18 2 0
github.com/FabianSchurig/bitbucket-cli/internal/commands/commands.gen.go:2010.18,2012.5 1 0
github.com/FabianSchurig/bitbucket-cli/internal/commands/commands.gen.go:2013.4,2022.6 3 0
github.com/FabianSchurig/bitbucket-cli/internal/commands/commands.gen.go:2025.2,2028.12 4 0
github.com/FabianSchurig/bitbucket-cli/internal/commands/commands.gen.go:2033.65,2050.55 2 0
github.com/FabianSchurig/bitbucket-cli/internal/commands/commands.gen.go:2050.55,2057.26 3 0
github.com/FabianSchurig/bitbucket-cli/internal/commands/commands.gen.go:2057.26,2059.5 1 0
github.com/FabianSchurig/bitbucket-cli/internal/commands/commands.gen.go:2060.4,2060.37 1 0
github.com/FabianSchurig/bitbucket-cli/internal/commands/commands.gen.go:2060.37,2062.5 1 0
github.com/FabianSchurig/bitbucket-cli/internal/commands/commands.gen.go:2063.4,2063.37 1 0
github.com/FabianSchurig/bitbucket-cli/internal/commands/commands.gen.go:2063.37,2065.5 1 0
github.com/FabianSchurig/bitbucket-cli/internal/commands/commands.gen.go:2066.4,2067.18 2 0
github.com/FabianSchurig/bitbucket-cli/internal/commands/commands.gen.go:2067.18,2069.5 1 0
github.com/FabianSchurig/bitbucket-cli/internal/commands/commands.gen.go:2070.4,2084.6 3 0
github.com/FabianSchurig/bitbucket-cli/internal/commands/commands.gen.go:2087.2,2095.12 9 0
github.com/FabianSchurig/bitbucket-cli/internal/commands/commands.gen.go:2100.55,2119.55 2 0
github.com/FabianSchurig/bitbucket-cli/internal/commands/commands.gen.go:2119.55,2126.26 3 0
github.com/FabianSchurig/bitbucket-cli/internal/commands/commands.gen.go:2126.26,2128.5 1 0
github.com/FabianSchurig/bitbucket-cli/internal/commands/commands.gen.go:2129.4,2129.37 1 0
github.com/FabianSchurig/bitbucket-cli/internal/commands/commands.gen.go:2129.37,2131.5 1 0
github.com/FabianSchurig/bitbucket-cli/internal/commands/commands.gen.go:2132.4,2132.37 1 0
github.com/FabianSchurig/bitbucket-cli/internal/commands/commands.gen.go:2132.37,2134.5 1 0
github.com/FabianSchurig/bitbucket-cli/internal/commands/commands.gen.go:2135.4,2136.18 2 0
github.com/FabianSchurig/bitbucket-cli/internal/commands/commands.gen.go:2136.18,2138.5 1 0
github.com/FabianSchurig/bitbucket-cli/internal/commands/commands.gen.go:2139.4,2153.6 3 0
github.com/FabianSchurig/bitbucket-cli/internal/commands/commands.gen.go:2156.2,2164.12 9 0
github.com/FabianSchurig/bitbucket-cli/internal/commands/commands.gen.go:2169.57,2197.55 2 0
github.com/FabianSchurig/bitbucket-cli/internal/commands/commands.gen.go:2197.55,2204.26 3 0
github.com/FabianSchurig/bitbucket-cli/internal/commands/commands.gen.go:2204.26,2206.5 1 0
github.com/FabianSchurig/bitbucket-cli/internal/commands/commands.gen.go:2207.4,2207.37 1 0
github.com/FabianSchurig/bitbucket-cli/internal/commands/commands.gen.go:2207.37,2209.5 1 0
github.com/FabianSchurig/bitbucket-cli/internal/commands/commands.gen.go:2210.4,2210.37 1 0
github.com/FabianSchurig/bitbucket-cli/internal/commands/commands.gen.go:2210.37,2212.5 1 0
github.com/FabianSchurig/bitbucket-cli/internal/commands/commands.gen.go:2213.4,2214.18 2 0
github.com/FabianSchurig/bitbucket-cli/internal/commands/commands.gen.go:2214.18,2216.5 1 0
github.com/FabianSchurig/bitbucket-cli/internal/commands/commands.gen.go:2217.4,2218.18 2 0
github.com/FabianSchurig/bitbucket-cli/internal/commands/commands.gen.go:2218.18,2220.39 2 0
github.com/FabianSchurig/bitbucket-cli/internal/commands/commands.gen.go:2220.39,2222.6 1 0
github.com/FabianSchurig/bitbucket-cli/internal/commands/commands.gen.go:2223.5,2223.36 1 0
github.com/FabianSchurig/bitbucket-cli/internal/commands/commands.gen.go:2223.36,2225.6 1 0
github.com/FabianSchurig/bitbucket-cli/internal/commands/commands.gen.go:2226.5,2226.35 1 0
github.com/FabianSchurig/bitbucket-cli/internal/commands/commands.gen.go:2226.35,2228.6 1 0
github.com/FabianSchurig/bitbucket-cli/internal/commands/commands.gen.go:2229.5,2229.36 1 0
github.com/FabianSchurig/bitbucket-cli/internal/commands/commands.gen.go:2229.36,2231.6 1 0
github.com/FabianSchurig/bitbucket-cli/internal/commands/commands.gen.go:2232.5,2232.40 1 0
github.com/FabianSchurig/bitbucket-cli/internal/commands/commands.gen.go:2232.40,2234.6 1 0
github.com/FabianSchurig/bitbucket-cli/internal/commands/commands.gen.go:2235.5,2235.38 1 0
github.com/FabianSchurig/bitbucket-cli/internal/commands/commands.gen.go:2235.38,2237.6 1 0
github.com/FabianSchurig/bitbucket-cli/internal/commands/commands.gen.go:2238.5,2238.33 1 0
github.com/FabianSchurig/bitbucket-cli/internal/commands/commands.gen.go:2238.33,2240.6 1 0
github.com/FabianSchurig/bitbucket-cli/internal/commands/commands.gen.go:2241.5,2241.33 1 0
github.com/FabianSchurig/bitbucket-cli/internal/commands/commands.gen.go:2241.33,2243.6 1 0
github.com/FabianSchurig/bitbucket-cli/internal/commands/commands.gen.go:2244.5,2244.27 1 0
github.com/FabianSchurig/bitbucket-cli/internal/commands/commands.gen.go:2244.27,2246.6 1 0
github.com/FabianSchurig/bitbucket-cli/internal/commands/commands.gen.go:2247.5,2247.29 1 0
github.com/FabianSchurig/bitbucket-cli/internal/commands/commands.gen.go:2247.29,2249.6 1 0
github.com/FabianSchurig/bitbucket-cli/internal/commands/commands.gen.go:2250.5,2250.20 1 0
github.com/FabianSchurig/bitbucket-cli/internal/commands/commands.gen.go:2250.20,2252.6 1 0
github.com/FabianSchurig/bitbucket-cli/internal/commands/commands.gen.go:2253.5,2253.25 1 0
github.com/FabianSchurig/bitbucket-cli/internal/commands/commands.gen.go:2253.25,2256.6 2 0
github.com/FabianSchurig/bitbucket-cli/internal/commands/commands.gen.go:2258.4,2265.6 1 0
github.com/FabianSchurig/bitbucket-cli/internal/commands/commands.gen.go:2268.2,2283.12 16 0
github.com/FabianSchurig/bitbucket-cli/internal/commands/commands.gen.go:2288.54,2300.55 2 0
github.com/FabianSchurig/bitbucket-cli/internal/commands/commands.gen.go:2300.55,2308.26 3 0
github.com/FabianSchurig/bitbucket-cli/internal/commands/commands.gen.go:2308.26,2310.5 1 0
github.com/FabianSchurig/bitbucket-cli/internal/commands/commands.gen.go:2311.4,2311.37 1 0
github.com/FabianSchurig/bitbucket-cli/internal/commands/commands.gen.go:2311.37,2313.5 1 0
github.com/FabianSchurig/bitbucket-cli/internal/commands/commands.gen.go:2314.4,2314.19 1 0
github.com/FabianSchurig/bitbucket-cli/internal/commands/commands.gen.go:2314.19,2316.5 1 0
github.com/FabianSchurig/bitbucket-cli/internal/commands/commands.gen.go:2317.4,2317.37 1 0
github.com/FabianSchurig/bitbucket-cli/internal/commands/commands.gen.go:2317.37,2319.5 1 0
github.com/FabianSchurig/bitbucket-cli/internal/commands/commands.gen.go:2320.4,2321.18 2 0
github.com/FabianSchurig/bitbucket-cli/internal/commands/commands.gen.go:2321.18,2323.5 1 0
github.com/FabianSchurig/bitbucket-cli/internal/commands/commands.gen.go:2324.4,2333.6 3 0
github.com/FabianSchurig/bitbucket-cli/internal/commands/commands.gen.go:2336.2,2340.12 5 0
github.com/FabianSchurig/bitbucket-cli/internal/commands/commands.gen.go:2345.57,2360.55 2 0
github.com/FabianSchurig/bitbucket-cli/internal/commands/commands.gen.go:2360.55,2368.26 3 0
github.com/FabianSchurig/bitbucket-cli/internal/commands/commands.gen.go:2368.26,2370.5 1 0
github.com/FabianSchurig/bitbucket-cli/internal/commands/commands.gen.go:2371.4,2371.37 1 0
github.com/FabianSchurig/bitbucket-cli/internal/commands/commands.gen.go:2371.37,2373.5 1 0
github.com/FabianSchurig/bitbucket-cli/internal/commands/commands.gen.go:2374.4,2374.19 1 0
github.com/FabianSchurig/bitbucket-cli/internal/commands/commands.gen.go:2374.19,2376.5 1 0
github.com/FabianSchurig/bitbucket-cli/internal/commands/commands.gen.go:2377.4,2377.37 1 0
github.com/FabianSchurig/bitbucket-cli/internal/commands/commands.gen.go:2377.37,2379.5 1 0
github.com/FabianSchurig/bitbucket-cli/internal/commands/commands.gen.go:2380.4,2381.18 2 0
github.com/FabianSchurig/bitbucket-cli/internal/commands/commands.gen.go:2381.18,2383.5 1 0
github.com/FabianSchurig/bitbucket-cli/internal/commands/commands.gen.go:2384.4,2385.18 2 0
github.com/FabianSchurig/bitbucket-cli/internal/commands/commands.gen.go:2385.18,2387.29 2 0
github.com/FabianSchurig/bitbucket-cli/internal/commands/commands.gen.go:2387.29,2389.6 1 0
github.com/FabianSchurig/bitbucket-cli/internal/commands/commands.gen.go:2390.5,2390.24 1 0
github.com/FabianSchurig/bitbucket-cli/internal/commands/commands.gen.go:2390.24,2392.6 1 0
github.com/FabianSchurig/bitbucket-cli/internal/commands/commands.gen.go:2393.5,2393.25 1 0
github.com/FabianSchurig/bitbucket-cli/internal/commands/commands.gen.go:2393.25,2396.6 2 0
github.com/FabianSchurig/bitbucket-cli/internal/commands/commands.gen.go:2398.4,2405.6 1 0
github.com/FabianSchurig/bitbucket-cli/internal/commands/commands.gen.go:2408.2,2415.12 8 0
github.com/FabianSchurig/bitbucket-cli/internal/commands/commands.gen.go:2420.57,2432.55 2 0
github.com/FabianSchurig/bitbucket-cli/internal/commands/commands.gen.go:2432.55,2440.26 3 0
github.com/FabianSchurig/bitbucket-cli/internal/commands/commands.gen.go:2440.26,2442.5 1 0
github.com/FabianSchurig/bitbucket-cli/internal/commands/commands.gen.go:2443.4,2443.37 1 0
github.com/FabianSchurig/bitbucket-cli/internal/commands/commands.gen.go:2443.37,2445.5 1 0
github.com/FabianSchurig/bitbucket-cli/internal/commands/commands.gen.go:2446.4,2446.19 1 0
github.com/FabianSchurig/bitbucket-cli/internal/commands/commands.gen.go:2446.19,2448.5 1 0
github.com/FabianSchurig/bitbucket-cli/internal/commands/commands.gen.go:2449.4,2449.37 1 0
github.com/FabianSchurig/bitbucket-cli/internal/commands/commands.gen.go:2449.37,2451.5 1 0
github.com/FabianSchurig/bitbucket-cli/internal/commands/commands.gen.go:2452.4,2453.18 2 0
github.com/FabianSchurig/bitbucket-cli/internal/commands/commands.gen.go:2453.18,2455.5 1 0
github.com/FabianSchurig/bitbucket-cli/internal/commands/commands.gen.go:2456.4,2465.6 3 0
github.com/FabianSchurig/bitbucket-cli/internal/commands/commands.gen.go:2468.2,2472.12 5 0
github.com/FabianSchurig/bitbucket-cli/internal/commands/commands.gen.go:2477.65,2491.55 2 0
github.com/FabianSchurig/bitbucket-cli/internal/commands/commands.gen.go:2491.55,2497.41 3 0
github.com/FabianSchurig/bitbucket-cli/internal/commands/commands.gen.go:2497.41,2499.5 1 0
github.com/FabianSchurig/bitbucket-cli/internal/commands/commands.gen.go:2500.4,2500.37 1 0
github.com/FabianSchurig/bitbucket-cli/internal/commands/commands.gen.go:2500.37,2502.5 1 0
github.com/FabianSchurig/bitbucket-cli/internal/commands/commands.gen.go:2503.4,2504.18 2 0
github.com/FabianSchurig/bitbucket-cli/internal/commands/commands.gen.go:2504.18,2506.5 1 0
github.com/FabianSchurig/bitbucket-cli/internal/commands/commands.gen.go:2507.4,2520.6 3 0
github.com/FabianSchurig/bitbucket-cli/internal/commands/commands.gen.go:2523.2,2529.12 7 0
github.com/FabianSchurig/bitbucket-cli/internal/commands/commit-statuses.gen.go:34.48,50.2 3 0
github.com/FabianSchurig/bitbucket-cli/internal/commands/commit-statuses.gen.go:54.72,71.55 2 0
github.com/FabianSchurig/bitbucket-cli/internal/commands/commit-statuses.gen.go:71.55,78.34 3 0
github.com/FabianSchurig/bitbucket-cli/internal/commands/commit-statuses.gen.go:78.34,80.5 1 0
github.com/FabianSchurig/bitbucket-cli/internal/commands/commit-statuses.gen.go:81.4,81.37 1 0
github.com/FabianSchurig/bitbucket-cli/internal/commands/commit-statuses.gen.go:81.37,83.5 1 0
github.com/FabianSchurig/bitbucket-cli/internal/commands/commit-statuses.gen.go:84.4,84.37 1 0
github.com/FabianSchurig/bitbucket-cli/internal/commands/commit-statuses.gen.go:84.37,86.5 1 0
github.com/FabianSchurig/bitbucket-cli/internal/commands/commit-statuses.gen.go:87.4,88.18 2 0
github.com/FabianSchurig/bitbucket-cli/internal/commands/commit-statuses.gen.go:88.18,90.5 1 0
github.com/FabianSchurig/bitbucket-cli/internal/commands/commit-statuses.gen.go:91.4,106.6 3 0
github.com/FabianSchurig/bitbucket-cli/internal/commands/commit-statuses.gen.go:109.2,118.12 10 0
github.com/FabianSchurig/bitbucket-cli/internal/commands/commit-statuses.gen.go:123.72,141.55 2 0
github.com/FabianSchurig/bitbucket-cli/internal/commands/commit-statuses.gen.go:141.55,148.34 3 0
github.com/FabianSchurig/bitbucket-cli/internal/commands/commit-statuses.gen.go:148.34,150.5 1 0
github.com/FabianSchurig/bitbucket-cli/internal/commands/commit-statuses.gen.go:151.4,151.37 1 0
github.com/FabianSchurig/bitbucket-cli/internal/commands/commit-statuses.gen.go:151.37,153.5 1 0
github.com/FabianSchurig/bitbucket-cli/internal/commands/commit-statuses.gen.go:154.4,154.37 1 0
[...]
github.com/FabianSchurig/bitbucket-cli/scripts/internal/spec/body.go:315.32,317.22 2 0
github.com/FabianSchurig/bitbucket-cli/scripts/internal/spec/body.go:317.22,319.18 2 0
github.com/FabianSchurig/bitbucket-cli/scripts/internal/spec/body.go:319.18,321.5 1 0
github.com/FabianSchurig/bitbucket-cli/scripts/internal/spec/body.go:322.4,326.6 1 0
github.com/FabianSchurig/bitbucket-cli/scripts/internal/spec/body.go:328.3,328.13 1 0
github.com/FabianSchurig/bitbucket-cli/scripts/internal/spec/body.go:331.2,335.13 4 49
github.com/FabianSchurig/bitbucket-cli/scripts/internal/spec/body.go:336.38,337.53 1 33
github.com/FabianSchurig/bitbucket-cli/scripts/internal/spec/body.go:338.16,339.62 1 4
github.com/FabianSchurig/bitbucket-cli/scripts/internal/spec/body.go:339.62,341.23 2 4
github.com/FabianSchurig/bitbucket-cli/scripts/internal/spec/body.go:341.23,342.19 1 4
github.com/FabianSchurig/bitbucket-cli/scripts/internal/spec/body.go:342.19,344.6 1 4
github.com/FabianSchurig/bitbucket-cli/scripts/internal/spec/body.go:345.5,349.7 1 4
github.com/FabianSchurig/bitbucket-cli/scripts/internal/spec/body.go:352.15,354.19 2 12
github.com/FabianSchurig/bitbucket-cli/scripts/internal/spec/body.go:354.19,359.30 3 12
github.com/FabianSchurig/bitbucket-cli/scripts/internal/spec/body.go:359.30,361.5 1 20
github.com/FabianSchurig/bitbucket-cli/scripts/internal/spec/body.go:364.4,364.45 1 12
github.com/FabianSchurig/bitbucket-cli/scripts/internal/spec/body.go:364.45,366.28 2 4
github.com/FabianSchurig/bitbucket-cli/scripts/internal/spec/body.go:366.28,367.20 1 4
github.com/FabianSchurig/bitbucket-cli/scripts/internal/spec/body.go:367.20,369.7 1 0
github.com/FabianSchurig/bitbucket-cli/scripts/internal/spec/body.go:370.6,379.8 1 4
github.com/FabianSchurig/bitbucket-cli/scripts/internal/spec/body.go:384.4,384.67 1 8
github.com/FabianSchurig/bitbucket-cli/scripts/internal/spec/body.go:384.67,385.65 1 8
github.com/FabianSchurig/bitbucket-cli/scripts/internal/spec/body.go:385.65,387.29 2 8
github.com/FabianSchurig/bitbucket-cli/scripts/internal/spec/body.go:387.29,388.21 1 8
github.com/FabianSchurig/bitbucket-cli/scripts/internal/spec/body.go:388.21,390.8 1 0
github.com/FabianSchurig/bitbucket-cli/scripts/internal/spec/body.go:391.7,400.9 1 8
github.com/FabianSchurig/bitbucket-cli/scripts/internal/spec/body.go:404.5,404.36 1 0
github.com/FabianSchurig/bitbucket-cli/scripts/internal/spec/body.go:404.36,406.29 2 0
github.com/FabianSchurig/bitbucket-cli/scripts/internal/spec/body.go:406.29,407.21 1 0
github.com/FabianSchurig/bitbucket-cli/scripts/internal/spec/body.go:407.21,409.8 1 0
github.com/FabianSchurig/bitbucket-cli/scripts/internal/spec/body.go:410.7,419.9 1 0
github.com/FabianSchurig/bitbucket-cli/scripts/internal/spec/body.go:425.4,425.117 1 0
github.com/FabianSchurig/bitbucket-cli/scripts/internal/spec/body.go:425.117,426.19 1 0
github.com/FabianSchurig/bitbucket-cli/scripts/internal/spec/body.go:426.19,428.6 1 0
github.com/FabianSchurig/bitbucket-cli/scripts/internal/spec/body.go:429.5,430.23 2 0
github.com/FabianSchurig/bitbucket-cli/scripts/internal/spec/body.go:430.23,432.6 1 0
github.com/FabianSchurig/bitbucket-cli/scripts/internal/spec/body.go:433.5,442.7 1 0
github.com/FabianSchurig/bitbucket-cli/scripts/internal/spec/body.go:446.3,446.17 1 0
github.com/FabianSchurig/bitbucket-cli/scripts/internal/spec/body.go:446.17,448.4 1 0
github.com/FabianSchurig/bitbucket-cli/scripts/internal/spec/body.go:449.3,449.74 1 0
github.com/FabianSchurig/bitbucket-cli/scripts/internal/spec/body.go:451.2,451.12 1 0
github.com/FabianSchurig/bitbucket-cli/scripts/internal/spec/body.go:454.154,455.27 1 1
github.com/FabianSchurig/bitbucket-cli/scripts/internal/spec/body.go:455.27,456.64 1 0
github.com/FabianSchurig/bitbucket-cli/scripts/internal/spec/body.go:456.64,458.18 2 0
github.com/FabianSchurig/bitbucket-cli/scripts/internal/spec/body.go:458.18,460.5 1 0
github.com/FabianSchurig/bitbucket-cli/scripts/internal/spec/body.go:461.4,465.6 1 0
github.com/FabianSchurig/bitbucket-cli/scripts/internal/spec/body.go:467.3,467.13 1 0
github.com/FabianSchurig/bitbucket-cli/scripts/internal/spec/body.go:469.2,473.106 4 1
github.com/FabianSchurig/bitbucket-cli/scripts/internal/spec/body.go:473.106,475.3 1 1
github.com/FabianSchurig/bitbucket-cli/scripts/internal/spec/body.go:476.2,476.22 1 1
github.com/FabianSchurig/bitbucket-cli/scripts/internal/spec/body.go:476.22,478.3 1 0
github.com/FabianSchurig/bitbucket-cli/scripts/internal/spec/body.go:479.2,480.16 2 1
github.com/FabianSchurig/bitbucket-cli/scripts/internal/spec/body.go:480.16,483.38 2 1
github.com/FabianSchurig/bitbucket-cli/scripts/internal/spec/body.go:483.38,484.41 1 1
github.com/FabianSchurig/bitbucket-cli/scripts/internal/spec/body.go:484.41,486.5 1 1
github.com/FabianSchurig/bitbucket-cli/scripts/internal/spec/body.go:489.2,489.16 1 1
github.com/FabianSchurig/bitbucket-cli/scripts/internal/spec/body.go:489.16,491.3 1 1
github.com/FabianSchurig/bitbucket-cli/scripts/internal/spec/body.go:492.2,496.4 1 1
github.com/FabianSchurig/bitbucket-cli/scripts/internal/spec/body.go:499.61,500.31 1 1
github.com/FabianSchurig/bitbucket-cli/scripts/internal/spec/body.go:500.31,501.25 1 1
github.com/FabianSchurig/bitbucket-cli/scripts/internal/spec/body.go:501.25,503.4 1 0
github.com/FabianSchurig/bitbucket-cli/scripts/internal/spec/body.go:505.2,505.14 1 1
github.com/FabianSchurig/bitbucket-cli/scripts/internal/spec/body.go:508.85,510.9 2 1
github.com/FabianSchurig/bitbucket-cli/scripts/internal/spec/body.go:510.9,512.3 1 0
github.com/FabianSchurig/bitbucket-cli/scripts/internal/spec/body.go:513.2,514.20 2 1
github.com/FabianSchurig/bitbucket-cli/scripts/internal/spec/body.go:514.20,516.3 1 0
github.com/FabianSchurig/bitbucket-cli/scripts/internal/spec/body.go:517.2,518.50 2 1
github.com/FabianSchurig/bitbucket-cli/scripts/internal/spec/body.go:521.119,523.16 2 1
github.com/FabianSchurig/bitbucket-cli/scripts/internal/spec/body.go:523.16,525.3 1 0
github.com/FabianSchurig/bitbucket-cli/scripts/internal/spec/body.go:526.2,530.9 4 1
github.com/FabianSchurig/bitbucket-cli/scripts/internal/spec/body.go:530.9,532.3 1 0
github.com/FabianSchurig/bitbucket-cli/scripts/internal/spec/body.go:533.2,534.9 2 1
github.com/FabianSchurig/bitbucket-cli/scripts/internal/spec/body.go:534.9,536.3 1 0
github.com/FabianSchurig/bitbucket-cli/scripts/internal/spec/body.go:537.2,537.60 1 1
github.com/FabianSchurig/bitbucket-cli/scripts/internal/spec/body.go:540.134,541.46 1 1
github.com/FabianSchurig/bitbucket-cli/scripts/internal/spec/body.go:541.46,542.49 1 1
github.com/FabianSchurig/bitbucket-cli/scripts/internal/spec/body.go:542.49,543.42 1 1
github.com/FabianSchurig/bitbucket-cli/scripts/internal/spec/body.go:543.42,544.49 1 1
github.com/FabianSchurig/bitbucket-cli/scripts/internal/spec/body.go:544.49,546.6 1 1
github.com/FabianSchurig/bitbucket-cli/scripts/internal/spec/body.go:550.2,551.9 2 0
github.com/FabianSchurig/bitbucket-cli/scripts/internal/spec/body.go:551.9,553.3 1 0
github.com/FabianSchurig/bitbucket-cli/scripts/internal/spec/body.go:554.2,555.30 2 0
github.com/FabianSchurig/bitbucket-cli/scripts/internal/spec/body.go:555.30,557.10 2 0
github.com/FabianSchurig/bitbucket-cli/scripts/internal/spec/body.go:557.10,558.12 1 0
github.com/FabianSchurig/bitbucket-cli/scripts/internal/spec/body.go:560.3,560.40 1 0
github.com/FabianSchurig/bitbucket-cli/scripts/internal/spec/body.go:560.40,561.81 1 0
github.com/FabianSchurig/bitbucket-cli/scripts/internal/spec/body.go:561.81,563.5 1 0
github.com/FabianSchurig/bitbucket-cli/scripts/internal/spec/body.go:564.4,564.12 1 0
github.com/FabianSchurig/bitbucket-cli/scripts/internal/spec/body.go:566.3,566.75 1 0
github.com/FabianSchurig/bitbucket-cli/scripts/internal/spec/body.go:566.75,568.4 1 0
github.com/FabianSchurig/bitbucket-cli/scripts/internal/spec/body.go:570.2,570.19 1 0
github.com/FabianSchurig/bitbucket-cli/scripts/internal/spec/body.go:576.64,577.15 1 3
github.com/FabianSchurig/bitbucket-cli/scripts/internal/spec/body.go:577.15,579.3 1 0
github.com/FabianSchurig/bitbucket-cli/scripts/internal/spec/body.go:580.2,580.46 1 3
github.com/FabianSchurig/bitbucket-cli/scripts/internal/spec/body.go:580.46,582.10 2 3
github.com/FabianSchurig/bitbucket-cli/scripts/internal/spec/body.go:582.10,583.12 1 0
github.com/FabianSchurig/bitbucket-cli/scripts/internal/spec/body.go:585.3,585.35 1 3
github.com/FabianSchurig/bitbucket-cli/scripts/internal/spec/body.go:585.35,587.17 2 3
github.com/FabianSchurig/bitbucket-cli/scripts/internal/spec/body.go:587.17,588.13 1 0
github.com/FabianSchurig/bitbucket-cli/scripts/internal/spec/body.go:591.4,592.99 2 3
github.com/FabianSchurig/bitbucket-cli/scripts/internal/spec/body.go:592.99,593.76 1 0
github.com/FabianSchurig/bitbucket-cli/scripts/internal/spec/body.go:593.76,595.6 1 0
github.com/FabianSchurig/bitbucket-cli/scripts/internal/spec/body.go:597.4,597.14 1 3
github.com/FabianSchurig/bitbucket-cli/scripts/internal/spec/body.go:600.2,600.11 1 0
github.com/FabianSchurig/bitbucket-cli/scripts/internal/spec/body.go:605.80,607.9 2 0
github.com/FabianSchurig/bitbucket-cli/scripts/internal/spec/body.go:607.9,609.3 1 0
github.com/FabianSchurig/bitbucket-cli/scripts/internal/spec/body.go:610.2,611.9 2 0
github.com/FabianSchurig/bitbucket-cli/scripts/internal/spec/body.go:611.9,613.3 1 0
github.com/FabianSchurig/bitbucket-cli/scripts/internal/spec/body.go:614.2,615.9 2 0
github.com/FabianSchurig/bitbucket-cli/scripts/internal/spec/body.go:615.9,617.3 1 0
github.com/FabianSchurig/bitbucket-cli/scripts/internal/spec/body.go:618.2,619.9 2 0
github.com/FabianSchurig/bitbucket-cli/scripts/internal/spec/body.go:619.9,621.3 1 0
github.com/FabianSchurig/bitbucket-cli/scripts/internal/spec/body.go:622.2,623.9 2 0
github.com/FabianSchurig/bitbucket-cli/scripts/internal/spec/body.go:623.9,625.3 1 0
github.com/FabianSchurig/bitbucket-cli/scripts/internal/spec/body.go:626.2,627.12 2 0
github.com/FabianSchurig/bitbucket-cli/scripts/internal/spec/body.go:630.64,632.9 2 49
github.com/FabianSchurig/bitbucket-cli/scripts/internal/spec/body.go:632.9,634.3 1 37
github.com/FabianSchurig/bitbucket-cli/scripts/internal/spec/body.go:635.2,636.9 2 12
github.com/FabianSchurig/bitbucket-cli/scripts/internal/spec/body.go:636.9,638.3 1 0
github.com/FabianSchurig/bitbucket-cli/scripts/internal/spec/body.go:639.2,640.28 2 12
github.com/FabianSchurig/bitbucket-cli/scripts/internal/spec/body.go:640.28,642.3 1 96
github.com/FabianSchurig/bitbucket-cli/scripts/internal/spec/body.go:643.2,643.16 1 12
github.com/FabianSchurig/bitbucket-cli/scripts/internal/spec/body.go:643.16,645.3 1 12
github.com/FabianSchurig/bitbucket-cli/scripts/internal/spec/body.go:646.2,646.52 1 12
github.com/FabianSchurig/bitbucket-cli/scripts/internal/spec/helpers.go:19.31,22.26 3 51
github.com/FabianSchurig/bitbucket-cli/scripts/internal/spec/helpers.go:22.26,23.18 1 63
github.com/FabianSchurig/bitbucket-cli/scripts/internal/spec/helpers.go:23.18,24.12 1 0
github.com/FabianSchurig/bitbucket-cli/scripts/internal/spec/helpers.go:26.3,28.31 3 63
github.com/FabianSchurig/bitbucket-cli/scripts/internal/spec/helpers.go:30.2,30.19 1 51
github.com/FabianSchurig/bitbucket-cli/scripts/internal/spec/helpers.go:43.32,45.18 2 0
github.com/FabianSchurig/bitbucket-cli/scripts/internal/spec/helpers.go:45.18,47.3 1 0
github.com/FabianSchurig/bitbucket-cli/scripts/internal/spec/helpers.go:48.2,51.27 4 0
github.com/FabianSchurig/bitbucket-cli/scripts/internal/spec/helpers.go:51.27,53.3 1 0
github.com/FabianSchurig/bitbucket-cli/scripts/internal/spec/helpers.go:54.2,54.13 1 0
github.com/FabianSchurig/bitbucket-cli/scripts/internal/spec/helpers.go:58.32,60.2 1 0
github.com/FabianSchurig/bitbucket-cli/scripts/internal/spec/helpers.go:63.30,64.11 1 34
github.com/FabianSchurig/bitbucket-cli/scripts/internal/spec/helpers.go:65.17,66.15 1 5
github.com/FabianSchurig/bitbucket-cli/scripts/internal/spec/helpers.go:67.17,68.16 1 0
github.com/FabianSchurig/bitbucket-cli/scripts/internal/spec/helpers.go:69.10,70.18 1 29
github.com/FabianSchurig/bitbucket-cli/scripts/internal/spec/helpers.go:75.36,76.11 1 34
github.com/FabianSchurig/bitbucket-cli/scripts/internal/spec/helpers.go:77.13,78.13 1 5
github.com/FabianSchurig/bitbucket-cli/scripts/internal/spec/helpers.go:79.14,80.17 1 0
github.com/FabianSchurig/bitbucket-cli/scripts/internal/spec/helpers.go:81.10,82.14 1 29
github.com/FabianSchurig/bitbucket-cli/scripts/internal/spec/helpers.go:87.35,88.31 1 0
github.com/FabianSchurig/bitbucket-cli/scripts/internal/spec/helpers.go:88.31,90.3 1 0
github.com/FabianSchurig/bitbucket-cli/scripts/internal/spec/helpers.go:91.2,91.25 1 0
github.com/FabianSchurig/bitbucket-cli/scripts/internal/spec/helpers.go:95.31,96.46 1 3
github.com/FabianSchurig/bitbucket-cli/scripts/internal/spec/helpers.go:96.46,98.10 2 6
github.com/FabianSchurig/bitbucket-cli/scripts/internal/spec/helpers.go:98.10,99.12 1 3
github.com/FabianSchurig/bitbucket-cli/scripts/internal/spec/helpers.go:101.3,101.35 1 3
github.com/FabianSchurig/bitbucket-cli/scripts/internal/spec/helpers.go:101.35,103.91 2 3
github.com/FabianSchurig/bitbucket-cli/scripts/internal/spec/helpers.go:103.91,105.5 1 0
github.com/FabianSchurig/bitbucket-cli/scripts/internal/spec/helpers.go:108.2,108.14 1 3
github.com/FabianSchurig/bitbucket-cli/scripts/internal/spec/helpers.go:112.41,115.2 2 0
github.com/FabianSchurig/bitbucket-cli/scripts/internal/spec/helpers.go:118.45,119.15 1 3
github.com/FabianSchurig/bitbucket-cli/scripts/internal/spec/helpers.go:119.15,121.3 1 1
github.com/FabianSchurig/bitbucket-cli/scripts/internal/spec/helpers.go:122.2,122.32 1 2
github.com/FabianSchurig/bitbucket-cli/scripts/internal/spec/helpers.go:122.32,123.26 1 2
github.com/FabianSchurig/bitbucket-cli/scripts/internal/spec/helpers.go:123.26,125.4 1 2
github.com/FabianSchurig/bitbucket-cli/scripts/internal/spec/helpers.go:127.2,127.11 1 0
github.com/FabianSchurig/bitbucket-cli/scripts/internal/spec/helpers.go:140.55,142.27 2 3
github.com/FabianSchurig/bitbucket-cli/scripts/internal/spec/helpers.go:142.27,149.3 1 8
github.com/FabianSchurig/bitbucket-cli/scripts/internal/spec/helpers.go:150.2,150.13 1 3
github.com/FabianSchurig/bitbucket-cli/scripts/internal/spec/helpers.go:154.59,155.37 1 0
github.com/FabianSchurig/bitbucket-cli/scripts/internal/spec/helpers.go:155.37,156.28 1 0
github.com/FabianSchurig/bitbucket-cli/scripts/internal/spec/helpers.go:156.28,157.22 1 0
github.com/FabianSchurig/bitbucket-cli/scripts/internal/spec/helpers.go:157.22,159.5 1 0
github.com/FabianSchurig/bitbucket-cli/scripts/internal/spec/helpers.go:161.3,161.15 1 0
github.com/FabianSchurig/bitbucket-cli/scripts/internal/spec/helpers.go:164.2,166.23 3 0
github.com/FabianSchurig/bitbucket-cli/scripts/internal/spec/helpers.go:166.23,173.3 1 0
github.com/FabianSchurig/bitbucket-cli/scripts/internal/spec/helpers.go:174.2,174.26 1 0
github.com/FabianSchurig/bitbucket-cli/scripts/internal/spec/helpers.go:174.26,181.3 1 0
github.com/FabianSchurig/bitbucket-cli/scripts/internal/spec/helpers.go:182.2,182.15 1 0
github.com/FabianSchurig/bitbucket-cli/scripts/internal/spec/helpers.go:204.80,211.55 6 3
github.com/FabianSchurig/bitbucket-cli/scripts/internal/spec/helpers.go:211.55,214.46 3 2
github.com/FabianSchurig/bitbucket-cli/scripts/internal/spec/helpers.go:214.46,216.4 1 0
github.com/FabianSchurig/bitbucket-cli/scripts/internal/spec/helpers.go:220.2,221.38 2 3
github.com/FabianSchurig/bitbucket-cli/scripts/internal/spec/helpers.go:221.38,223.20 2 3
github.com/FabianSchurig/bitbucket-cli/scripts/internal/spec/helpers.go:223.20,226.51 3 3
github.com/FabianSchurig/bitbucket-cli/scripts/internal/spec/helpers.go:226.51,228.5 1 0
github.com/FabianSchurig/bitbucket-cli/scripts/internal/spec/helpers.go:232.2,233.15 2 3
github.com/FabianSchurig/bitbucket-cli/scripts/internal/spec/helpers.go:233.15,235.3 1 0
github.com/FabianSchurig/bitbucket-cli/scripts/internal/spec/helpers.go:237.2,250.3 1 3
github.com/FabianSchurig/bitbucket-cli/scripts/internal/spec/helpers.go:254.53,256.53 2 1
github.com/FabianSchurig/bitbucket-cli/scripts/internal/spec/helpers.go:256.53,257.48 1 3
github.com/FabianSchurig/bitbucket-cli/scripts/internal/spec/helpers.go:257.48,258.53 1 15
github.com/FabianSchurig/bitbucket-cli/scripts/internal/spec/helpers.go:258.53,259.13 1 12
github.com/FabianSchurig/bitbucket-cli/scripts/internal/spec/helpers.go:261.4,261.56 1 3
github.com/FabianSchurig/bitbucket-cli/scripts/internal/spec/helpers.go:264.2,264.12 1 1
github.com/FabianSchurig/bitbucket-cli/scripts/internal/spec/helpers.go:268.39,269.18 1 0
github.com/FabianSchurig/bitbucket-cli/scripts/internal/spec/helpers.go:269.18,271.3 1 0
github.com/FabianSchurig/bitbucket-cli/scripts/internal/spec/helpers.go:272.2,272.55 1 0
github.com/FabianSchurig/bitbucket-cli/scripts/internal/spec/helpers.go:277.37,278.40 1 3
github.com/FabianSchurig/bitbucket-cli/scripts/internal/spec/helpers.go:278.40,279.56 1 0
github.com/FabianSchurig/bitbucket-cli/scripts/internal/spec/helpers.go:279.56,281.4 1 0
github.com/FabianSchurig/bitbucket-cli/scripts/internal/spec/helpers.go:283.2,283.12 1 3
github.com/FabianSchurig/bitbucket-cli/scripts/internal/spec/helpers.go:289.61,290.20 1 3
github.com/FabianSchurig/bitbucket-cli/scripts/internal/spec/helpers.go:290.20,292.3 1 0
github.com/FabianSchurig/bitbucket-cli/scripts/internal/spec/helpers.go:294.2,306.42 8 3
github.com/FabianSchurig/bitbucket-cli/scripts/internal/spec/schema.go:98.47,100.16 2 1
github.com/FabianSchurig/bitbucket-cli/scripts/internal/spec/schema.go:100.16,102.3 1 0
github.com/FabianSchurig/bitbucket-cli/scripts/internal/spec/schema.go:103.2,104.53 2 1
github.com/FabianSchurig/bitbucket-cli/scripts/internal/spec/schema.go:104.53,106.3 1 0
github.com/FabianSchurig/bitbucket-cli/scripts/internal/spec/schema.go:107.2,107.21 1 1
github.com/FabianSchurig/bitbucket-cli/scripts/internal/spec/schema.go:119.63,121.27 2 1
github.com/FabianSchurig/bitbucket-cli/scripts/internal/spec/schema.go:121.27,123.3 1 3
github.com/FabianSchurig/bitbucket-cli/scripts/internal/spec/schema.go:124.2,124.42 1 1
github.com/FabianSchurig/bitbucket-cli/scripts/internal/spec/schema.go:124.42,126.3 1 3
github.com/FabianSchurig/bitbucket-cli/scripts/internal/spec/schema.go:127.2,127.16 1 1
github.com/FabianSchurig/bitbucket-cli/scripts/internal/spec/schema.go:137.40,145.2 1 3
github.com/FabianSchurig/bitbucket-cli/scripts/internal/spec/schema.go:149.64,151.29 2 3
github.com/FabianSchurig/bitbucket-cli/scripts/internal/spec/schema.go:151.29,153.3 1 0
github.com/FabianSchurig/bitbucket-cli/scripts/internal/spec/schema.go:154.2,155.31 2 3
github.com/FabianSchurig/bitbucket-cli/scripts/internal/spec/schema.go:155.31,156.28 1 8
github.com/FabianSchurig/bitbucket-cli/scripts/internal/spec/schema.go:156.28,158.4 1 8
github.com/FabianSchurig/bitbucket-cli/scripts/internal/spec/schema.go:160.2,160.36 1 3
github.com/FabianSchurig/bitbucket-cli/scripts/internal/spec/schema.go:165.71,171.16 5 1
github.com/FabianSchurig/bitbucket-cli/scripts/internal/spec/schema.go:171.16,173.3 1 0
github.com/FabianSchurig/bitbucket-cli/scripts/internal/spec/schema.go:174.2,174.15 1 1
github.com/FabianSchurig/bitbucket-cli/scripts/internal/spec/schema.go:174.15,176.3 1 0
github.com/FabianSchurig/bitbucket-cli/scripts/internal/spec/schema.go:177.2,177.17 1 1
github.com/FabianSchurig/bitbucket-cli/scripts/internal/spec/schema.go:177.17,179.3 1 0
github.com/FabianSchurig/bitbucket-cli/scripts/internal/spec/schema.go:180.2,180.16 1 1
github.com/FabianSchurig/bitbucket-cli/scripts/internal/spec/schema.go:180.16,182.3 1 0
github.com/FabianSchurig/bitbucket-cli/scripts/internal/spec/schema.go:183.2,183.8 1 1
github.com/FabianSchurig/bitbucket-cli/scripts/internal/spec/schema.go:188.50,192.17 4 0
github.com/FabianSchurig/bitbucket-cli/scripts/internal/spec/schema.go:192.17,194.3 1 0
github.com/FabianSchurig/bitbucket-cli/scripts/internal/spec/schema.go:195.2,195.14 1 0
