mode: atomic
github.com/FabianSchurig/bitbucket-cli/internal/client/auth.go:26.37,32.2 1 3
github.com/FabianSchurig/bitbucket-cli/internal/client/auth.go:42.78,44.16 2 3
github.com/FabianSchurig/bitbucket-cli/internal/client/auth.go:44.16,46.3 1 3
github.com/FabianSchurig/bitbucket-cli/internal/client/auth.go:47.2,49.17 2 3
github.com/FabianSchurig/bitbucket-cli/internal/client/auth.go:49.17,53.3 1 1
github.com/FabianSchurig/bitbucket-cli/internal/client/auth.go:57.2,58.20 2 2
github.com/FabianSchurig/bitbucket-cli/internal/client/auth.go:58.20,60.3 1 1
github.com/FabianSchurig/bitbucket-cli/internal/client/auth.go:61.2,63.26 2 2
github.com/FabianSchurig/bitbucket-cli/internal/client/auth.go:67.45,69.2 1 0
github.com/FabianSchurig/bitbucket-cli/internal/handlers/dispatch.go:37.73,39.16 2 6
github.com/FabianSchurig/bitbucket-cli/internal/handlers/dispatch.go:39.16,41.3 1 1
github.com/FabianSchurig/bitbucket-cli/internal/handlers/dispatch.go:42.2,42.19 1 5
github.com/FabianSchurig/bitbucket-cli/internal/handlers/dispatch.go:42.19,45.3 2 2
github.com/FabianSchurig/bitbucket-cli/internal/handlers/dispatch.go:46.2,46.30 1 3
github.com/FabianSchurig/bitbucket-cli/internal/handlers/dispatch.go:53.83,58.6 4 6
github.com/FabianSchurig/bitbucket-cli/internal/handlers/dispatch.go:58.6,60.17 2 7
github.com/FabianSchurig/bitbucket-cli/internal/handlers/dispatch.go:60.17,62.4 1 0
github.com/FabianSchurig/bitbucket-cli/internal/handlers/dispatch.go:63.3,63.21 1 7
github.com/FabianSchurig/bitbucket-cli/internal/handlers/dispatch.go:63.21,65.4 1 1
github.com/FabianSchurig/bitbucket-cli/internal/handlers/dispatch.go:67.3,68.17 2 6
github.com/FabianSchurig/bitbucket-cli/internal/handlers/dispatch.go:68.17,70.4 1 0
github.com/FabianSchurig/bitbucket-cli/internal/handlers/dispatch.go:71.3,71.14 1 6
github.com/FabianSchurig/bitbucket-cli/internal/handlers/dispatch.go:71.14,73.4 1 1
github.com/FabianSchurig/bitbucket-cli/internal/handlers/dispatch.go:74.3,74.20 1 5
github.com/FabianSchurig/bitbucket-cli/internal/handlers/dispatch.go:74.20,76.4 1 1
github.com/FabianSchurig/bitbucket-cli/internal/handlers/dispatch.go:78.3,78.47 1 4
github.com/FabianSchurig/bitbucket-cli/internal/handlers/dispatch.go:78.47,80.35 2 3
github.com/FabianSchurig/bitbucket-cli/internal/handlers/dispatch.go:80.35,82.13 2 1
github.com/FabianSchurig/bitbucket-cli/internal/handlers/dispatch.go:84.4,84.25 1 2
github.com/FabianSchurig/bitbucket-cli/internal/handlers/dispatch.go:87.3,87.21 1 1
github.com/FabianSchurig/bitbucket-cli/internal/handlers/dispatch.go:92.69,94.31 2 6
github.com/FabianSchurig/bitbucket-cli/internal/handlers/dispatch.go:94.31,96.3 1 14
github.com/FabianSchurig/bitbucket-cli/internal/handlers/dispatch.go:97.2,97.12 1 6
github.com/FabianSchurig/bitbucket-cli/internal/handlers/dispatch.go:102.124,105.25 2 7
github.com/FabianSchurig/bitbucket-cli/internal/handlers/dispatch.go:105.25,106.35 1 6
github.com/FabianSchurig/bitbucket-cli/internal/handlers/dispatch.go:106.35,107.43 1 1
github.com/FabianSchurig/bitbucket-cli/internal/handlers/dispatch.go:107.43,109.5 1 1
github.com/FabianSchurig/bitbucket-cli/internal/handlers/dispatch.go:113.2,113.86 1 7
github.com/FabianSchurig/bitbucket-cli/internal/handlers/dispatch.go:113.86,115.3 1 1
github.com/FabianSchurig/bitbucket-cli/internal/handlers/dispatch.go:117.2,117.40 1 7
github.com/FabianSchurig/bitbucket-cli/internal/handlers/dispatch.go:122.83,124.24 2 6
github.com/FabianSchurig/bitbucket-cli/internal/handlers/dispatch.go:124.24,126.3 1 1
github.com/FabianSchurig/bitbucket-cli/internal/handlers/dispatch.go:128.2,129.35 2 5
github.com/FabianSchurig/bitbucket-cli/internal/handlers/dispatch.go:129.35,131.3 1 1
github.com/FabianSchurig/bitbucket-cli/internal/handlers/dispatch.go:133.2,134.58 2 4
github.com/FabianSchurig/bitbucket-cli/internal/handlers/dispatch.go:134.58,136.3 1 0
github.com/FabianSchurig/bitbucket-cli/internal/handlers/dispatch.go:137.2,137.27 1 4
github.com/FabianSchurig/bitbucket-cli/internal/handlers/dispatch.go:142.42,144.9 2 4
github.com/FabianSchurig/bitbucket-cli/internal/handlers/dispatch.go:144.9,146.3 1 0
github.com/FabianSchurig/bitbucket-cli/internal/handlers/dispatch.go:147.2,148.9 2 4
github.com/FabianSchurig/bitbucket-cli/internal/handlers/dispatch.go:148.9,150.3 1 1
github.com/FabianSchurig/bitbucket-cli/internal/handlers/dispatch.go:151.2,152.9 2 3
github.com/FabianSchurig/bitbucket-cli/internal/handlers/dispatch.go:152.9,154.3 1 0
github.com/FabianSchurig/bitbucket-cli/internal/handlers/dispatch.go:155.2,156.54 2 3
github.com/FabianSchurig/bitbucket-cli/internal/handlers/dispatch.go:156.54,158.3 1 1
github.com/FabianSchurig/bitbucket-cli/internal/handlers/dispatch.go:159.2,159.13 1 3
github.com/FabianSchurig/bitbucket-cli/internal/handlers/dispatch.go:166.58,168.47 1 0
github.com/FabianSchurig/bitbucket-cli/internal/handlers/dispatch.go:168.47,169.33 1 0
github.com/FabianSchurig/bitbucket-cli/internal/handlers/dispatch.go:169.33,171.61 2 0
github.com/FabianSchurig/bitbucket-cli/internal/handlers/dispatch.go:171.61,173.5 1 0
github.com/FabianSchurig/bitbucket-cli/internal/handlers/dispatch.go:176.2,178.26 3 0
github.com/FabianSchurig/bitbucket-cli/internal/handlers/dispatch.go:178.26,179.24 1 0
github.com/FabianSchurig/bitbucket-cli/internal/handlers/dispatch.go:179.24,181.4 1 0
github.com/FabianSchurig/bitbucket-cli/internal/handlers/dispatch.go:181.9,182.33 1 0
github.com/FabianSchurig/bitbucket-cli/internal/handlers/dispatch.go:182.33,184.5 1 0
github.com/FabianSchurig/bitbucket-cli/internal/handlers/dispatch.go:184.10,188.5 3 0
github.com/FabianSchurig/bitbucket-cli/internal/handlers/dispatch.go:195.59,198.26 3 0
github.com/FabianSchurig/bitbucket-cli/internal/handlers/dispatch.go:198.26,200.10 2 0
github.com/FabianSchurig/bitbucket-cli/internal/handlers/dispatch.go:200.10,202.4 1 0
github.com/FabianSchurig/bitbucket-cli/internal/handlers/dispatch.go:203.3,204.10 2 0
github.com/FabianSchurig/bitbucket-cli/internal/handlers/dispatch.go:204.10,206.4 1 0
github.com/FabianSchurig/bitbucket-cli/internal/handlers/dispatch.go:208.2,208.22 1 0
github.com/FabianSchurig/bitbucket-cli/internal/output/format.go:26.26,28.2 1 0
github.com/FabianSchurig/bitbucket-cli/internal/output/format.go:31.41,32.16 1 12
github.com/FabianSchurig/bitbucket-cli/internal/output/format.go:33.14,36.23 3 1
github.com/FabianSchurig/bitbucket-cli/internal/output/format.go:37.15,38.27 1 8
github.com/FabianSchurig/bitbucket-cli/internal/output/format.go:39.18,40.30 1 1
github.com/FabianSchurig/bitbucket-cli/internal/output/format.go:41.12,42.25 1 1
github.com/FabianSchurig/bitbucket-cli/internal/output/format.go:43.10,44.92 1 1
github.com/FabianSchurig/bitbucket-cli/internal/output/format.go:49.39,50.17 1 73
github.com/FabianSchurig/bitbucket-cli/internal/output/format.go:50.17,52.3 1 11
github.com/FabianSchurig/bitbucket-cli/internal/output/format.go:53.2,53.42 1 62
github.com/FabianSchurig/bitbucket-cli/internal/output/format.go:57.68,58.23 1 1
github.com/FabianSchurig/bitbucket-cli/internal/output/format.go:58.23,60.3 1 0
github.com/FabianSchurig/bitbucket-cli/internal/output/format.go:61.2,62.55 2 1
github.com/FabianSchurig/bitbucket-cli/internal/output/format.go:62.55,64.3 1 0
github.com/FabianSchurig/bitbucket-cli/internal/output/format.go:65.2,65.52 1 1
github.com/FabianSchurig/bitbucket-cli/internal/output/format.go:65.52,67.3 1 0
github.com/FabianSchurig/bitbucket-cli/internal/output/format.go:68.2,68.27 1 1
github.com/FabianSchurig/bitbucket-cli/internal/output/format.go:68.27,69.52 1 2
github.com/FabianSchurig/bitbucket-cli/internal/output/format.go:69.52,71.4 1 0
github.com/FabianSchurig/bitbucket-cli/internal/output/format.go:73.2,73.12 1 1
github.com/FabianSchurig/bitbucket-cli/internal/output/format.go:77.60,79.28 2 1
github.com/FabianSchurig/bitbucket-cli/internal/output/format.go:79.28,81.3 1 2
github.com/FabianSchurig/bitbucket-cli/internal/output/format.go:82.2,82.27 1 1
github.com/FabianSchurig/bitbucket-cli/internal/output/format.go:82.27,83.28 1 2
github.com/FabianSchurig/bitbucket-cli/internal/output/format.go:83.28,84.23 1 4
github.com/FabianSchurig/bitbucket-cli/internal/output/format.go:84.23,85.57 1 4
github.com/FabianSchurig/bitbucket-cli/internal/output/format.go:85.57,87.6 1 1
github.com/FabianSchurig/bitbucket-cli/internal/output/format.go:91.2,91.15 1 1
github.com/FabianSchurig/bitbucket-cli/internal/output/format.go:95.66,97.24 2 3
github.com/FabianSchurig/bitbucket-cli/internal/output/format.go:97.24,99.21 2 6
github.com/FabianSchurig/bitbucket-cli/internal/output/format.go:99.21,101.4 1 6
github.com/FabianSchurig/bitbucket-cli/internal/output/format.go:102.3,102.42 1 6
github.com/FabianSchurig/bitbucket-cli/internal/output/format.go:104.2,105.12 2 3
github.com/FabianSchurig/bitbucket-cli/internal/output/format.go:109.56,111.31 2 1
github.com/FabianSchurig/bitbucket-cli/internal/output/format.go:111.31,113.3 1 2
github.com/FabianSchurig/bitbucket-cli/internal/output/format.go:114.2,115.12 2 1
github.com/FabianSchurig/bitbucket-cli/internal/output/format.go:119.33,122.22 3 12
github.com/FabianSchurig/bitbucket-cli/internal/output/format.go:122.22,123.18 1 40
github.com/FabianSchurig/bitbucket-cli/internal/output/format.go:123.18,125.12 2 0
github.com/FabianSchurig/bitbucket-cli/internal/output/format.go:127.3,127.12 1 40
github.com/FabianSchurig/bitbucket-cli/internal/output/format.go:127.12,128.56 1 0
github.com/FabianSchurig/bitbucket-cli/internal/output/format.go:128.56,130.5 1 0
github.com/FabianSchurig/bitbucket-cli/internal/output/format.go:131.4,131.12 1 0
github.com/FabianSchurig/bitbucket-cli/internal/output/format.go:133.3,133.19 1 40
github.com/FabianSchurig/bitbucket-cli/internal/output/format.go:135.2,135.21 1 12
github.com/FabianSchurig/bitbucket-cli/internal/output/format.go:139.46,141.23 2 6
github.com/FabianSchurig/bitbucket-cli/internal/output/format.go:141.23,143.3 1 2
github.com/FabianSchurig/bitbucket-cli/internal/output/format.go:144.2,144.48 1 4
github.com/FabianSchurig/bitbucket-cli/internal/output/format.go:148.44,149.32 1 8
github.com/FabianSchurig/bitbucket-cli/internal/output/format.go:149.32,151.3 1 5
github.com/FabianSchurig/bitbucket-cli/internal/output/format.go:152.2,152.37 1 3
github.com/FabianSchurig/bitbucket-cli/internal/output/format.go:152.37,154.3 1 1
github.com/FabianSchurig/bitbucket-cli/internal/output/format.go:156.2,158.20 2 2
github.com/FabianSchurig/bitbucket-cli/internal/output/format.go:159.21,160.34 1 2
github.com/FabianSchurig/bitbucket-cli/internal/output/format.go:161.22,162.35 1 0
github.com/FabianSchurig/bitbucket-cli/internal/output/format.go:163.10,164.54 1 0
github.com/FabianSchurig/bitbucket-cli/internal/output/format.go:164.54,166.4 1 0
github.com/FabianSchurig/bitbucket-cli/internal/output/format.go:168.2,168.12 1 0
github.com/FabianSchurig/bitbucket-cli/internal/output/format.go:171.61,172.20 1 2
github.com/FabianSchurig/bitbucket-cli/internal/output/format.go:172.20,175.3 2 1
github.com/FabianSchurig/bitbucket-cli/internal/output/format.go:176.2,178.27 3 1
github.com/FabianSchurig/bitbucket-cli/internal/output/format.go:178.27,179.12 1 2
github.com/FabianSchurig/bitbucket-cli/internal/output/format.go:179.12,180.45 1 1
github.com/FabianSchurig/bitbucket-cli/internal/output/format.go:180.45,182.5 1 0
github.com/FabianSchurig/bitbucket-cli/internal/output/format.go:184.3,185.57 2 2
github.com/FabianSchurig/bitbucket-cli/internal/output/format.go:185.57,187.4 1 48
github.com/FabianSchurig/bitbucket-cli/internal/output/format.go:187.18,189.4 1 0
github.com/FabianSchurig/bitbucket-cli/internal/output/format.go:191.2,191.12 1 1
github.com/FabianSchurig/bitbucket-cli/internal/output/format.go:194.62,197.30 3 0
github.com/FabianSchurig/bitbucket-cli/internal/output/format.go:197.30,198.38 1 0
github.com/FabianSchurig/bitbucket-cli/internal/output/format.go:198.38,200.4 1 0
github.com/FabianSchurig/bitbucket-cli/internal/output/format.go:202.2,202.50 1 0
github.com/FabianSchurig/bitbucket-cli/internal/output/format.go:202.50,204.3 1 0
github.com/FabianSchurig/bitbucket-cli/internal/output/format.go:208.48,209.30 1 8
github.com/FabianSchurig/bitbucket-cli/internal/output/format.go:209.30,211.3 1 0
github.com/FabianSchurig/bitbucket-cli/internal/output/format.go:212.2,212.10 1 8
github.com/FabianSchurig/bitbucket-cli/internal/output/format.go:216.55,217.21 1 5
github.com/FabianSchurig/bitbucket-cli/internal/output/format.go:217.21,220.3 2 0
github.com/FabianSchurig/bitbucket-cli/internal/output/format.go:221.2,222.9 2 5
github.com/FabianSchurig/bitbucket-cli/internal/output/format.go:222.9,223.30 1 0
github.com/FabianSchurig/bitbucket-cli/internal/output/format.go:223.30,224.58 1 0
github.com/FabianSchurig/bitbucket-cli/internal/output/format.go:224.58,226.5 1 0
github.com/FabianSchurig/bitbucket-cli/internal/output/format.go:228.3,228.13 1 0
github.com/FabianSchurig/bitbucket-cli/internal/output/format.go:230.2,231.29 2 5
github.com/FabianSchurig/bitbucket-cli/internal/output/format.go:231.29,232.12 1 6
github.com/FabianSchurig/bitbucket-cli/internal/output/format.go:232.12,233.45 1 1
github.com/FabianSchurig/bitbucket-cli/internal/output/format.go:233.45,235.5 1 0
github.com/FabianSchurig/bitbucket-cli/internal/output/format.go:237.3,238.10 2 6
github.com/FabianSchurig/bitbucket-cli/internal/output/format.go:238.10,239.12 1 0
github.com/FabianSchurig/bitbucket-cli/internal/output/format.go:241.3,241.54 1 6
github.com/FabianSchurig/bitbucket-cli/internal/output/format.go:241.54,243.4 1 22
github.com/FabianSchurig/bitbucket-cli/internal/output/format.go:243.18,245.4 1 0
github.com/FabianSchurig/bitbucket-cli/internal/output/format.go:247.2,247.12 1 5
github.com/FabianSchurig/bitbucket-cli/internal/output/format.go:251.55,253.50 2 1
github.com/FabianSchurig/bitbucket-cli/internal/output/format.go:253.50,255.3 1 3
github.com/FabianSchurig/bitbucket-cli/internal/output/format.go:259.43,260.20 1 29
github.com/FabianSchurig/bitbucket-cli/internal/output/format.go:260.20,262.3 1 0
github.com/FabianSchurig/bitbucket-cli/internal/output/format.go:263.2,263.12 1 29
github.com/FabianSchurig/bitbucket-cli/internal/output/format.go:267.79,271.25 3 9
github.com/FabianSchurig/bitbucket-cli/internal/output/format.go:271.25,273.26 2 73
github.com/FabianSchurig/bitbucket-cli/internal/output/format.go:273.26,275.4 1 30
github.com/FabianSchurig/bitbucket-cli/internal/output/format.go:277.2,277.25 1 9
github.com/FabianSchurig/bitbucket-cli/internal/output/format.go:277.25,279.105 2 73
github.com/FabianSchurig/bitbucket-cli/internal/output/format.go:279.105,281.4 1 0
github.com/FabianSchurig/bitbucket-cli/internal/output/format.go:283.2,283.12 1 9
github.com/FabianSchurig/bitbucket-cli/internal/output/format.go:287.47,288.32 1 1
github.com/FabianSchurig/bitbucket-cli/internal/output/format.go:288.32,290.3 1 1
github.com/FabianSchurig/bitbucket-cli/internal/output/format.go:291.2,291.37 1 0
github.com/FabianSchurig/bitbucket-cli/internal/output/format.go:291.37,293.3 1 0
github.com/FabianSchurig/bitbucket-cli/internal/output/format.go:295.2,297.20 2 0
github.com/FabianSchurig/bitbucket-cli/internal/output/format.go:298.21,299.37 1 0
github.com/FabianSchurig/bitbucket-cli/internal/output/format.go:300.22,301.38 1 0
github.com/FabianSchurig/bitbucket-cli/internal/output/format.go:302.10,303.54 1 0
github.com/FabianSchurig/bitbucket-cli/internal/output/format.go:303.54,305.4 1 0
github.com/FabianSchurig/bitbucket-cli/internal/output/format.go:307.2,307.12 1 0
github.com/FabianSchurig/bitbucket-cli/internal/output/format.go:310.64,311.20 1 0
github.com/FabianSchurig/bitbucket-cli/internal/output/format.go:311.20,314.3 2 0
github.com/FabianSchurig/bitbucket-cli/internal/output/format.go:315.2,319.28 5 0
github.com/FabianSchurig/bitbucket-cli/internal/output/format.go:319.28,321.3 1 0
github.com/FabianSchurig/bitbucket-cli/internal/output/format.go:322.2,323.27 2 0
github.com/FabianSchurig/bitbucket-cli/internal/output/format.go:323.27,326.31 3 0
github.com/FabianSchurig/bitbucket-cli/internal/output/format.go:326.31,328.4 1 0
github.com/FabianSchurig/bitbucket-cli/internal/output/format.go:329.3,329.30 1 0
github.com/FabianSchurig/bitbucket-cli/internal/output/format.go:331.2,331.39 1 0
github.com/FabianSchurig/bitbucket-cli/internal/output/format.go:334.65,337.30 3 0
github.com/FabianSchurig/bitbucket-cli/internal/output/format.go:337.30,339.22 2 0
github.com/FabianSchurig/bitbucket-cli/internal/output/format.go:339.22,340.12 1 0
github.com/FabianSchurig/bitbucket-cli/internal/output/format.go:342.3,342.116 1 0
github.com/FabianSchurig/bitbucket-cli/internal/output/format.go:342.116,344.4 1 0
github.com/FabianSchurig/bitbucket-cli/internal/output/format.go:346.2,346.12 1 0
github.com/FabianSchurig/bitbucket-cli/internal/output/format.go:350.69,353.29 3 1
github.com/FabianSchurig/bitbucket-cli/internal/output/format.go:353.29,355.3 1 8
github.com/FabianSchurig/bitbucket-cli/internal/output/format.go:357.2,365.30 4 1
github.com/FabianSchurig/bitbucket-cli/internal/output/format.go:365.30,367.31 2 24
github.com/FabianSchurig/bitbucket-cli/internal/output/format.go:367.31,368.12 1 0
github.com/FabianSchurig/bitbucket-cli/internal/output/format.go:370.3,370.41 1 24
github.com/FabianSchurig/bitbucket-cli/internal/output/format.go:370.41,373.4 2 8
github.com/FabianSchurig/bitbucket-cli/internal/output/format.go:376.2,376.34 1 1
github.com/FabianSchurig/bitbucket-cli/internal/output/format.go:376.34,377.63 1 7
github.com/FabianSchurig/bitbucket-cli/internal/output/format.go:377.63,379.4 1 15
github.com/FabianSchurig/bitbucket-cli/internal/output/format.go:383.2,384.30 2 1
github.com/FabianSchurig/bitbucket-cli/internal/output/format.go:384.30,385.42 1 24
github.com/FabianSchurig/bitbucket-cli/internal/output/format.go:385.42,386.12 1 8
github.com/FabianSchurig/bitbucket-cli/internal/output/format.go:388.3,389.14 2 16
github.com/FabianSchurig/bitbucket-cli/internal/output/format.go:392.2,392.26 1 1
github.com/FabianSchurig/bitbucket-cli/internal/output/format.go:392.26,395.3 2 24
github.com/FabianSchurig/bitbucket-cli/internal/output/format.go:396.2,396.8 1 1
github.com/FabianSchurig/bitbucket-cli/internal/output/format.go:400.42,401.32 1 1
github.com/FabianSchurig/bitbucket-cli/internal/output/format.go:401.32,403.3 1 0
github.com/FabianSchurig/bitbucket-cli/internal/output/format.go:404.2,404.37 1 1
github.com/FabianSchurig/bitbucket-cli/internal/output/format.go:404.37,406.3 1 0
github.com/FabianSchurig/bitbucket-cli/internal/output/format.go:408.2,410.33 2 1
github.com/FabianSchurig/bitbucket-cli/internal/output/format.go:410.33,412.3 1 0
github.com/FabianSchurig/bitbucket-cli/internal/output/format.go:414.2,414.27 1 1
github.com/FabianSchurig/bitbucket-cli/internal/output/format.go:414.27,415.67 1 2
github.com/FabianSchurig/bitbucket-cli/internal/output/format.go:415.67,417.4 1 0
github.com/FabianSchurig/bitbucket-cli/internal/output/format.go:419.2,419.12 1 1
github.com/FabianSchurig/bitbucket-cli/internal/output/format.go:422.56,423.29 1 0
github.com/FabianSchurig/bitbucket-cli/internal/output/format.go:423.29,424.41 1 0
github.com/FabianSchurig/bitbucket-cli/internal/output/format.go:424.41,425.43 1 0
github.com/FabianSchurig/bitbucket-cli/internal/output/format.go:425.43,427.5 1 0
github.com/FabianSchurig/bitbucket-cli/internal/output/format.go:430.2,430.12 1 0
github.com/FabianSchurig/bitbucket-cli/internal/output/format.go:433.54,434.27 1 0
github.com/FabianSchurig/bitbucket-cli/internal/output/format.go:434.27,437.3 2 0
github.com/FabianSchurig/bitbucket-cli/internal/output/format.go:438.2,438.12 1 0
github.com/FabianSchurig/bitbucket-cli/internal/output/format.go:441.57,442.45 1 2
github.com/FabianSchurig/bitbucket-cli/internal/output/format.go:442.45,445.3 2 2
github.com/FabianSchurig/bitbucket-cli/internal/output/format.go:446.2,446.12 1 0
github.com/FabianSchurig/bitbucket-cli/internal/output/format.go:453.58,454.21 1 1
github.com/FabianSchurig/bitbucket-cli/internal/output/format.go:454.21,457.3 2 0
github.com/FabianSchurig/bitbucket-cli/internal/output/format.go:459.2,460.9 2 1
github.com/FabianSchurig/bitbucket-cli/internal/output/format.go:460.9,461.30 1 0
github.com/FabianSchurig/bitbucket-cli/internal/output/format.go:461.30,462.58 1 0
github.com/FabianSchurig/bitbucket-cli/internal/output/format.go:462.58,464.5 1 0
github.com/FabianSchurig/bitbucket-cli/internal/output/format.go:466.3,466.13 1 0
github.com/FabianSchurig/bitbucket-cli/internal/output/format.go:469.2,472.25 4 1
github.com/FabianSchurig/bitbucket-cli/internal/output/format.go:472.25,474.3 1 2
github.com/FabianSchurig/bitbucket-cli/internal/output/format.go:476.2,477.29 2 1
github.com/FabianSchurig/bitbucket-cli/internal/output/format.go:477.29,479.10 2 2
github.com/FabianSchurig/bitbucket-cli/internal/output/format.go:479.10,480.12 1 0
github.com/FabianSchurig/bitbucket-cli/internal/output/format.go:482.3,483.26 2 2
github.com/FabianSchurig/bitbucket-cli/internal/output/format.go:483.26,485.4 1 4
github.com/FabianSchurig/bitbucket-cli/internal/output/format.go:486.3,486.30 1 2
github.com/FabianSchurig/bitbucket-cli/internal/output/format.go:488.2,488.34 1 1
github.com/FabianSchurig/bitbucket-cli/internal/output/format.go:492.58,495.25 3 0
github.com/FabianSchurig/bitbucket-cli/internal/output/format.go:495.25,497.19 2 0
github.com/FabianSchurig/bitbucket-cli/internal/output/format.go:497.19,499.4 1 0
github.com/FabianSchurig/bitbucket-cli/internal/output/format.go:500.3,500.93 1 0
github.com/FabianSchurig/bitbucket-cli/internal/output/format.go:500.93,502.4 1 0
github.com/FabianSchurig/bitbucket-cli/internal/output/format.go:504.2,504.12 1 0
github.com/FabianSchurig/bitbucket-cli/internal/output/format.go:509.48,512.36 3 7
github.com/FabianSchurig/bitbucket-cli/internal/output/format.go:512.36,513.24 1 91
github.com/FabianSchurig/bitbucket-cli/internal/output/format.go:513.24,516.4 2 19
github.com/FabianSchurig/bitbucket-cli/internal/output/format.go:518.2,519.19 2 7
github.com/FabianSchurig/bitbucket-cli/internal/output/format.go:519.19,520.15 1 25
github.com/FabianSchurig/bitbucket-cli/internal/output/format.go:520.15,522.4 1 6
github.com/FabianSchurig/bitbucket-cli/internal/output/format.go:524.2,526.13 3 7
github.com/FabianSchurig/bitbucket-cli/internal/output/format.go:530.30,531.14 1 29
github.com/FabianSchurig/bitbucket-cli/internal/output/format.go:531.14,533.3 1 0
github.com/FabianSchurig/bitbucket-cli/internal/output/format.go:534.2,534.25 1 29
github.com/FabianSchurig/bitbucket-cli/internal/output/format.go:535.14,536.36 1 14
github.com/FabianSchurig/bitbucket-cli/internal/output/format.go:536.36,538.4 1 5
github.com/FabianSchurig/bitbucket-cli/internal/output/format.go:539.3,539.23 1 9
github.com/FabianSchurig/bitbucket-cli/internal/output/format.go:540.15,541.33 1 9
github.com/FabianSchurig/bitbucket-cli/internal/output/format.go:541.33,543.4 1 9
github.com/FabianSchurig/bitbucket-cli/internal/output/format.go:544.3,544.32 1 0
github.com/FabianSchurig/bitbucket-cli/internal/output/format.go:545.12,546.32 1 1
github.com/FabianSchurig/bitbucket-cli/internal/output/format.go:547.22,548.32 1 5
github.com/FabianSchurig/bitbucket-cli/internal/output/format.go:549.13,550.20 1 0
github.com/FabianSchurig/bitbucket-cli/internal/output/format.go:550.20,552.4 1 0
github.com/FabianSchurig/bitbucket-cli/internal/output/format.go:553.3,554.28 2 0
github.com/FabianSchurig/bitbucket-cli/internal/output/format.go:554.28,555.42 1 0
github.com/FabianSchurig/bitbucket-cli/internal/output/format.go:555.42,557.5 1 0
github.com/FabianSchurig/bitbucket-cli/internal/output/format.go:557.10,559.5 1 0
github.com/FabianSchurig/bitbucket-cli/internal/output/format.go:561.3,561.35 1 0
github.com/FabianSchurig/bitbucket-cli/internal/output/format.go:562.10,563.32 1 0
github.com/FabianSchurig/bitbucket-cli/internal/output/format.go:568.49,569.92 1 5
github.com/FabianSchurig/bitbucket-cli/internal/output/format.go:569.92,570.35 1 25
github.com/FabianSchurig/bitbucket-cli/internal/output/format.go:570.35,572.4 1 4
github.com/FabianSchurig/bitbucket-cli/internal/output/format.go:574.2,574.52 1 1
github.com/FabianSchurig/bitbucket-cli/internal/output/format.go:574.52,575.46 1 0
github.com/FabianSchurig/bitbucket-cli/internal/output/format.go:575.46,577.4 1 0
github.com/FabianSchurig/bitbucket-cli/internal/output/format.go:579.2,579.40 1 1
github.com/FabianSchurig/bitbucket-cli/internal/output/format.go:579.40,581.3 1 0
github.com/FabianSchurig/bitbucket-cli/internal/output/format.go:583.2,584.22 2 1
github.com/FabianSchurig/bitbucket-cli/internal/output/format.go:584.22,585.40 1 1
github.com/FabianSchurig/bitbucket-cli/internal/output/format.go:585.40,586.44 1 0
github.com/FabianSchurig/bitbucket-cli/internal/output/format.go:586.44,588.5 1 0
github.com/FabianSchurig/bitbucket-cli/internal/output/format.go:591.2,591.20 1 1
github.com/FabianSchurig/bitbucket-cli/internal/output/format.go:591.20,594.3 2 0
github.com/FabianSchurig/bitbucket-cli/internal/output/format.go:595.2,596.18 2 1
github.com/FabianSchurig/bitbucket-cli/internal/output/format.go:600.32,602.2 1 13
github.com/FabianSchurig/bitbucket-cli/internal/output/format.go:606.34,607.66 1 14
github.com/FabianSchurig/bitbucket-cli/internal/output/format.go:607.66,608.50 1 23
github.com/FabianSchurig/bitbucket-cli/internal/output/format.go:608.50,610.4 1 5
github.com/FabianSchurig/bitbucket-cli/internal/output/format.go:612.2,612.11 1 9
github.com/FabianSchurig/bitbucket-cli/internal/output/format.go:616.34,617.28 1 0
github.com/FabianSchurig/bitbucket-cli/internal/output/format.go:618.14,619.30 1 0
github.com/FabianSchurig/bitbucket-cli/internal/output/format.go:620.16,621.29 1 0
github.com/FabianSchurig/bitbucket-cli/internal/output/format.go:622.32,623.28 1 0
github.com/FabianSchurig/bitbucket-cli/internal/output/format.go:624.10,625.11 1 0
github.com/FabianSchurig/bitbucket-cli/internal/output/format.go:630.33,631.29 1 58
github.com/FabianSchurig/bitbucket-cli/internal/output/format.go:631.29,632.16 1 46
github.com/FabianSchurig/bitbucket-cli/internal/output/format.go:632.16,634.4 1 38
github.com/FabianSchurig/bitbucket-cli/internal/output/format.go:635.3,635.25 1 8
github.com/FabianSchurig/bitbucket-cli/internal/output/format.go:637.2,637.22 1 12
github.com/FabianSchurig/bitbucket-cli/internal/mcptools/handler.go:64.61,72.38 5 32
github.com/FabianSchurig/bitbucket-cli/internal/mcptools/handler.go:72.38,75.17 3 434
github.com/FabianSchurig/bitbucket-cli/internal/mcptools/handler.go:75.17,77.4 1 0
github.com/FabianSchurig/bitbucket-cli/internal/mcptools/handler.go:78.3,78.103 1 434
github.com/FabianSchurig/bitbucket-cli/internal/mcptools/handler.go:81.2,89.38 3 32
github.com/FabianSchurig/bitbucket-cli/internal/mcptools/handler.go:89.38,90.31 1 434
github.com/FabianSchurig/bitbucket-cli/internal/mcptools/handler.go:90.31,91.25 1 1398
github.com/FabianSchurig/bitbucket-cli/internal/mcptools/handler.go:91.25,92.13 1 1141
github.com/FabianSchurig/bitbucket-cli/internal/mcptools/handler.go:94.4,99.29 3 257
github.com/FabianSchurig/bitbucket-cli/internal/mcptools/handler.go:104.2,111.38 3 32
github.com/FabianSchurig/bitbucket-cli/internal/mcptools/handler.go:111.38,112.36 1 434
github.com/FabianSchurig/bitbucket-cli/internal/mcptools/handler.go:112.36,114.26 2 529
github.com/FabianSchurig/bitbucket-cli/internal/mcptools/handler.go:114.26,115.13 1 228
github.com/FabianSchurig/bitbucket-cli/internal/mcptools/handler.go:117.4,119.18 3 301
github.com/FabianSchurig/bitbucket-cli/internal/mcptools/handler.go:119.18,121.5 1 0
github.com/FabianSchurig/bitbucket-cli/internal/mcptools/handler.go:122.4,125.5 1 301
github.com/FabianSchurig/bitbucket-cli/internal/mcptools/handler.go:129.2,141.38 3 32
github.com/FabianSchurig/bitbucket-cli/internal/mcptools/handler.go:141.38,143.3 1 434
github.com/FabianSchurig/bitbucket-cli/internal/mcptools/handler.go:145.2,145.46 1 32
github.com/FabianSchurig/bitbucket-cli/internal/mcptools/handler.go:150.68,151.90 1 32
github.com/FabianSchurig/bitbucket-cli/internal/mcptools/handler.go:151.90,154.36 2 9
github.com/FabianSchurig/bitbucket-cli/internal/mcptools/handler.go:154.36,155.70 1 9
github.com/FabianSchurig/bitbucket-cli/internal/mcptools/handler.go:155.70,157.5 1 0
github.com/FabianSchurig/bitbucket-cli/internal/mcptools/handler.go:159.3,159.18 1 9
github.com/FabianSchurig/bitbucket-cli/internal/mcptools/handler.go:159.18,161.4 1 0
github.com/FabianSchurig/bitbucket-cli/internal/mcptools/handler.go:163.3,164.17 2 9
github.com/FabianSchurig/bitbucket-cli/internal/mcptools/handler.go:164.17,166.4 1 1
github.com/FabianSchurig/bitbucket-cli/internal/mcptools/handler.go:168.3,169.10 2 8
github.com/FabianSchurig/bitbucket-cli/internal/mcptools/handler.go:169.10,171.4 1 1
github.com/FabianSchurig/bitbucket-cli/internal/mcptools/handler.go:174.3,176.31 3 7
github.com/FabianSchurig/bitbucket-cli/internal/mcptools/handler.go:176.31,178.17 2 18
github.com/FabianSchurig/bitbucket-cli/internal/mcptools/handler.go:178.17,179.19 1 3
github.com/FabianSchurig/bitbucket-cli/internal/mcptools/handler.go:179.19,181.6 1 1
github.com/FabianSchurig/bitbucket-cli/internal/mcptools/handler.go:182.5,182.13 1 2
github.com/FabianSchurig/bitbucket-cli/internal/mcptools/handler.go:184.4,184.16 1 15
github.com/FabianSchurig/bitbucket-cli/internal/mcptools/handler.go:185.16,186.29 1 15
github.com/FabianSchurig/bitbucket-cli/internal/mcptools/handler.go:187.17,188.30 1 0
github.com/FabianSchurig/bitbucket-cli/internal/mcptools/handler.go:193.3,194.64 2 6
github.com/FabianSchurig/bitbucket-cli/internal/mcptools/handler.go:194.64,196.4 1 1
github.com/FabianSchurig/bitbucket-cli/internal/mcptools/handler.go:196.9,196.24 1 5
github.com/FabianSchurig/bitbucket-cli/internal/mcptools/handler.go:196.24,198.37 2 1
github.com/FabianSchurig/bitbucket-cli/internal/mcptools/handler.go:198.37,200.60 2 2
github.com/FabianSchurig/bitbucket-cli/internal/mcptools/handler.go:200.60,202.6 1 2
github.com/FabianSchurig/bitbucket-cli/internal/mcptools/handler.go:204.4,204.24 1 1
github.com/FabianSchurig/bitbucket-cli/internal/mcptools/handler.go:204.24,207.5 2 1
github.com/FabianSchurig/bitbucket-cli/internal/mcptools/handler.go:211.3,212.17 2 6
github.com/FabianSchurig/bitbucket-cli/internal/mcptools/handler.go:212.17,214.4 1 1
github.com/FabianSchurig/bitbucket-cli/internal/mcptools/handler.go:217.3,225.17 2 5
github.com/FabianSchurig/bitbucket-cli/internal/mcptools/handler.go:225.17,227.4 1 0
github.com/FabianSchurig/bitbucket-cli/internal/mcptools/handler.go:230.3,230.20 1 5
github.com/FabianSchurig/bitbucket-cli/internal/mcptools/handler.go:230.20,234.4 1 1
github.com/FabianSchurig/bitbucket-cli/internal/mcptools/handler.go:236.3,237.17 2 4
github.com/FabianSchurig/bitbucket-cli/internal/mcptools/handler.go:237.17,239.4 1 0
github.com/FabianSchurig/bitbucket-cli/internal/mcptools/handler.go:241.3,243.9 1 4
github.com/FabianSchurig/bitbucket-cli/internal/mcptools/handler.go:249.43,250.16 1 558
github.com/FabianSchurig/bitbucket-cli/internal/mcptools/handler.go:251.17,252.19 1 59
github.com/FabianSchurig/bitbucket-cli/internal/mcptools/handler.go:253.17,254.19 1 8
github.com/FabianSchurig/bitbucket-cli/internal/mcptools/handler.go:255.10,256.18 1 491
github.com/FabianSchurig/bitbucket-cli/internal/mcptools/handler.go:260.74,262.23 2 18
github.com/FabianSchurig/bitbucket-cli/internal/mcptools/handler.go:262.23,264.3 1 3
github.com/FabianSchurig/bitbucket-cli/internal/mcptools/handler.go:265.2,265.25 1 15
github.com/FabianSchurig/bitbucket-cli/internal/mcptools/handler.go:266.14,267.11 1 13
github.com/FabianSchurig/bitbucket-cli/internal/mcptools/handler.go:268.15,269.26 1 2
github.com/FabianSchurig/bitbucket-cli/internal/mcptools/handler.go:269.26,271.4 1 2
github.com/FabianSchurig/bitbucket-cli/internal/mcptools/handler.go:272.3,272.30 1 0
github.com/FabianSchurig/bitbucket-cli/internal/mcptools/handler.go:273.12,274.31 1 0
github.com/FabianSchurig/bitbucket-cli/internal/mcptools/handler.go:275.10,276.30 1 0
github.com/FabianSchurig/bitbucket-cli/internal/mcptools/handler.go:280.48,285.2 1 4
github.com/FabianSchurig/bitbucket-cli/internal/mcptools/handler.go:287.41,289.16 2 32
github.com/FabianSchurig/bitbucket-cli/internal/mcptools/handler.go:289.16,290.13 1 0
github.com/FabianSchurig/bitbucket-cli/internal/mcptools/handler.go:292.2,292.10 1 32
github.com/FabianSchurig/bitbucket-cli/internal/tfprovider/addon.gen.go:9.13,11.2 1 1
github.com/FabianSchurig/bitbucket-cli/internal/tfprovider/branch-restrictions.gen.go:9.13,11.2 1 1
github.com/FabianSchurig/bitbucket-cli/internal/tfprovider/branching-model.gen.go:9.13,11.2 1 1
github.com/FabianSchurig/bitbucket-cli/internal/tfprovider/commit-statuses.gen.go:9.13,11.2 1 1
github.com/FabianSchurig/bitbucket-cli/internal/tfprovider/commits.gen.go:9.13,11.2 1 1
github.com/FabianSchurig/bitbucket-cli/internal/tfprovider/datasource.go:29.124,31.2 1 0
github.com/FabianSchurig/bitbucket-cli/internal/tfprovider/datasource.go:34.116,48.15 3 0
github.com/FabianSchurig/bitbucket-cli/internal/tfprovider/datasource.go:48.15,54.3 2 0
github.com/FabianSchurig/bitbucket-cli/internal/tfprovider/datasource.go:59.2,60.29 2 0
github.com/FabianSchurig/bitbucket-cli/internal/tfprovider/datasource.go:60.29,61.45 1 0
github.com/FabianSchurig/bitbucket-cli/internal/tfprovider/datasource.go:61.45,62.36 1 0
github.com/FabianSchurig/bitbucket-cli/internal/tfprovider/datasource.go:62.36,64.5 1 0
github.com/FabianSchurig/bitbucket-cli/internal/tfprovider/datasource.go:69.2,70.30 2 0
github.com/FabianSchurig/bitbucket-cli/internal/tfprovider/datasource.go:70.30,71.24 1 0
github.com/FabianSchurig/bitbucket-cli/internal/tfprovider/datasource.go:71.24,72.12 1 0
github.com/FabianSchurig/bitbucket-cli/internal/tfprovider/datasource.go:74.3,77.43 3 0
github.com/FabianSchurig/bitbucket-cli/internal/tfprovider/datasource.go:77.43,78.12 1 0
github.com/FabianSchurig/bitbucket-cli/internal/tfprovider/datasource.go:80.3,82.71 2 0
github.com/FabianSchurig/bitbucket-cli/internal/tfprovider/datasource.go:82.71,84.4 1 0
github.com/FabianSchurig/bitbucket-cli/internal/tfprovider/datasource.go:85.3,89.4 1 0
github.com/FabianSchurig/bitbucket-cli/internal/tfprovider/datasource.go:93.2,93.29 1 0
github.com/FabianSchurig/bitbucket-cli/internal/tfprovider/datasource.go:93.29,94.45 1 0
github.com/FabianSchurig/bitbucket-cli/internal/tfprovider/datasource.go:94.45,95.25 1 0
github.com/FabianSchurig/bitbucket-cli/internal/tfprovider/datasource.go:95.25,96.13 1 0
github.com/FabianSchurig/bitbucket-cli/internal/tfprovider/datasource.go:98.4,100.44 3 0
github.com/FabianSchurig/bitbucket-cli/internal/tfprovider/datasource.go:100.44,101.13 1 0
github.com/FabianSchurig/bitbucket-cli/internal/tfprovider/datasource.go:103.4,106.5 1 0
github.com/FabianSchurig/bitbucket-cli/internal/tfprovider/datasource.go:111.2,111.39 1 0
github.com/FabianSchurig/bitbucket-cli/internal/tfprovider/datasource.go:111.39,114.43 2 0
github.com/FabianSchurig/bitbucket-cli/internal/tfprovider/datasource.go:114.43,115.12 1 0
github.com/FabianSchurig/bitbucket-cli/internal/tfprovider/datasource.go:117.3,117.38 1 0
github.com/FabianSchurig/bitbucket-cli/internal/tfprovider/datasource.go:117.38,118.12 1 0
github.com/FabianSchurig/bitbucket-cli/internal/tfprovider/datasource.go:120.3,121.17 2 0
github.com/FabianSchurig/bitbucket-cli/internal/tfprovider/datasource.go:121.17,123.4 1 0
github.com/FabianSchurig/bitbucket-cli/internal/tfprovider/datasource.go:124.3,124.43 1 0
github.com/FabianSchurig/bitbucket-cli/internal/tfprovider/datasource.go:124.43,132.4 1 0
github.com/FabianSchurig/bitbucket-cli/internal/tfprovider/datasource.go:132.9,132.24 1 0
github.com/FabianSchurig/bitbucket-cli/internal/tfprovider/datasource.go:132.24,139.4 1 0
github.com/FabianSchurig/bitbucket-cli/internal/tfprovider/datasource.go:139.9,144.4 1 0
github.com/FabianSchurig/bitbucket-cli/internal/tfprovider/datasource.go:147.2,150.3 1 0
github.com/FabianSchurig/bitbucket-cli/internal/tfprovider/datasource.go:154.127,155.29 1 0
github.com/FabianSchurig/bitbucket-cli/internal/tfprovider/datasource.go:155.29,157.3 1 0
github.com/FabianSchurig/bitbucket-cli/internal/tfprovider/datasource.go:158.2,159.9 2 0
github.com/FabianSchurig/bitbucket-cli/internal/tfprovider/datasource.go:159.9,165.3 2 0
github.com/FabianSchurig/bitbucket-cli/internal/tfprovider/datasource.go:166.2,166.14 1 0
github.com/FabianSchurig/bitbucket-cli/internal/tfprovider/datasource.go:170.114,174.15 2 0
github.com/FabianSchurig/bitbucket-cli/internal/tfprovider/datasource.go:174.15,178.3 2 0
github.com/FabianSchurig/bitbucket-cli/internal/tfprovider/datasource.go:180.2,183.30 3 0
github.com/FabianSchurig/bitbucket-cli/internal/tfprovider/datasource.go:183.30,188.20 5 0
github.com/FabianSchurig/bitbucket-cli/internal/tfprovider/datasource.go:188.20,189.12 1 0
github.com/FabianSchurig/bitbucket-cli/internal/tfprovider/datasource.go:191.3,191.65 1 0
github.com/FabianSchurig/bitbucket-cli/internal/tfprovider/datasource.go:191.65,192.18 1 0
github.com/FabianSchurig/bitbucket-cli/internal/tfprovider/datasource.go:192.18,195.5 1 0
github.com/FabianSchurig/bitbucket-cli/internal/tfprovider/datasource.go:196.4,196.12 1 0
github.com/FabianSchurig/bitbucket-cli/internal/tfprovider/datasource.go:198.3,198.15 1 0
github.com/FabianSchurig/bitbucket-cli/internal/tfprovider/datasource.go:199.15,200.42 1 0
github.com/FabianSchurig/bitbucket-cli/internal/tfprovider/datasource.go:201.16,202.43 1 0
github.com/FabianSchurig/bitbucket-cli/internal/tfprovider/datasource.go:205.2,205.33 1 0
github.com/FabianSchurig/bitbucket-cli/internal/tfprovider/datasource.go:205.33,207.3 1 0
github.com/FabianSchurig/bitbucket-cli/internal/tfprovider/datasource.go:209.2,216.16 2 0
github.com/FabianSchurig/bitbucket-cli/internal/tfprovider/datasource.go:216.16,219.3 2 0
github.com/FabianSchurig/bitbucket-cli/internal/tfprovider/datasource.go:221.2,221.19 1 0
github.com/FabianSchurig/bitbucket-cli/internal/tfprovider/datasource.go:221.19,223.17 2 0
github.com/FabianSchurig/bitbucket-cli/internal/tfprovider/datasource.go:223.17,226.4 2 0
github.com/FabianSchurig/bitbucket-cli/internal/tfprovider/datasource.go:227.3,230.43 3 0
github.com/FabianSchurig/bitbucket-cli/internal/tfprovider/datasource.go:230.43,231.36 1 0
github.com/FabianSchurig/bitbucket-cli/internal/tfprovider/datasource.go:231.36,234.5 2 0
github.com/FabianSchurig/bitbucket-cli/internal/tfprovider/datasource.go:237.4,237.41 1 0
github.com/FabianSchurig/bitbucket-cli/internal/tfprovider/datasource.go:237.41,239.45 2 0
github.com/FabianSchurig/bitbucket-cli/internal/tfprovider/datasource.go:239.45,240.14 1 0
github.com/FabianSchurig/bitbucket-cli/internal/tfprovider/datasource.go:242.5,243.26 2 0
github.com/FabianSchurig/bitbucket-cli/internal/tfprovider/datasource.go:243.26,244.14 1 0
github.com/FabianSchurig/bitbucket-cli/internal/tfprovider/datasource.go:247.5,247.45 1 0
github.com/FabianSchurig/bitbucket-cli/internal/tfprovider/datasource.go:247.45,248.36 1 0
github.com/FabianSchurig/bitbucket-cli/internal/tfprovider/datasource.go:248.36,251.7 2 0
github.com/FabianSchurig/bitbucket-cli/internal/tfprovider/datasource.go:252.6,252.14 1 0
github.com/FabianSchurig/bitbucket-cli/internal/tfprovider/datasource.go:255.5,255.19 1 0
github.com/FabianSchurig/bitbucket-cli/internal/tfprovider/datasource.go:255.19,256.36 1 0
github.com/FabianSchurig/bitbucket-cli/internal/tfprovider/datasource.go:256.36,259.7 2 0
github.com/FabianSchurig/bitbucket-cli/internal/tfprovider/datasource.go:260.6,260.14 1 0
github.com/FabianSchurig/bitbucket-cli/internal/tfprovider/datasource.go:263.5,264.23 2 0
github.com/FabianSchurig/bitbucket-cli/internal/tfprovider/datasource.go:265.32,266.49 1 0
github.com/FabianSchurig/bitbucket-cli/internal/tfprovider/datasource.go:266.49,268.7 1 0
github.com/FabianSchurig/bitbucket-cli/internal/tfprovider/datasource.go:268.12,270.7 1 0
github.com/FabianSchurig/bitbucket-cli/internal/tfprovider/datasource.go:271.13,272.37 1 0
github.com/FabianSchurig/bitbucket-cli/internal/tfprovider/datasource.go:274.5,274.103 1 0
github.com/FabianSchurig/bitbucket-cli/internal/tfprovider/datasource.go:277.3,277.13 1 0
github.com/FabianSchurig/bitbucket-cli/internal/tfprovider/datasource.go:277.13,280.4 1 0
github.com/FabianSchurig/bitbucket-cli/internal/tfprovider/datasource.go:284.2,284.30 1 0
github.com/FabianSchurig/bitbucket-cli/internal/tfprovider/datasource.go:284.30,289.58 5 0
github.com/FabianSchurig/bitbucket-cli/internal/tfprovider/datasource.go:289.58,291.4 1 0
github.com/FabianSchurig/bitbucket-cli/internal/tfprovider/datasource.go:296.52,297.29 1 0
github.com/FabianSchurig/bitbucket-cli/internal/tfprovider/datasource.go:297.29,299.3 1 0
github.com/FabianSchurig/bitbucket-cli/internal/tfprovider/datasource.go:300.2,300.25 1 0
github.com/FabianSchurig/bitbucket-cli/internal/tfprovider/datasource.go:306.105,308.19 2 0
github.com/FabianSchurig/bitbucket-cli/internal/tfprovider/datasource.go:308.19,310.35 2 0
github.com/FabianSchurig/bitbucket-cli/internal/tfprovider/datasource.go:310.35,311.37 1 0
github.com/FabianSchurig/bitbucket-cli/internal/tfprovider/datasource.go:311.37,312.13 1 0
github.com/FabianSchurig/bitbucket-cli/internal/tfprovider/datasource.go:314.4,317.83 4 0
github.com/FabianSchurig/bitbucket-cli/internal/tfprovider/datasource.go:317.83,319.10 2 0
github.com/FabianSchurig/bitbucket-cli/internal/tfprovider/datasource.go:322.3,322.18 1 0
github.com/FabianSchurig/bitbucket-cli/internal/tfprovider/datasource.go:322.18,324.4 1 0
github.com/FabianSchurig/bitbucket-cli/internal/tfprovider/datasource.go:327.2,327.29 1 0
github.com/FabianSchurig/bitbucket-cli/internal/tfprovider/datasource.go:327.29,329.3 1 0
github.com/FabianSchurig/bitbucket-cli/internal/tfprovider/datasource.go:330.2,330.15 1 0
github.com/FabianSchurig/bitbucket-cli/internal/tfprovider/datasource.go:335.84,337.31 2 0
github.com/FabianSchurig/bitbucket-cli/internal/tfprovider/datasource.go:337.31,340.17 3 0
github.com/FabianSchurig/bitbucket-cli/internal/tfprovider/datasource.go:340.17,342.4 1 0
github.com/FabianSchurig/bitbucket-cli/internal/tfprovider/datasource.go:343.3,346.4 1 0
github.com/FabianSchurig/bitbucket-cli/internal/tfprovider/datasource.go:348.2,348.15 1 0
github.com/FabianSchurig/bitbucket-cli/internal/tfprovider/datasource.go:353.75,355.28 2 0
github.com/FabianSchurig/bitbucket-cli/internal/tfprovider/datasource.go:355.28,357.3 1 0
github.com/FabianSchurig/bitbucket-cli/internal/tfprovider/datasource.go:358.2,360.23 3 0
github.com/FabianSchurig/bitbucket-cli/internal/tfprovider/datasource.go:360.23,362.3 1 0
github.com/FabianSchurig/bitbucket-cli/internal/tfprovider/datasource.go:363.2,363.25 1 0
github.com/FabianSchurig/bitbucket-cli/internal/tfprovider/datasource.go:363.25,365.3 1 0
github.com/FabianSchurig/bitbucket-cli/internal/tfprovider/datasource.go:366.2,366.33 1 0
github.com/FabianSchurig/bitbucket-cli/internal/tfprovider/deployments.gen.go:9.13,11.2 1 1
github.com/FabianSchurig/bitbucket-cli/internal/tfprovider/downloads.gen.go:9.13,11.2 1 1
github.com/FabianSchurig/bitbucket-cli/internal/tfprovider/helpers.go:20.38,22.2 1 0
github.com/FabianSchurig/bitbucket-cli/internal/tfprovider/helpers.go:26.35,32.22 4 34
github.com/FabianSchurig/bitbucket-cli/internal/tfprovider/helpers.go:32.22,33.36 1 202
github.com/FabianSchurig/bitbucket-cli/internal/tfprovider/helpers.go:33.36,35.34 2 7
github.com/FabianSchurig/bitbucket-cli/internal/tfprovider/helpers.go:35.34,37.5 1 3
github.com/FabianSchurig/bitbucket-cli/internal/tfprovider/helpers.go:39.3,39.22 1 202
github.com/FabianSchurig/bitbucket-cli/internal/tfprovider/helpers.go:41.2,41.41 1 34
github.com/FabianSchurig/bitbucket-cli/internal/tfprovider/helpers.go:47.45,49.18 2 8
github.com/FabianSchurig/bitbucket-cli/internal/tfprovider/helpers.go:49.18,51.3 1 1
github.com/FabianSchurig/bitbucket-cli/internal/tfprovider/helpers.go:52.2,52.13 1 7
github.com/FabianSchurig/bitbucket-cli/internal/tfprovider/helpers.go:60.62,62.9 2 195
github.com/FabianSchurig/bitbucket-cli/internal/tfprovider/helpers.go:62.9,64.3 1 1
github.com/FabianSchurig/bitbucket-cli/internal/tfprovider/helpers.go:67.2,68.21 2 194
github.com/FabianSchurig/bitbucket-cli/internal/tfprovider/helpers.go:68.21,70.3 1 5763
github.com/FabianSchurig/bitbucket-cli/internal/tfprovider/helpers.go:72.2,78.3 1 194
github.com/FabianSchurig/bitbucket-cli/internal/tfprovider/helpers.go:83.70,87.24 4 1
github.com/FabianSchurig/bitbucket-cli/internal/tfprovider/helpers.go:87.24,89.3 1 1
github.com/FabianSchurig/bitbucket-cli/internal/tfprovider/helpers.go:90.2,90.22 1 1
github.com/FabianSchurig/bitbucket-cli/internal/tfprovider/helpers.go:90.22,92.3 1 1
github.com/FabianSchurig/bitbucket-cli/internal/tfprovider/helpers.go:93.2,93.24 1 1
github.com/FabianSchurig/bitbucket-cli/internal/tfprovider/helpers.go:93.24,95.3 1 0
github.com/FabianSchurig/bitbucket-cli/internal/tfprovider/helpers.go:96.2,96.24 1 1
github.com/FabianSchurig/bitbucket-cli/internal/tfprovider/helpers.go:96.24,98.3 1 0
github.com/FabianSchurig/bitbucket-cli/internal/tfprovider/helpers.go:99.2,99.22 1 1
github.com/FabianSchurig/bitbucket-cli/internal/tfprovider/helpers.go:99.22,101.3 1 0
github.com/FabianSchurig/bitbucket-cli/internal/tfprovider/helpers.go:102.2,102.20 1 1
github.com/FabianSchurig/bitbucket-cli/internal/tfprovider/hooks.gen.go:9.13,11.2 1 1
github.com/FabianSchurig/bitbucket-cli/internal/tfprovider/issues.gen.go:9.13,11.2 1 1
github.com/FabianSchurig/bitbucket-cli/internal/tfprovider/pipelines.gen.go:9.13,11.2 1 1
github.com/FabianSchurig/bitbucket-cli/internal/tfprovider/pr.gen.go:9.13,11.2 1 1
github.com/FabianSchurig/bitbucket-cli/internal/tfprovider/projects.gen.go:9.13,11.2 1 1
github.com/FabianSchurig/bitbucket-cli/internal/tfprovider/properties.gen.go:9.13,11.2 1 1
github.com/FabianSchurig/bitbucket-cli/internal/tfprovider/provider.go:37.51,38.34 1 28
github.com/FabianSchurig/bitbucket-cli/internal/tfprovider/provider.go:38.34,40.3 1 28
github.com/FabianSchurig/bitbucket-cli/internal/tfprovider/provider.go:44.118,47.2 2 0
github.com/FabianSchurig/bitbucket-cli/internal/tfprovider/provider.go:50.112,69.2 1 0
github.com/FabianSchurig/bitbucket-cli/internal/tfprovider/provider.go:72.125,75.33 3 0
github.com/FabianSchurig/bitbucket-cli/internal/tfprovider/provider.go:75.33,77.3 1 0
github.com/FabianSchurig/bitbucket-cli/internal/tfprovider/provider.go:80.2,81.31 2 0
github.com/FabianSchurig/bitbucket-cli/internal/tfprovider/provider.go:81.31,83.3 1 0
github.com/FabianSchurig/bitbucket-cli/internal/tfprovider/provider.go:84.2,85.28 2 0
github.com/FabianSchurig/bitbucket-cli/internal/tfprovider/provider.go:85.28,87.3 1 0
github.com/FabianSchurig/bitbucket-cli/internal/tfprovider/provider.go:88.2,89.30 2 0
github.com/FabianSchurig/bitbucket-cli/internal/tfprovider/provider.go:89.30,91.3 1 0
github.com/FabianSchurig/bitbucket-cli/internal/tfprovider/provider.go:93.2,94.16 2 0
github.com/FabianSchurig/bitbucket-cli/internal/tfprovider/provider.go:94.16,100.3 2 0
github.com/FabianSchurig/bitbucket-cli/internal/tfprovider/provider.go:103.2,104.23 2 0
github.com/FabianSchurig/bitbucket-cli/internal/tfprovider/provider.go:108.85,110.2 1 0
github.com/FabianSchurig/bitbucket-cli/internal/tfprovider/provider.go:113.91,115.2 1 0
github.com/FabianSchurig/bitbucket-cli/internal/tfprovider/provider.go:127.49,129.77 2 56
github.com/FabianSchurig/bitbucket-cli/internal/tfprovider/provider.go:129.77,131.3 1 0
github.com/FabianSchurig/bitbucket-cli/internal/tfprovider/provider.go:132.2,132.85 1 56
github.com/FabianSchurig/bitbucket-cli/internal/tfprovider/provider.go:132.85,134.3 1 0
github.com/FabianSchurig/bitbucket-cli/internal/tfprovider/provider.go:139.41,141.2 1 0
github.com/FabianSchurig/bitbucket-cli/internal/tfprovider/refs.gen.go:9.13,11.2 1 1
github.com/FabianSchurig/bitbucket-cli/internal/tfprovider/reports.gen.go:9.13,11.2 1 1
github.com/FabianSchurig/bitbucket-cli/internal/tfprovider/repositories.gen.go:9.13,11.2 1 1
github.com/FabianSchurig/bitbucket-cli/internal/tfprovider/resource.go:88.118,90.2 1 0
github.com/FabianSchurig/bitbucket-cli/internal/tfprovider/resource.go:93.110,112.22 4 0
github.com/FabianSchurig/bitbucket-cli/internal/tfprovider/resource.go:112.22,114.3 1 0
github.com/FabianSchurig/bitbucket-cli/internal/tfprovider/resource.go:115.2,115.22 1 0
github.com/FabianSchurig/bitbucket-cli/internal/tfprovider/resource.go:115.22,116.38 1 0
github.com/FabianSchurig/bitbucket-cli/internal/tfprovider/resource.go:116.38,117.36 1 0
github.com/FabianSchurig/bitbucket-cli/internal/tfprovider/resource.go:117.36,119.5 1 0
github.com/FabianSchurig/bitbucket-cli/internal/tfprovider/resource.go:124.2,125.33 2 0
github.com/FabianSchurig/bitbucket-cli/internal/tfprovider/resource.go:125.33,126.31 1 0
github.com/FabianSchurig/bitbucket-cli/internal/tfprovider/resource.go:126.31,127.25 1 0
github.com/FabianSchurig/bitbucket-cli/internal/tfprovider/resource.go:127.25,128.13 1 0
github.com/FabianSchurig/bitbucket-cli/internal/tfprovider/resource.go:130.4,132.44 3 0
github.com/FabianSchurig/bitbucket-cli/internal/tfprovider/resource.go:132.44,133.13 1 0
github.com/FabianSchurig/bitbucket-cli/internal/tfprovider/resource.go:135.4,136.18 2 0
github.com/FabianSchurig/bitbucket-cli/internal/tfprovider/resource.go:136.18,141.5 1 0
github.com/FabianSchurig/bitbucket-cli/internal/tfprovider/resource.go:141.10,148.5 2 0
github.com/FabianSchurig/bitbucket-cli/internal/tfprovider/resource.go:153.2,155.33 3 0
github.com/FabianSchurig/bitbucket-cli/internal/tfprovider/resource.go:155.33,156.17 1 0
github.com/FabianSchurig/bitbucket-cli/internal/tfprovider/resource.go:156.17,158.4 1 0
github.com/FabianSchurig/bitbucket-cli/internal/tfprovider/resource.go:159.3,159.36 1 0
github.com/FabianSchurig/bitbucket-cli/internal/tfprovider/resource.go:159.36,161.26 2 0
github.com/FabianSchurig/bitbucket-cli/internal/tfprovider/resource.go:161.26,162.13 1 0
github.com/FabianSchurig/bitbucket-cli/internal/tfprovider/resource.go:164.4,166.18 3 0
github.com/FabianSchurig/bitbucket-cli/internal/tfprovider/resource.go:166.18,168.5 1 0
github.com/FabianSchurig/bitbucket-cli/internal/tfprovider/resource.go:169.4,169.45 1 0
github.com/FabianSchurig/bitbucket-cli/internal/tfprovider/resource.go:169.45,175.5 1 0
github.com/FabianSchurig/bitbucket-cli/internal/tfprovider/resource.go:175.10,175.51 1 0
github.com/FabianSchurig/bitbucket-cli/internal/tfprovider/resource.go:175.51,183.5 1 0
github.com/FabianSchurig/bitbucket-cli/internal/tfprovider/resource.go:183.10,183.25 1 0
github.com/FabianSchurig/bitbucket-cli/internal/tfprovider/resource.go:183.25,190.5 1 0
github.com/FabianSchurig/bitbucket-cli/internal/tfprovider/resource.go:190.10,195.5 1 0
github.com/FabianSchurig/bitbucket-cli/internal/tfprovider/resource.go:202.2,203.23 2 0
github.com/FabianSchurig/bitbucket-cli/internal/tfprovider/resource.go:203.23,205.3 1 0
github.com/FabianSchurig/bitbucket-cli/internal/tfprovider/resource.go:206.2,206.23 1 0
github.com/FabianSchurig/bitbucket-cli/internal/tfprovider/resource.go:206.23,207.48 1 0
github.com/FabianSchurig/bitbucket-cli/internal/tfprovider/resource.go:207.48,210.69 2 0
github.com/FabianSchurig/bitbucket-cli/internal/tfprovider/resource.go:210.69,211.13 1 0
github.com/FabianSchurig/bitbucket-cli/internal/tfprovider/resource.go:213.4,214.18 2 0
github.com/FabianSchurig/bitbucket-cli/internal/tfprovider/resource.go:214.18,216.5 1 0
github.com/FabianSchurig/bitbucket-cli/internal/tfprovider/resource.go:217.4,217.46 1 0
github.com/FabianSchurig/bitbucket-cli/internal/tfprovider/resource.go:217.46,220.34 1 0
github.com/FabianSchurig/bitbucket-cli/internal/tfprovider/resource.go:221.33,222.38 1 0
github.com/FabianSchurig/bitbucket-cli/internal/tfprovider/resource.go:222.38,226.7 3 0
github.com/FabianSchurig/bitbucket-cli/internal/tfprovider/resource.go:227.39,228.38 1 0
github.com/FabianSchurig/bitbucket-cli/internal/tfprovider/resource.go:228.38,231.48 3 0
github.com/FabianSchurig/bitbucket-cli/internal/tfprovider/resource.go:231.48,233.8 1 0
github.com/FabianSchurig/bitbucket-cli/internal/tfprovider/resource.go:234.7,234.22 1 0
github.com/FabianSchurig/bitbucket-cli/internal/tfprovider/resource.go:236.37,237.38 1 0
github.com/FabianSchurig/bitbucket-cli/internal/tfprovider/resource.go:237.38,241.47 3 0
github.com/FabianSchurig/bitbucket-cli/internal/tfprovider/resource.go:241.47,245.8 1 0
github.com/FabianSchurig/bitbucket-cli/internal/tfprovider/resource.go:246.7,246.22 1 0
github.com/FabianSchurig/bitbucket-cli/internal/tfprovider/resource.go:248.31,249.38 1 0
github.com/FabianSchurig/bitbucket-cli/internal/tfprovider/resource.go:249.38,253.7 3 0
github.com/FabianSchurig/bitbucket-cli/internal/tfprovider/resource.go:255.10,255.30 1 0
github.com/FabianSchurig/bitbucket-cli/internal/tfprovider/resource.go:255.30,257.46 1 0
github.com/FabianSchurig/bitbucket-cli/internal/tfprovider/resource.go:257.46,263.6 1 0
github.com/FabianSchurig/bitbucket-cli/internal/tfprovider/resource.go:263.11,263.52 1 0
github.com/FabianSchurig/bitbucket-cli/internal/tfprovider/resource.go:263.52,271.6 1 0
github.com/FabianSchurig/bitbucket-cli/internal/tfprovider/resource.go:271.11,271.26 1 0
github.com/FabianSchurig/bitbucket-cli/internal/tfprovider/resource.go:271.26,278.6 1 0
github.com/FabianSchurig/bitbucket-cli/internal/tfprovider/resource.go:278.11,283.6 1 0
github.com/FabianSchurig/bitbucket-cli/internal/tfprovider/resource.go:291.2,291.13 1 0
github.com/FabianSchurig/bitbucket-cli/internal/tfprovider/resource.go:291.13,296.3 1 0
github.com/FabianSchurig/bitbucket-cli/internal/tfprovider/resource.go:298.2,301.3 1 0
github.com/FabianSchurig/bitbucket-cli/internal/tfprovider/resource.go:306.82,308.31 2 0
github.com/FabianSchurig/bitbucket-cli/internal/tfprovider/resource.go:308.31,311.17 3 0
github.com/FabianSchurig/bitbucket-cli/internal/tfprovider/resource.go:311.17,313.4 1 0
github.com/FabianSchurig/bitbucket-cli/internal/tfprovider/resource.go:314.3,314.42 1 0
github.com/FabianSchurig/bitbucket-cli/internal/tfprovider/resource.go:314.42,321.4 1 0
github.com/FabianSchurig/bitbucket-cli/internal/tfprovider/resource.go:321.9,321.48 1 0
github.com/FabianSchurig/bitbucket-cli/internal/tfprovider/resource.go:321.48,330.4 1 0
github.com/FabianSchurig/bitbucket-cli/internal/tfprovider/resource.go:330.9,330.23 1 0
github.com/FabianSchurig/bitbucket-cli/internal/tfprovider/resource.go:330.23,337.4 1 0
github.com/FabianSchurig/bitbucket-cli/internal/tfprovider/resource.go:337.9,343.4 1 0
github.com/FabianSchurig/bitbucket-cli/internal/tfprovider/resource.go:345.2,345.15 1 0
github.com/FabianSchurig/bitbucket-cli/internal/tfprovider/resource.go:350.68,352.31 2 11
github.com/FabianSchurig/bitbucket-cli/internal/tfprovider/resource.go:352.31,354.42 2 16
github.com/FabianSchurig/bitbucket-cli/internal/tfprovider/resource.go:354.42,356.4 1 1
github.com/FabianSchurig/bitbucket-cli/internal/tfprovider/resource.go:356.9,356.48 1 15
github.com/FabianSchurig/bitbucket-cli/internal/tfprovider/resource.go:356.48,358.4 1 4
github.com/FabianSchurig/bitbucket-cli/internal/tfprovider/resource.go:358.9,358.23 1 11
github.com/FabianSchurig/bitbucket-cli/internal/tfprovider/resource.go:358.23,360.4 1 4
github.com/FabianSchurig/bitbucket-cli/internal/tfprovider/resource.go:360.9,362.4 1 7
github.com/FabianSchurig/bitbucket-cli/internal/tfprovider/resource.go:364.2,364.18 1 11
github.com/FabianSchurig/bitbucket-cli/internal/tfprovider/resource.go:368.121,369.29 1 0
github.com/FabianSchurig/bitbucket-cli/internal/tfprovider/resource.go:369.29,371.3 1 0
github.com/FabianSchurig/bitbucket-cli/internal/tfprovider/resource.go:372.2,373.9 2 0
github.com/FabianSchurig/bitbucket-cli/internal/tfprovider/resource.go:373.9,379.3 2 0
github.com/FabianSchurig/bitbucket-cli/internal/tfprovider/resource.go:380.2,380.14 1 0
github.com/FabianSchurig/bitbucket-cli/internal/tfprovider/resource.go:384.114,386.15 2 0
github.com/FabianSchurig/bitbucket-cli/internal/tfprovider/resource.go:386.15,389.3 2 0
github.com/FabianSchurig/bitbucket-cli/internal/tfprovider/resource.go:390.2,390.64 1 0
github.com/FabianSchurig/bitbucket-cli/internal/tfprovider/resource.go:394.108,396.15 2 0
github.com/FabianSchurig/bitbucket-cli/internal/tfprovider/resource.go:396.15,399.3 1 0
github.com/FabianSchurig/bitbucket-cli/internal/tfprovider/resource.go:400.2,400.65 1 0
github.com/FabianSchurig/bitbucket-cli/internal/tfprovider/resource.go:404.114,406.15 2 0
github.com/FabianSchurig/bitbucket-cli/internal/tfprovider/resource.go:406.15,409.3 2 0
github.com/FabianSchurig/bitbucket-cli/internal/tfprovider/resource.go:410.2,410.64 1 0
github.com/FabianSchurig/bitbucket-cli/internal/tfprovider/resource.go:414.114,416.15 2 0
github.com/FabianSchurig/bitbucket-cli/internal/tfprovider/resource.go:416.15,420.3 2 0
github.com/FabianSchurig/bitbucket-cli/internal/tfprovider/resource.go:422.2,424.33 3 0
github.com/FabianSchurig/bitbucket-cli/internal/tfprovider/resource.go:424.33,426.3 1 0
github.com/FabianSchurig/bitbucket-cli/internal/tfprovider/resource.go:428.2,435.16 2 0
github.com/FabianSchurig/bitbucket-cli/internal/tfprovider/resource.go:435.16,438.3 2 0
github.com/FabianSchurig/bitbucket-cli/internal/tfprovider/resource.go:440.2,440.32 1 0
github.com/FabianSchurig/bitbucket-cli/internal/tfprovider/resource.go:446.144,448.22 2 0
github.com/FabianSchurig/bitbucket-cli/internal/tfprovider/resource.go:448.22,450.3 1 0
github.com/FabianSchurig/bitbucket-cli/internal/tfprovider/resource.go:452.2,453.22 2 0
github.com/FabianSchurig/bitbucket-cli/internal/tfprovider/resource.go:453.22,455.3 1 0
github.com/FabianSchurig/bitbucket-cli/internal/tfprovider/resource.go:457.2,465.16 2 0
github.com/FabianSchurig/bitbucket-cli/internal/tfprovider/resource.go:465.16,468.3 2 0
github.com/FabianSchurig/bitbucket-cli/internal/tfprovider/resource.go:471.2,471.19 1 0
github.com/FabianSchurig/bitbucket-cli/internal/tfprovider/resource.go:471.19,473.17 2 0
github.com/FabianSchurig/bitbucket-cli/internal/tfprovider/resource.go:473.17,476.4 2 0
github.com/FabianSchurig/bitbucket-cli/internal/tfprovider/resource.go:477.3,481.43 3 0
github.com/FabianSchurig/bitbucket-cli/internal/tfprovider/resource.go:481.43,482.36 1 0
github.com/FabianSchurig/bitbucket-cli/internal/tfprovider/resource.go:482.36,485.5 2 0
github.com/FabianSchurig/bitbucket-cli/internal/tfprovider/resource.go:488.4,488.50 1 0
github.com/FabianSchurig/bitbucket-cli/internal/tfprovider/resource.go:491.3,491.13 1 0
github.com/FabianSchurig/bitbucket-cli/internal/tfprovider/resource.go:491.13,493.32 2 0
github.com/FabianSchurig/bitbucket-cli/internal/tfprovider/resource.go:493.32,494.23 1 0
github.com/FabianSchurig/bitbucket-cli/internal/tfprovider/resource.go:494.23,495.41 1 0
github.com/FabianSchurig/bitbucket-cli/internal/tfprovider/resource.go:495.41,497.7 1 0
github.com/FabianSchurig/bitbucket-cli/internal/tfprovider/resource.go:500.4,500.92 1 0
github.com/FabianSchurig/bitbucket-cli/internal/tfprovider/resource.go:502.8,505.3 2 0
github.com/FabianSchurig/bitbucket-cli/internal/tfprovider/resource.go:510.2,510.19 1 0
github.com/FabianSchurig/bitbucket-cli/internal/tfprovider/resource.go:510.19,511.43 1 0
github.com/FabianSchurig/bitbucket-cli/internal/tfprovider/resource.go:511.43,513.4 1 0
github.com/FabianSchurig/bitbucket-cli/internal/tfprovider/resource.go:517.2,517.50 1 0
github.com/FabianSchurig/bitbucket-cli/internal/tfprovider/resource.go:521.166,525.30 3 0
github.com/FabianSchurig/bitbucket-cli/internal/tfprovider/resource.go:525.30,530.19 5 0
github.com/FabianSchurig/bitbucket-cli/internal/tfprovider/resource.go:530.19,531.12 1 0
github.com/FabianSchurig/bitbucket-cli/internal/tfprovider/resource.go:533.3,533.65 1 0
github.com/FabianSchurig/bitbucket-cli/internal/tfprovider/resource.go:533.65,534.18 1 0
github.com/FabianSchurig/bitbucket-cli/internal/tfprovider/resource.go:534.18,537.5 1 0
github.com/FabianSchurig/bitbucket-cli/internal/tfprovider/resource.go:538.4,538.12 1 0
github.com/FabianSchurig/bitbucket-cli/internal/tfprovider/resource.go:540.3,540.15 1 0
github.com/FabianSchurig/bitbucket-cli/internal/tfprovider/resource.go:541.15,542.42 1 0
github.com/FabianSchurig/bitbucket-cli/internal/tfprovider/resource.go:543.16,544.43 1 0
github.com/FabianSchurig/bitbucket-cli/internal/tfprovider/resource.go:547.2,547.32 1 0
github.com/FabianSchurig/bitbucket-cli/internal/tfprovider/resource.go:551.130,552.17 1 0
github.com/FabianSchurig/bitbucket-cli/internal/tfprovider/resource.go:552.17,554.3 1 0
github.com/FabianSchurig/bitbucket-cli/internal/tfprovider/resource.go:557.2,557.28 1 0
github.com/FabianSchurig/bitbucket-cli/internal/tfprovider/resource.go:557.28,559.36 2 0
github.com/FabianSchurig/bitbucket-cli/internal/tfprovider/resource.go:559.36,561.45 2 0
github.com/FabianSchurig/bitbucket-cli/internal/tfprovider/resource.go:561.45,564.19 2 0
github.com/FabianSchurig/bitbucket-cli/internal/tfprovider/resource.go:564.19,566.6 1 0
github.com/FabianSchurig/bitbucket-cli/internal/tfprovider/resource.go:567.10,567.51 1 0
github.com/FabianSchurig/bitbucket-cli/internal/tfprovider/resource.go:567.51,570.19 2 0
github.com/FabianSchurig/bitbucket-cli/internal/tfprovider/resource.go:570.19,572.6 1 0
github.com/FabianSchurig/bitbucket-cli/internal/tfprovider/resource.go:573.10,573.25 1 0
github.com/FabianSchurig/bitbucket-cli/internal/tfprovider/resource.go:573.25,576.19 2 0
github.com/FabianSchurig/bitbucket-cli/internal/tfprovider/resource.go:576.19,578.6 1 0
github.com/FabianSchurig/bitbucket-cli/internal/tfprovider/resource.go:579.10,583.83 4 0
github.com/FabianSchurig/bitbucket-cli/internal/tfprovider/resource.go:583.83,584.14 1 0
github.com/FabianSchurig/bitbucket-cli/internal/tfprovider/resource.go:586.5,586.60 1 0
github.com/FabianSchurig/bitbucket-cli/internal/tfprovider/resource.go:589.3,589.24 1 0
github.com/FabianSchurig/bitbucket-cli/internal/tfprovider/resource.go:589.24,591.4 1 0
github.com/FabianSchurig/bitbucket-cli/internal/tfprovider/resource.go:592.3,593.17 2 0
github.com/FabianSchurig/bitbucket-cli/internal/tfprovider/resource.go:593.17,596.4 2 0
github.com/FabianSchurig/bitbucket-cli/internal/tfprovider/resource.go:597.3,597.19 1 0
github.com/FabianSchurig/bitbucket-cli/internal/tfprovider/resource.go:601.2,604.92 4 0
github.com/FabianSchurig/bitbucket-cli/internal/tfprovider/resource.go:604.92,606.3 1 0
github.com/FabianSchurig/bitbucket-cli/internal/tfprovider/resource.go:607.2,607.30 1 0
github.com/FabianSchurig/bitbucket-cli/internal/tfprovider/resource.go:613.150,617.55 4 0
github.com/FabianSchurig/bitbucket-cli/internal/tfprovider/resource.go:617.55,619.3 1 0
github.com/FabianSchurig/bitbucket-cli/internal/tfprovider/resource.go:620.2,620.46 1 0
github.com/FabianSchurig/bitbucket-cli/internal/tfprovider/resource.go:623.87,625.24 2 2
github.com/FabianSchurig/bitbucket-cli/internal/tfprovider/resource.go:625.24,627.3 1 0
github.com/FabianSchurig/bitbucket-cli/internal/tfprovider/resource.go:628.2,629.32 2 2
github.com/FabianSchurig/bitbucket-cli/internal/tfprovider/resource.go:629.32,631.10 2 2
github.com/FabianSchurig/bitbucket-cli/internal/tfprovider/resource.go:631.10,632.12 1 0
github.com/FabianSchurig/bitbucket-cli/internal/tfprovider/resource.go:634.3,636.32 3 2
github.com/FabianSchurig/bitbucket-cli/internal/tfprovider/resource.go:636.32,638.42 2 2
github.com/FabianSchurig/bitbucket-cli/internal/tfprovider/resource.go:638.42,639.45 1 2
github.com/FabianSchurig/bitbucket-cli/internal/tfprovider/resource.go:639.45,641.6 1 2
github.com/FabianSchurig/bitbucket-cli/internal/tfprovider/resource.go:644.3,644.20 1 2
github.com/FabianSchurig/bitbucket-cli/internal/tfprovider/resource.go:644.20,646.4 1 2
github.com/FabianSchurig/bitbucket-cli/internal/tfprovider/resource.go:648.2,648.15 1 2
github.com/FabianSchurig/bitbucket-cli/internal/tfprovider/resource.go:654.150,658.53 4 0
github.com/FabianSchurig/bitbucket-cli/internal/tfprovider/resource.go:658.53,660.3 1 0
github.com/FabianSchurig/bitbucket-cli/internal/tfprovider/resource.go:661.2,663.31 3 0
github.com/FabianSchurig/bitbucket-cli/internal/tfprovider/resource.go:663.31,666.14 3 0
github.com/FabianSchurig/bitbucket-cli/internal/tfprovider/resource.go:666.14,667.12 1 0
github.com/FabianSchurig/bitbucket-cli/internal/tfprovider/resource.go:669.3,669.43 1 0
github.com/FabianSchurig/bitbucket-cli/internal/tfprovider/resource.go:669.43,671.4 1 0
github.com/FabianSchurig/bitbucket-cli/internal/tfprovider/resource.go:673.2,673.22 1 0
github.com/FabianSchurig/bitbucket-cli/internal/tfprovider/resource.go:673.22,675.3 1 0
github.com/FabianSchurig/bitbucket-cli/internal/tfprovider/resource.go:676.2,676.15 1 0
github.com/FabianSchurig/bitbucket-cli/internal/tfprovider/resource.go:681.82,684.31 3 2
github.com/FabianSchurig/bitbucket-cli/internal/tfprovider/resource.go:684.31,687.14 3 5
github.com/FabianSchurig/bitbucket-cli/internal/tfprovider/resource.go:687.14,688.12 1 0
github.com/FabianSchurig/bitbucket-cli/internal/tfprovider/resource.go:690.3,690.43 1 5
github.com/FabianSchurig/bitbucket-cli/internal/tfprovider/resource.go:690.43,692.4 1 5
github.com/FabianSchurig/bitbucket-cli/internal/tfprovider/resource.go:694.2,694.15 1 2
github.com/FabianSchurig/bitbucket-cli/internal/tfprovider/resource.go:697.62,698.41 1 7
github.com/FabianSchurig/bitbucket-cli/internal/tfprovider/resource.go:698.41,700.55 2 1
github.com/FabianSchurig/bitbucket-cli/internal/tfprovider/resource.go:700.55,702.4 1 0
github.com/FabianSchurig/bitbucket-cli/internal/tfprovider/resource.go:703.3,704.22 2 1
github.com/FabianSchurig/bitbucket-cli/internal/tfprovider/resource.go:704.22,706.4 1 0
github.com/FabianSchurig/bitbucket-cli/internal/tfprovider/resource.go:707.3,707.21 1 1
github.com/FabianSchurig/bitbucket-cli/internal/tfprovider/resource.go:709.2,709.40 1 6
github.com/FabianSchurig/bitbucket-cli/internal/tfprovider/resource.go:709.40,711.47 2 2
github.com/FabianSchurig/bitbucket-cli/internal/tfprovider/resource.go:711.47,713.4 1 0
github.com/FabianSchurig/bitbucket-cli/internal/tfprovider/resource.go:714.3,715.22 2 2
github.com/FabianSchurig/bitbucket-cli/internal/tfprovider/resource.go:715.22,717.4 1 0
github.com/FabianSchurig/bitbucket-cli/internal/tfprovider/resource.go:718.3,718.21 1 2
github.com/FabianSchurig/bitbucket-cli/internal/tfprovider/resource.go:720.2,720.15 1 4
github.com/FabianSchurig/bitbucket-cli/internal/tfprovider/resource.go:720.15,722.47 2 2
github.com/FabianSchurig/bitbucket-cli/internal/tfprovider/resource.go:722.47,724.4 1 0
github.com/FabianSchurig/bitbucket-cli/internal/tfprovider/resource.go:725.3,726.22 2 2
github.com/FabianSchurig/bitbucket-cli/internal/tfprovider/resource.go:726.22,728.4 1 0
github.com/FabianSchurig/bitbucket-cli/internal/tfprovider/resource.go:729.3,729.21 1 2
github.com/FabianSchurig/bitbucket-cli/internal/tfprovider/resource.go:731.2,732.68 2 2
github.com/FabianSchurig/bitbucket-cli/internal/tfprovider/resource.go:732.68,734.3 1 0
github.com/FabianSchurig/bitbucket-cli/internal/tfprovider/resource.go:735.2,735.31 1 2
github.com/FabianSchurig/bitbucket-cli/internal/tfprovider/resource.go:740.115,744.55 4 0
github.com/FabianSchurig/bitbucket-cli/internal/tfprovider/resource.go:744.55,746.3 1 0
github.com/FabianSchurig/bitbucket-cli/internal/tfprovider/resource.go:747.2,747.34 1 0
github.com/FabianSchurig/bitbucket-cli/internal/tfprovider/resource.go:750.52,752.24 2 2
github.com/FabianSchurig/bitbucket-cli/internal/tfprovider/resource.go:752.24,754.3 1 0
github.com/FabianSchurig/bitbucket-cli/internal/tfprovider/resource.go:755.2,756.32 2 2
github.com/FabianSchurig/bitbucket-cli/internal/tfprovider/resource.go:756.32,757.75 1 3
github.com/FabianSchurig/bitbucket-cli/internal/tfprovider/resource.go:757.75,759.4 1 3
github.com/FabianSchurig/bitbucket-cli/internal/tfprovider/resource.go:761.2,761.15 1 2
github.com/FabianSchurig/bitbucket-cli/internal/tfprovider/resource.go:767.135,770.33 3 0
github.com/FabianSchurig/bitbucket-cli/internal/tfprovider/resource.go:770.33,771.17 1 0
github.com/FabianSchurig/bitbucket-cli/internal/tfprovider/resource.go:771.17,773.4 1 0
github.com/FabianSchurig/bitbucket-cli/internal/tfprovider/resource.go:774.3,774.31 1 0
github.com/FabianSchurig/bitbucket-cli/internal/tfprovider/resource.go:774.31,776.22 2 0
github.com/FabianSchurig/bitbucket-cli/internal/tfprovider/resource.go:776.22,777.13 1 0
github.com/FabianSchurig/bitbucket-cli/internal/tfprovider/resource.go:779.4,783.58 5 0
github.com/FabianSchurig/bitbucket-cli/internal/tfprovider/resource.go:783.58,785.5 1 0
github.com/FabianSchurig/bitbucket-cli/internal/tfprovider/resource.go:787.3,787.36 1 0
github.com/FabianSchurig/bitbucket-cli/internal/tfprovider/resource.go:787.36,789.22 2 0
github.com/FabianSchurig/bitbucket-cli/internal/tfprovider/resource.go:789.22,790.13 1 0
github.com/FabianSchurig/bitbucket-cli/internal/tfprovider/resource.go:792.4,793.33 2 0
github.com/FabianSchurig/bitbucket-cli/internal/tfprovider/resource.go:793.33,797.13 1 0
github.com/FabianSchurig/bitbucket-cli/internal/tfprovider/resource.go:799.4,802.58 4 0
github.com/FabianSchurig/bitbucket-cli/internal/tfprovider/resource.go:802.58,804.5 1 0
github.com/FabianSchurig/bitbucket-cli/internal/tfprovider/resource.go:808.2,808.13 1 0
github.com/FabianSchurig/bitbucket-cli/internal/tfprovider/resource.go:808.13,812.57 4 0
github.com/FabianSchurig/bitbucket-cli/internal/tfprovider/resource.go:812.57,814.4 1 0
github.com/FabianSchurig/bitbucket-cli/internal/tfprovider/resource.go:822.144,824.37 2 0
github.com/FabianSchurig/bitbucket-cli/internal/tfprovider/resource.go:824.37,825.35 1 0
github.com/FabianSchurig/bitbucket-cli/internal/tfprovider/resource.go:825.35,826.22 1 0
github.com/FabianSchurig/bitbucket-cli/internal/tfprovider/resource.go:826.22,827.13 1 0
github.com/FabianSchurig/bitbucket-cli/internal/tfprovider/resource.go:829.4,830.22 2 0
github.com/FabianSchurig/bitbucket-cli/internal/tfprovider/resource.go:830.22,831.13 1 0
github.com/FabianSchurig/bitbucket-cli/internal/tfprovider/resource.go:833.4,839.20 5 0
github.com/FabianSchurig/bitbucket-cli/internal/tfprovider/resource.go:839.20,840.13 1 0
github.com/FabianSchurig/bitbucket-cli/internal/tfprovider/resource.go:842.4,842.83 1 0
github.com/FabianSchurig/bitbucket-cli/internal/tfprovider/resource.go:842.83,843.13 1 0
github.com/FabianSchurig/bitbucket-cli/internal/tfprovider/resource.go:847.4,847.65 1 0
github.com/FabianSchurig/bitbucket-cli/internal/tfprovider/resource.go:847.65,849.5 1 0
github.com/FabianSchurig/bitbucket-cli/internal/tfprovider/resource.go:855.53,858.25 3 0
github.com/FabianSchurig/bitbucket-cli/internal/tfprovider/resource.go:858.25,859.16 1 0
github.com/FabianSchurig/bitbucket-cli/internal/tfprovider/resource.go:859.16,861.4 1 0
github.com/FabianSchurig/bitbucket-cli/internal/tfprovider/resource.go:863.2,863.15 1 0
github.com/FabianSchurig/bitbucket-cli/internal/tfprovider/resource.go:868.59,869.73 1 0
github.com/FabianSchurig/bitbucket-cli/internal/tfprovider/resource.go:869.73,871.3 1 0
github.com/FabianSchurig/bitbucket-cli/internal/tfprovider/resource.go:872.2,872.77 1 0
github.com/FabianSchurig/bitbucket-cli/internal/tfprovider/resource.go:872.77,874.3 1 0
github.com/FabianSchurig/bitbucket-cli/internal/tfprovider/resource.go:875.2,875.12 1 0
github.com/FabianSchurig/bitbucket-cli/internal/tfprovider/resource.go:880.135,881.40 1 0
github.com/FabianSchurig/bitbucket-cli/internal/tfprovider/resource.go:881.40,884.68 2 0
github.com/FabianSchurig/bitbucket-cli/internal/tfprovider/resource.go:884.68,885.12 1 0
github.com/FabianSchurig/bitbucket-cli/internal/tfprovider/resource.go:887.3,888.24 2 0
github.com/FabianSchurig/bitbucket-cli/internal/tfprovider/resource.go:888.24,889.12 1 0
github.com/FabianSchurig/bitbucket-cli/internal/tfprovider/resource.go:892.3,892.44 1 0
github.com/FabianSchurig/bitbucket-cli/internal/tfprovider/resource.go:892.44,893.43 1 0
github.com/FabianSchurig/bitbucket-cli/internal/tfprovider/resource.go:893.43,896.5 2 0
github.com/FabianSchurig/bitbucket-cli/internal/tfprovider/resource.go:897.4,897.12 1 0
github.com/FabianSchurig/bitbucket-cli/internal/tfprovider/resource.go:900.3,900.43 1 0
github.com/FabianSchurig/bitbucket-cli/internal/tfprovider/resource.go:900.43,901.34 1 0
github.com/FabianSchurig/bitbucket-cli/internal/tfprovider/resource.go:901.34,904.5 2 0
github.com/FabianSchurig/bitbucket-cli/internal/tfprovider/resource.go:905.4,905.12 1 0
github.com/FabianSchurig/bitbucket-cli/internal/tfprovider/resource.go:908.3,908.17 1 0
github.com/FabianSchurig/bitbucket-cli/internal/tfprovider/resource.go:908.17,909.34 1 0
github.com/FabianSchurig/bitbucket-cli/internal/tfprovider/resource.go:909.34,912.5 2 0
github.com/FabianSchurig/bitbucket-cli/internal/tfprovider/resource.go:913.4,913.12 1 0
github.com/FabianSchurig/bitbucket-cli/internal/tfprovider/resource.go:916.3,917.21 2 0
github.com/FabianSchurig/bitbucket-cli/internal/tfprovider/resource.go:918.30,919.47 1 0
github.com/FabianSchurig/bitbucket-cli/internal/tfprovider/resource.go:919.47,921.5 1 0
github.com/FabianSchurig/bitbucket-cli/internal/tfprovider/resource.go:921.10,923.5 1 0
github.com/FabianSchurig/bitbucket-cli/internal/tfprovider/resource.go:924.11,925.35 1 0
github.com/FabianSchurig/bitbucket-cli/internal/tfprovider/resource.go:927.3,927.86 1 0
github.com/FabianSchurig/bitbucket-cli/internal/tfprovider/resource.go:933.77,937.19 3 2
github.com/FabianSchurig/bitbucket-cli/internal/tfprovider/resource.go:937.19,939.3 1 0
github.com/FabianSchurig/bitbucket-cli/internal/tfprovider/resource.go:941.2,942.27 2 2
github.com/FabianSchurig/bitbucket-cli/internal/tfprovider/resource.go:942.27,944.10 2 2
github.com/FabianSchurig/bitbucket-cli/internal/tfprovider/resource.go:944.10,945.12 1 0
github.com/FabianSchurig/bitbucket-cli/internal/tfprovider/resource.go:947.3,948.32 2 2
github.com/FabianSchurig/bitbucket-cli/internal/tfprovider/resource.go:948.32,951.27 3 3
github.com/FabianSchurig/bitbucket-cli/internal/tfprovider/resource.go:951.27,953.13 2 0
github.com/FabianSchurig/bitbucket-cli/internal/tfprovider/resource.go:955.4,955.52 1 3
github.com/FabianSchurig/bitbucket-cli/internal/tfprovider/resource.go:957.3,957.74 1 2
github.com/FabianSchurig/bitbucket-cli/internal/tfprovider/resource.go:959.2,959.47 1 2
github.com/FabianSchurig/bitbucket-cli/internal/tfprovider/resource.go:964.88,967.31 3 0
github.com/FabianSchurig/bitbucket-cli/internal/tfprovider/resource.go:967.31,970.26 3 0
github.com/FabianSchurig/bitbucket-cli/internal/tfprovider/resource.go:970.26,972.12 2 0
github.com/FabianSchurig/bitbucket-cli/internal/tfprovider/resource.go:974.3,974.51 1 0
github.com/FabianSchurig/bitbucket-cli/internal/tfprovider/resource.go:976.2,976.51 1 0
github.com/FabianSchurig/bitbucket-cli/internal/tfprovider/resource.go:979.67,980.41 1 3
github.com/FabianSchurig/bitbucket-cli/internal/tfprovider/resource.go:980.41,982.10 2 0
github.com/FabianSchurig/bitbucket-cli/internal/tfprovider/resource.go:982.10,984.4 1 0
github.com/FabianSchurig/bitbucket-cli/internal/tfprovider/resource.go:985.3,985.52 1 0
github.com/FabianSchurig/bitbucket-cli/internal/tfprovider/resource.go:987.2,987.40 1 3
github.com/FabianSchurig/bitbucket-cli/internal/tfprovider/resource.go:987.40,989.10 2 1
github.com/FabianSchurig/bitbucket-cli/internal/tfprovider/resource.go:989.10,991.4 1 0
github.com/FabianSchurig/bitbucket-cli/internal/tfprovider/resource.go:992.3,992.50 1 1
github.com/FabianSchurig/bitbucket-cli/internal/tfprovider/resource.go:994.2,994.15 1 2
github.com/FabianSchurig/bitbucket-cli/internal/tfprovider/resource.go:994.15,996.10 2 1
github.com/FabianSchurig/bitbucket-cli/internal/tfprovider/resource.go:996.10,998.4 1 0
github.com/FabianSchurig/bitbucket-cli/internal/tfprovider/resource.go:999.3,999.42 1 1
github.com/FabianSchurig/bitbucket-cli/internal/tfprovider/resource.go:1001.2,1001.48 1 1
github.com/FabianSchurig/bitbucket-cli/internal/tfprovider/resource.go:1005.47,1006.41 1 0
github.com/FabianSchurig/bitbucket-cli/internal/tfprovider/resource.go:1006.41,1008.3 1 0
github.com/FabianSchurig/bitbucket-cli/internal/tfprovider/resource.go:1009.2,1009.40 1 0
github.com/FabianSchurig/bitbucket-cli/internal/tfprovider/resource.go:1009.40,1011.3 1 0
github.com/FabianSchurig/bitbucket-cli/internal/tfprovider/resource.go:1012.2,1012.15 1 0
github.com/FabianSchurig/bitbucket-cli/internal/tfprovider/resource.go:1012.15,1014.3 1 0
github.com/FabianSchurig/bitbucket-cli/internal/tfprovider/resource.go:1015.2,1015.27 1 0
github.com/FabianSchurig/bitbucket-cli/internal/tfprovider/resource.go:1020.56,1021.19 1 1
github.com/FabianSchurig/bitbucket-cli/internal/tfprovider/resource.go:1021.19,1023.3 1 0
github.com/FabianSchurig/bitbucket-cli/internal/tfprovider/resource.go:1024.2,1025.27 2 1
github.com/FabianSchurig/bitbucket-cli/internal/tfprovider/resource.go:1025.27,1027.3 1 2
github.com/FabianSchurig/bitbucket-cli/internal/tfprovider/resource.go:1028.2,1028.56 1 1
github.com/FabianSchurig/bitbucket-cli/internal/tfprovider/resource.go:1032.41,1034.61 1 0
github.com/FabianSchurig/bitbucket-cli/internal/tfprovider/resource.go:1034.61,1035.26 1 0
github.com/FabianSchurig/bitbucket-cli/internal/tfprovider/resource.go:1035.26,1037.4 1 0
github.com/FabianSchurig/bitbucket-cli/internal/tfprovider/resource.go:1039.2,1039.11 1 0
github.com/FabianSchurig/bitbucket-cli/internal/tfprovider/resource.go:1042.76,1044.43 2 0
github.com/FabianSchurig/bitbucket-cli/internal/tfprovider/resource.go:1044.43,1047.3 2 0
github.com/FabianSchurig/bitbucket-cli/internal/tfprovider/resource.go:1048.2,1048.41 1 0
github.com/FabianSchurig/bitbucket-cli/internal/tfprovider/resource.go:1048.41,1051.3 2 0
github.com/FabianSchurig/bitbucket-cli/internal/tfprovider/resource.go:1052.2,1052.30 1 0
github.com/FabianSchurig/bitbucket-cli/internal/tfprovider/resource.go:1052.30,1053.16 1 0
github.com/FabianSchurig/bitbucket-cli/internal/tfprovider/resource.go:1053.16,1054.12 1 0
github.com/FabianSchurig/bitbucket-cli/internal/tfprovider/resource.go:1056.3,1056.38 1 0
github.com/FabianSchurig/bitbucket-cli/internal/tfprovider/resource.go:1056.38,1058.4 1 0
github.com/FabianSchurig/bitbucket-cli/internal/tfprovider/resource.go:1060.2,1060.34 1 0
github.com/FabianSchurig/bitbucket-cli/internal/tfprovider/resource.go:1060.34,1062.3 1 0
github.com/FabianSchurig/bitbucket-cli/internal/tfprovider/resource.go:1063.2,1063.18 1 0
github.com/FabianSchurig/bitbucket-cli/internal/tfprovider/search.gen.go:9.13,11.2 1 1
github.com/FabianSchurig/bitbucket-cli/internal/tfprovider/snippets.gen.go:9.13,11.2 1 1
github.com/FabianSchurig/bitbucket-cli/internal/tfprovider/sub_resources.go:28.41,28.82 1 1
github.com/FabianSchurig/bitbucket-cli/internal/tfprovider/sub_resources.go:29.33,29.76 1 1
github.com/FabianSchurig/bitbucket-cli/internal/tfprovider/sub_resources.go:34.41,34.74 1 1
github.com/FabianSchurig/bitbucket-cli/internal/tfprovider/sub_resources.go:35.33,35.68 1 1
github.com/FabianSchurig/bitbucket-cli/internal/tfprovider/sub_resources.go:40.41,40.80 1 1
github.com/FabianSchurig/bitbucket-cli/internal/tfprovider/sub_resources.go:41.33,41.74 1 1
github.com/FabianSchurig/bitbucket-cli/internal/tfprovider/sub_resources.go:46.41,46.81 1 1
github.com/FabianSchurig/bitbucket-cli/internal/tfprovider/sub_resources.go:47.33,47.75 1 1
github.com/FabianSchurig/bitbucket-cli/internal/tfprovider/sub_resources.go:52.41,52.81 1 1
github.com/FabianSchurig/bitbucket-cli/internal/tfprovider/sub_resources.go:53.33,53.75 1 1
github.com/FabianSchurig/bitbucket-cli/internal/tfprovider/sub_resources.go:58.41,58.81 1 1
github.com/FabianSchurig/bitbucket-cli/internal/tfprovider/sub_resources.go:59.33,59.75 1 1
github.com/FabianSchurig/bitbucket-cli/internal/tfprovider/sub_resources.go:64.41,64.77 1 1
[...]
github.com/FabianSchurig/bitbucket-cli/scripts/internal/spec/body.go:257.2,257.32 1 1
github.com/FabianSchurig/bitbucket-cli/scripts/internal/spec/body.go:257.32,259.22 2 0
github.com/FabianSchurig/bitbucket-cli/scripts/internal/spec/body.go:259.22,261.18 2 0
github.com/FabianSchurig/bitbucket-cli/scripts/internal/spec/body.go:261.18,263.5 1 0
github.com/FabianSchurig/bitbucket-cli/scripts/internal/spec/body.go:264.4,268.6 1 0
github.com/FabianSchurig/bitbucket-cli/scripts/internal/spec/body.go:270.3,270.13 1 0
github.com/FabianSchurig/bitbucket-cli/scripts/internal/spec/body.go:273.2,277.13 4 1
github.com/FabianSchurig/bitbucket-cli/scripts/internal/spec/body.go:278.38,279.53 1 1
github.com/FabianSchurig/bitbucket-cli/scripts/internal/spec/body.go:280.16,281.62 1 0
github.com/FabianSchurig/bitbucket-cli/scripts/internal/spec/body.go:281.62,283.23 2 0
github.com/FabianSchurig/bitbucket-cli/scripts/internal/spec/body.go:283.23,284.19 1 0
github.com/FabianSchurig/bitbucket-cli/scripts/internal/spec/body.go:284.19,286.6 1 0
github.com/FabianSchurig/bitbucket-cli/scripts/internal/spec/body.go:287.5,291.7 1 0
github.com/FabianSchurig/bitbucket-cli/scripts/internal/spec/body.go:294.15,296.19 2 0
github.com/FabianSchurig/bitbucket-cli/scripts/internal/spec/body.go:296.19,301.30 3 0
github.com/FabianSchurig/bitbucket-cli/scripts/internal/spec/body.go:301.30,303.5 1 0
github.com/FabianSchurig/bitbucket-cli/scripts/internal/spec/body.go:306.4,306.45 1 0
github.com/FabianSchurig/bitbucket-cli/scripts/internal/spec/body.go:306.45,308.28 2 0
github.com/FabianSchurig/bitbucket-cli/scripts/internal/spec/body.go:308.28,309.20 1 0
github.com/FabianSchurig/bitbucket-cli/scripts/internal/spec/body.go:309.20,311.7 1 0
github.com/FabianSchurig/bitbucket-cli/scripts/internal/spec/body.go:312.6,321.8 1 0
github.com/FabianSchurig/bitbucket-cli/scripts/internal/spec/body.go:326.4,326.67 1 0
github.com/FabianSchurig/bitbucket-cli/scripts/internal/spec/body.go:326.67,327.65 1 0
github.com/FabianSchurig/bitbucket-cli/scripts/internal/spec/body.go:327.65,329.29 2 0
github.com/FabianSchurig/bitbucket-cli/scripts/internal/spec/body.go:329.29,330.21 1 0
github.com/FabianSchurig/bitbucket-cli/scripts/internal/spec/body.go:330.21,332.8 1 0
github.com/FabianSchurig/bitbucket-cli/scripts/internal/spec/body.go:333.7,342.9 1 0
github.com/FabianSchurig/bitbucket-cli/scripts/internal/spec/body.go:346.5,346.36 1 0
github.com/FabianSchurig/bitbucket-cli/scripts/internal/spec/body.go:346.36,348.29 2 0
github.com/FabianSchurig/bitbucket-cli/scripts/internal/spec/body.go:348.29,349.21 1 0
github.com/FabianSchurig/bitbucket-cli/scripts/internal/spec/body.go:349.21,351.8 1 0
github.com/FabianSchurig/bitbucket-cli/scripts/internal/spec/body.go:352.7,361.9 1 0
github.com/FabianSchurig/bitbucket-cli/scripts/internal/spec/body.go:367.4,367.117 1 0
github.com/FabianSchurig/bitbucket-cli/scripts/internal/spec/body.go:367.117,368.19 1 0
github.com/FabianSchurig/bitbucket-cli/scripts/internal/spec/body.go:368.19,370.6 1 0
github.com/FabianSchurig/bitbucket-cli/scripts/internal/spec/body.go:371.5,372.23 2 0
github.com/FabianSchurig/bitbucket-cli/scripts/internal/spec/body.go:372.23,374.6 1 0
github.com/FabianSchurig/bitbucket-cli/scripts/internal/spec/body.go:375.5,384.7 1 0
github.com/FabianSchurig/bitbucket-cli/scripts/internal/spec/body.go:388.3,388.17 1 0
github.com/FabianSchurig/bitbucket-cli/scripts/internal/spec/body.go:388.17,390.4 1 0
github.com/FabianSchurig/bitbucket-cli/scripts/internal/spec/body.go:391.3,391.74 1 0
github.com/FabianSchurig/bitbucket-cli/scripts/internal/spec/body.go:393.2,393.12 1 0
github.com/FabianSchurig/bitbucket-cli/scripts/internal/spec/body.go:396.154,397.27 1 1
github.com/FabianSchurig/bitbucket-cli/scripts/internal/spec/body.go:397.27,398.64 1 0
github.com/FabianSchurig/bitbucket-cli/scripts/internal/spec/body.go:398.64,400.18 2 0
github.com/FabianSchurig/bitbucket-cli/scripts/internal/spec/body.go:400.18,402.5 1 0
github.com/FabianSchurig/bitbucket-cli/scripts/internal/spec/body.go:403.4,407.6 1 0
github.com/FabianSchurig/bitbucket-cli/scripts/internal/spec/body.go:409.3,409.13 1 0
github.com/FabianSchurig/bitbucket-cli/scripts/internal/spec/body.go:411.2,415.106 4 1
github.com/FabianSchurig/bitbucket-cli/scripts/internal/spec/body.go:415.106,417.3 1 1
github.com/FabianSchurig/bitbucket-cli/scripts/internal/spec/body.go:418.2,418.22 1 1
github.com/FabianSchurig/bitbucket-cli/scripts/internal/spec/body.go:418.22,420.3 1 0
github.com/FabianSchurig/bitbucket-cli/scripts/internal/spec/body.go:421.2,422.16 2 1
github.com/FabianSchurig/bitbucket-cli/scripts/internal/spec/body.go:422.16,425.38 2 1
github.com/FabianSchurig/bitbucket-cli/scripts/internal/spec/body.go:425.38,426.41 1 1
github.com/FabianSchurig/bitbucket-cli/scripts/internal/spec/body.go:426.41,428.5 1 1
github.com/FabianSchurig/bitbucket-cli/scripts/internal/spec/body.go:431.2,431.16 1 1
github.com/FabianSchurig/bitbucket-cli/scripts/internal/spec/body.go:431.16,433.3 1 1
github.com/FabianSchurig/bitbucket-cli/scripts/internal/spec/body.go:434.2,438.4 1 1
github.com/FabianSchurig/bitbucket-cli/scripts/internal/spec/body.go:441.61,442.31 1 1
github.com/FabianSchurig/bitbucket-cli/scripts/internal/spec/body.go:442.31,443.25 1 1
github.com/FabianSchurig/bitbucket-cli/scripts/internal/spec/body.go:443.25,445.4 1 0
github.com/FabianSchurig/bitbucket-cli/scripts/internal/spec/body.go:447.2,447.14 1 1
github.com/FabianSchurig/bitbucket-cli/scripts/internal/spec/body.go:450.85,452.9 2 1
github.com/FabianSchurig/bitbucket-cli/scripts/internal/spec/body.go:452.9,454.3 1 0
github.com/FabianSchurig/bitbucket-cli/scripts/internal/spec/body.go:455.2,456.20 2 1
github.com/FabianSchurig/bitbucket-cli/scripts/internal/spec/body.go:456.20,458.3 1 0
github.com/FabianSchurig/bitbucket-cli/scripts/internal/spec/body.go:459.2,460.50 2 1
github.com/FabianSchurig/bitbucket-cli/scripts/internal/spec/body.go:463.119,465.16 2 1
github.com/FabianSchurig/bitbucket-cli/scripts/internal/spec/body.go:465.16,467.3 1 0
github.com/FabianSchurig/bitbucket-cli/scripts/internal/spec/body.go:468.2,472.9 4 1
github.com/FabianSchurig/bitbucket-cli/scripts/internal/spec/body.go:472.9,474.3 1 0
github.com/FabianSchurig/bitbucket-cli/scripts/internal/spec/body.go:475.2,476.9 2 1
github.com/FabianSchurig/bitbucket-cli/scripts/internal/spec/body.go:476.9,478.3 1 0
github.com/FabianSchurig/bitbucket-cli/scripts/internal/spec/body.go:479.2,479.60 1 1
github.com/FabianSchurig/bitbucket-cli/scripts/internal/spec/body.go:482.134,483.46 1 1
github.com/FabianSchurig/bitbucket-cli/scripts/internal/spec/body.go:483.46,484.49 1 1
github.com/FabianSchurig/bitbucket-cli/scripts/internal/spec/body.go:484.49,485.42 1 1
github.com/FabianSchurig/bitbucket-cli/scripts/internal/spec/body.go:485.42,486.49 1 1
github.com/FabianSchurig/bitbucket-cli/scripts/internal/spec/body.go:486.49,488.6 1 1
github.com/FabianSchurig/bitbucket-cli/scripts/internal/spec/body.go:492.2,493.9 2 0
github.com/FabianSchurig/bitbucket-cli/scripts/internal/spec/body.go:493.9,495.3 1 0
github.com/FabianSchurig/bitbucket-cli/scripts/internal/spec/body.go:496.2,497.30 2 0
github.com/FabianSchurig/bitbucket-cli/scripts/internal/spec/body.go:497.30,499.10 2 0
github.com/FabianSchurig/bitbucket-cli/scripts/internal/spec/body.go:499.10,500.12 1 0
github.com/FabianSchurig/bitbucket-cli/scripts/internal/spec/body.go:502.3,502.40 1 0
github.com/FabianSchurig/bitbucket-cli/scripts/internal/spec/body.go:502.40,503.81 1 0
github.com/FabianSchurig/bitbucket-cli/scripts/internal/spec/body.go:503.81,505.5 1 0
github.com/FabianSchurig/bitbucket-cli/scripts/internal/spec/body.go:506.4,506.12 1 0
github.com/FabianSchurig/bitbucket-cli/scripts/internal/spec/body.go:508.3,508.75 1 0
github.com/FabianSchurig/bitbucket-cli/scripts/internal/spec/body.go:508.75,510.4 1 0
github.com/FabianSchurig/bitbucket-cli/scripts/internal/spec/body.go:512.2,512.19 1 0
github.com/FabianSchurig/bitbucket-cli/scripts/internal/spec/body.go:518.64,519.15 1 0
github.com/FabianSchurig/bitbucket-cli/scripts/internal/spec/body.go:519.15,521.3 1 0
github.com/FabianSchurig/bitbucket-cli/scripts/internal/spec/body.go:522.2,522.46 1 0
github.com/FabianSchurig/bitbucket-cli/scripts/internal/spec/body.go:522.46,524.10 2 0
github.com/FabianSchurig/bitbucket-cli/scripts/internal/spec/body.go:524.10,525.12 1 0
github.com/FabianSchurig/bitbucket-cli/scripts/internal/spec/body.go:527.3,527.35 1 0
github.com/FabianSchurig/bitbucket-cli/scripts/internal/spec/body.go:527.35,529.17 2 0
github.com/FabianSchurig/bitbucket-cli/scripts/internal/spec/body.go:529.17,530.13 1 0
github.com/FabianSchurig/bitbucket-cli/scripts/internal/spec/body.go:533.4,534.99 2 0
github.com/FabianSchurig/bitbucket-cli/scripts/internal/spec/body.go:534.99,535.76 1 0
github.com/FabianSchurig/bitbucket-cli/scripts/internal/spec/body.go:535.76,537.6 1 0
github.com/FabianSchurig/bitbucket-cli/scripts/internal/spec/body.go:539.4,539.14 1 0
github.com/FabianSchurig/bitbucket-cli/scripts/internal/spec/body.go:542.2,542.11 1 0
github.com/FabianSchurig/bitbucket-cli/scripts/internal/spec/body.go:547.80,549.9 2 0
github.com/FabianSchurig/bitbucket-cli/scripts/internal/spec/body.go:549.9,551.3 1 0
github.com/FabianSchurig/bitbucket-cli/scripts/internal/spec/body.go:552.2,553.9 2 0
github.com/FabianSchurig/bitbucket-cli/scripts/internal/spec/body.go:553.9,555.3 1 0
github.com/FabianSchurig/bitbucket-cli/scripts/internal/spec/body.go:556.2,557.9 2 0
github.com/FabianSchurig/bitbucket-cli/scripts/internal/spec/body.go:557.9,559.3 1 0
github.com/FabianSchurig/bitbucket-cli/scripts/internal/spec/body.go:560.2,561.9 2 0
github.com/FabianSchurig/bitbucket-cli/scripts/internal/spec/body.go:561.9,563.3 1 0
github.com/FabianSchurig/bitbucket-cli/scripts/internal/spec/body.go:564.2,565.9 2 0
github.com/FabianSchurig/bitbucket-cli/scripts/internal/spec/body.go:565.9,567.3 1 0
github.com/FabianSchurig/bitbucket-cli/scripts/internal/spec/body.go:568.2,569.12 2 0
github.com/FabianSchurig/bitbucket-cli/scripts/internal/spec/body.go:572.64,574.9 2 1
github.com/FabianSchurig/bitbucket-cli/scripts/internal/spec/body.go:574.9,576.3 1 1
github.com/FabianSchurig/bitbucket-cli/scripts/internal/spec/body.go:577.2,578.9 2 0
github.com/FabianSchurig/bitbucket-cli/scripts/internal/spec/body.go:578.9,580.3 1 0
github.com/FabianSchurig/bitbucket-cli/scripts/internal/spec/body.go:581.2,582.28 2 0
github.com/FabianSchurig/bitbucket-cli/scripts/internal/spec/body.go:582.28,584.3 1 0
github.com/FabianSchurig/bitbucket-cli/scripts/internal/spec/body.go:585.2,585.16 1 0
github.com/FabianSchurig/bitbucket-cli/scripts/internal/spec/body.go:585.16,587.3 1 0
github.com/FabianSchurig/bitbucket-cli/scripts/internal/spec/body.go:588.2,588.52 1 0
github.com/FabianSchurig/bitbucket-cli/scripts/internal/spec/helpers.go:19.31,22.26 3 3
github.com/FabianSchurig/bitbucket-cli/scripts/internal/spec/helpers.go:22.26,23.18 1 3
github.com/FabianSchurig/bitbucket-cli/scripts/internal/spec/helpers.go:23.18,24.12 1 0
github.com/FabianSchurig/bitbucket-cli/scripts/internal/spec/helpers.go:26.3,28.31 3 3
github.com/FabianSchurig/bitbucket-cli/scripts/internal/spec/helpers.go:30.2,30.19 1 3
github.com/FabianSchurig/bitbucket-cli/scripts/internal/spec/helpers.go:43.32,45.18 2 0
github.com/FabianSchurig/bitbucket-cli/scripts/internal/spec/helpers.go:45.18,47.3 1 0
github.com/FabianSchurig/bitbucket-cli/scripts/internal/spec/helpers.go:48.2,51.27 4 0
github.com/FabianSchurig/bitbucket-cli/scripts/internal/spec/helpers.go:51.27,53.3 1 0
github.com/FabianSchurig/bitbucket-cli/scripts/internal/spec/helpers.go:54.2,54.13 1 0
github.com/FabianSchurig/bitbucket-cli/scripts/internal/spec/helpers.go:58.32,60.2 1 0
github.com/FabianSchurig/bitbucket-cli/scripts/internal/spec/helpers.go:63.30,64.11 1 2
github.com/FabianSchurig/bitbucket-cli/scripts/internal/spec/helpers.go:65.17,66.15 1 1
github.com/FabianSchurig/bitbucket-cli/scripts/internal/spec/helpers.go:67.17,68.16 1 0
github.com/FabianSchurig/bitbucket-cli/scripts/internal/spec/helpers.go:69.10,70.18 1 1
github.com/FabianSchurig/bitbucket-cli/scripts/internal/spec/helpers.go:75.36,76.11 1 2
github.com/FabianSchurig/bitbucket-cli/scripts/internal/spec/helpers.go:77.13,78.13 1 1
github.com/FabianSchurig/bitbucket-cli/scripts/internal/spec/helpers.go:79.14,80.17 1 0
github.com/FabianSchurig/bitbucket-cli/scripts/internal/spec/helpers.go:81.10,82.14 1 1
github.com/FabianSchurig/bitbucket-cli/scripts/internal/spec/helpers.go:87.35,88.31 1 0
github.com/FabianSchurig/bitbucket-cli/scripts/internal/spec/helpers.go:88.31,90.3 1 0
github.com/FabianSchurig/bitbucket-cli/scripts/internal/spec/helpers.go:91.2,91.25 1 0
github.com/FabianSchurig/bitbucket-cli/scripts/internal/spec/helpers.go:95.31,96.46 1 0
github.com/FabianSchurig/bitbucket-cli/scripts/internal/spec/helpers.go:96.46,98.10 2 0
github.com/FabianSchurig/bitbucket-cli/scripts/internal/spec/helpers.go:98.10,99.12 1 0
github.com/FabianSchurig/bitbucket-cli/scripts/internal/spec/helpers.go:101.3,101.35 1 0
github.com/FabianSchurig/bitbucket-cli/scripts/internal/spec/helpers.go:101.35,103.91 2 0
github.com/FabianSchurig/bitbucket-cli/scripts/internal/spec/helpers.go:103.91,105.5 1 0
github.com/FabianSchurig/bitbucket-cli/scripts/internal/spec/helpers.go:108.2,108.14 1 0
github.com/FabianSchurig/bitbucket-cli/scripts/internal/spec/helpers.go:112.41,115.2 2 0
github.com/FabianSchurig/bitbucket-cli/scripts/internal/spec/helpers.go:118.45,119.15 1 0
github.com/FabianSchurig/bitbucket-cli/scripts/internal/spec/helpers.go:119.15,121.3 1 0
github.com/FabianSchurig/bitbucket-cli/scripts/internal/spec/helpers.go:122.2,122.32 1 0
github.com/FabianSchurig/bitbucket-cli/scripts/internal/spec/helpers.go:122.32,123.26 1 0
github.com/FabianSchurig/bitbucket-cli/scripts/internal/spec/helpers.go:123.26,125.4 1 0
github.com/FabianSchurig/bitbucket-cli/scripts/internal/spec/helpers.go:127.2,127.11 1 0
github.com/FabianSchurig/bitbucket-cli/scripts/internal/spec/helpers.go:140.55,142.27 2 0
github.com/FabianSchurig/bitbucket-cli/scripts/internal/spec/helpers.go:142.27,149.3 1 0
github.com/FabianSchurig/bitbucket-cli/scripts/internal/spec/helpers.go:150.2,150.13 1 0
github.com/FabianSchurig/bitbucket-cli/scripts/internal/spec/helpers.go:154.59,155.37 1 0
github.com/FabianSchurig/bitbucket-cli/scripts/internal/spec/helpers.go:155.37,156.28 1 0
github.com/FabianSchurig/bitbucket-cli/scripts/internal/spec/helpers.go:156.28,157.22 1 0
github.com/FabianSchurig/bitbucket-cli/scripts/internal/spec/helpers.go:157.22,159.5 1 0
github.com/FabianSchurig/bitbucket-cli/scripts/internal/spec/helpers.go:161.3,161.15 1 0
github.com/FabianSchurig/bitbucket-cli/scripts/internal/spec/helpers.go:164.2,166.23 3 0
github.com/FabianSchurig/bitbucket-cli/scripts/internal/spec/helpers.go:166.23,173.3 1 0
github.com/FabianSchurig/bitbucket-cli/scripts/internal/spec/helpers.go:174.2,174.26 1 0
github.com/FabianSchurig/bitbucket-cli/scripts/internal/spec/helpers.go:174.26,181.3 1 0
github.com/FabianSchurig/bitbucket-cli/scripts/internal/spec/helpers.go:182.2,182.15 1 0
github.com/FabianSchurig/bitbucket-cli/scripts/internal/spec/helpers.go:204.80,211.55 6 0
github.com/FabianSchurig/bitbucket-cli/scripts/internal/spec/helpers.go:211.55,214.46 3 0
github.com/FabianSchurig/bitbucket-cli/scripts/internal/spec/helpers.go:214.46,216.4 1 0
github.com/FabianSchurig/bitbucket-cli/scripts/internal/spec/helpers.go:220.2,221.38 2 0
github.com/FabianSchurig/bitbucket-cli/scripts/internal/spec/helpers.go:221.38,223.20 2 0
github.com/FabianSchurig/bitbucket-cli/scripts/internal/spec/helpers.go:223.20,226.51 3 0
github.com/FabianSchurig/bitbucket-cli/scripts/internal/spec/helpers.go:226.51,228.5 1 0
github.com/FabianSchurig/bitbucket-cli/scripts/internal/spec/helpers.go:232.2,233.15 2 0
github.com/FabianSchurig/bitbucket-cli/scripts/internal/spec/helpers.go:233.15,235.3 1 0
github.com/FabianSchurig/bitbucket-cli/scripts/internal/spec/helpers.go:237.2,250.3 1 0
github.com/FabianSchurig/bitbucket-cli/scripts/internal/spec/helpers.go:254.53,256.53 2 0
github.com/FabianSchurig/bitbucket-cli/scripts/internal/spec/helpers.go:256.53,257.48 1 0
github.com/FabianSchurig/bitbucket-cli/scripts/internal/spec/helpers.go:257.48,258.53 1 0
github.com/FabianSchurig/bitbucket-cli/scripts/internal/spec/helpers.go:258.53,259.13 1 0
github.com/FabianSchurig/bitbucket-cli/scripts/internal/spec/helpers.go:261.4,261.56 1 0
github.com/FabianSchurig/bitbucket-cli/scripts/internal/spec/helpers.go:264.2,264.12 1 0
github.com/FabianSchurig/bitbucket-cli/scripts/internal/spec/helpers.go:268.39,269.18 1 0
github.com/FabianSchurig/bitbucket-cli/scripts/internal/spec/helpers.go:269.18,271.3 1 0
github.com/FabianSchurig/bitbucket-cli/scripts/internal/spec/helpers.go:272.2,272.55 1 0
github.com/FabianSchurig/bitbucket-cli/scripts/internal/spec/helpers.go:277.37,278.40 1 0
github.com/FabianSchurig/bitbucket-cli/scripts/internal/spec/helpers.go:278.40,279.56 1 0
github.com/FabianSchurig/bitbucket-cli/scripts/internal/spec/helpers.go:279.56,281.4 1 0
github.com/FabianSchurig/bitbucket-cli/scripts/internal/spec/helpers.go:283.2,283.12 1 0
github.com/FabianSchurig/bitbucket-cli/scripts/internal/spec/helpers.go:289.61,290.20 1 0
github.com/FabianSchurig/bitbucket-cli/scripts/internal/spec/helpers.go:290.20,292.3 1 0
github.com/FabianSchurig/bitbucket-cli/scripts/internal/spec/helpers.go:294.2,306.42 8 0
github.com/FabianSchurig/bitbucket-cli/scripts/internal/spec/schema.go:98.47,100.16 2 0
github.com/FabianSchurig/bitbucket-cli/scripts/internal/spec/schema.go:100.16,102.3 1 0
github.com/FabianSchurig/bitbucket-cli/scripts/internal/spec/schema.go:103.2,104.53 2 0
github.com/FabianSchurig/bitbucket-cli/scripts/internal/spec/schema.go:104.53,106.3 1 0
github.com/FabianSchurig/bitbucket-cli/scripts/internal/spec/schema.go:107.2,107.21 1 0
github.com/FabianSchurig/bitbucket-cli/scripts/internal/spec/schema.go:119.63,121.27 2 0
github.com/FabianSchurig/bitbucket-cli/scripts/internal/spec/schema.go:121.27,123.3 1 0
github.com/FabianSchurig/bitbucket-cli/scripts/internal/spec/schema.go:124.2,124.42 1 0
github.com/FabianSchurig/bitbucket-cli/scripts/internal/spec/schema.go:124.42,126.3 1 0
github.com/FabianSchurig/bitbucket-cli/scripts/internal/spec/schema.go:127.2,127.16 1 0
github.com/FabianSchurig/bitbucket-cli/scripts/internal/spec/schema.go:137.40,145.2 1 0
github.com/FabianSchurig/bitbucket-cli/scripts/internal/spec/schema.go:149.64,151.29 2 0
github.com/FabianSchurig/bitbucket-cli/scripts/internal/spec/schema.go:151.29,153.3 1 0
github.com/FabianSchurig/bitbucket-cli/scripts/internal/spec/schema.go:154.2,155.31 2 0
github.com/FabianSchurig/bitbucket-cli/scripts/internal/spec/schema.go:155.31,156.28 1 0
github.com/FabianSchurig/bitbucket-cli/scripts/internal/spec/schema.go:156.28,158.4 1 0
github.com/FabianSchurig/bitbucket-cli/scripts/internal/spec/schema.go:160.2,160.36 1 0
github.com/FabianSchurig/bitbucket-cli/scripts/internal/spec/schema.go:165.71,171.16 5 0
github.com/FabianSchurig/bitbucket-cli/scripts/internal/spec/schema.go:171.16,173.3 1 0
github.com/FabianSchurig/bitbucket-cli/scripts/internal/spec/schema.go:174.2,174.15 1 0
github.com/FabianSchurig/bitbucket-cli/scripts/internal/spec/schema.go:174.15,176.3 1 0
github.com/FabianSchurig/bitbucket-cli/scripts/internal/spec/schema.go:177.2,177.17 1 0
github.com/FabianSchurig/bitbucket-cli/scripts/internal/spec/schema.go:177.17,179.3 1 0
github.com/FabianSchurig/bitbucket-cli/scripts/internal/spec/schema.go:180.2,180.16 1 0
github.com/FabianSchurig/bitbucket-cli/scripts/internal/spec/schema.go:180.16,182.3 1 0
github.com/FabianSchurig/bitbucket-cli/scripts/internal/spec/schema.go:183.2,183.8 1 0
github.com/FabianSchurig/bitbucket-cli/scripts/internal/spec/schema.go:188.50,192.17 4 0
github.com/FabianSchurig/bitbucket-cli/scripts/internal/spec/schema.go:192.17,194.3 1 0
github.com/FabianSchurig/bitbucket-cli/scripts/internal/spec/schema.go:195.2,195.14 1 0
